
===========================================================================
report_checks -unconstrained
===========================================================================
======================= nom_ss_100C_1v60 Corner ===================================

Startpoint: _4110_ (rising edge-triggered flip-flop clocked by core_clock)
Endpoint: _4124_ (rising edge-triggered flip-flop clocked by core_clock)
Path Group: core_clock
Path Type: max

Fanout         Cap        Slew       Delay        Time   Description
---------------------------------------------------------------------------------------------
                      0.000000    0.000000    0.000000   clock core_clock (rise edge)
                                  0.000000    0.000000   clock network delay (ideal)
                      0.000000    0.000000    0.000000 ^ _4110_/CLK (sky130_fd_sc_hd__dfrtp_2)
     9    0.035887    0.218135    0.934370    0.934370 v _4110_/Q (sky130_fd_sc_hd__dfrtp_2)
                                                         delta_0[1] (net)
                      0.218135    0.000000    0.934370 v _2395_/A (sky130_fd_sc_hd__xor2_2)
     2    0.010993    0.282712    0.388083    1.322453 ^ _2395_/X (sky130_fd_sc_hd__xor2_2)
                                                         _1973_ (net)
                      0.282712    0.000000    1.322453 ^ _2396_/A3 (sky130_fd_sc_hd__a31o_2)
     3    0.014330    0.164632    0.479635    1.802088 ^ _2396_/X (sky130_fd_sc_hd__a31o_2)
                                                         _1974_ (net)
                      0.164632    0.000000    1.802088 ^ _2400_/B1 (sky130_fd_sc_hd__a221o_2)
     3    0.008520    0.115099    0.354566    2.156654 ^ _2400_/X (sky130_fd_sc_hd__a221o_2)
                                                         _1978_ (net)
                      0.115099    0.000000    2.156654 ^ _2404_/C_N (sky130_fd_sc_hd__or4bb_2)
     3    0.008938    0.258185    1.517498    3.674152 v _2404_/X (sky130_fd_sc_hd__or4bb_2)
                                                         _1982_ (net)
                      0.258185    0.000000    3.674152 v _2419_/A1 (sky130_fd_sc_hd__a211o_2)
     4    0.013059    0.136894    0.705959    4.380111 v _2419_/X (sky130_fd_sc_hd__a211o_2)
                                                         _1997_ (net)
                      0.136894    0.000000    4.380111 v _2425_/A2 (sky130_fd_sc_hd__o211a_2)
     3    0.005901    0.087773    0.493777    4.873887 v _2425_/X (sky130_fd_sc_hd__o211a_2)
                                                         _2003_ (net)
                      0.087773    0.000000    4.873887 v _2434_/A1 (sky130_fd_sc_hd__o311a_2)
     2    0.006370    0.116144    0.775581    5.649468 v _2434_/X (sky130_fd_sc_hd__o311a_2)
                                                         _2012_ (net)
                      0.116144    0.000000    5.649468 v _2437_/A3 (sky130_fd_sc_hd__o31a_2)
     1    0.008431    0.118245    0.604286    6.253755 v _2437_/X (sky130_fd_sc_hd__o31a_2)
                                                         _2015_ (net)
                      0.118245    0.000000    6.253755 v _2439_/A (sky130_fd_sc_hd__xnor2_2)
     3    0.005033    0.102538    0.259273    6.513027 v _2439_/Y (sky130_fd_sc_hd__xnor2_2)
                                                         _2017_ (net)
                      0.102538    0.000000    6.513027 v _2507_/A_N (sky130_fd_sc_hd__nand3b_2)
     6    0.018170    0.296661    0.582725    7.095752 v _2507_/Y (sky130_fd_sc_hd__nand3b_2)
                                                         _0162_ (net)
                      0.296661    0.000000    7.095752 v _2514_/B (sky130_fd_sc_hd__and4b_2)
     3    0.006901    0.100693    0.574281    7.670033 v _2514_/X (sky130_fd_sc_hd__and4b_2)
                                                         _0169_ (net)
                      0.100693    0.000000    7.670033 v _2612_/A1 (sky130_fd_sc_hd__a211o_2)
     4    0.009276    0.118465    0.617556    8.287589 v _2612_/X (sky130_fd_sc_hd__a211o_2)
                                                         _0267_ (net)
                      0.118465    0.000000    8.287589 v _2614_/B (sky130_fd_sc_hd__nand2_2)
    17    0.051682    0.435289    0.387121    8.674709 ^ _2614_/Y (sky130_fd_sc_hd__nand2_2)
                                                         _0269_ (net)
                      0.435289    0.000000    8.674709 ^ _2650_/S (sky130_fd_sc_hd__mux2_1)
     3    0.010600    0.187405    0.911763    9.586473 v _2650_/X (sky130_fd_sc_hd__mux2_1)
                                                         _0305_ (net)
                      0.187405    0.000000    9.586473 v _2654_/A2 (sky130_fd_sc_hd__a22oi_2)
     2    0.006050    0.243466    0.366613    9.953086 ^ _2654_/Y (sky130_fd_sc_hd__a22oi_2)
                                                         _0309_ (net)
                      0.243466    0.000000    9.953086 ^ _2656_/B1 (sky130_fd_sc_hd__o2111ai_2)
     2    0.003549    0.189776    0.313574   10.266660 v _2656_/Y (sky130_fd_sc_hd__o2111ai_2)
                                                         _0311_ (net)
                      0.189776    0.000000   10.266660 v _2673_/A (sky130_fd_sc_hd__or4_2)
     1    0.002285    0.209355    1.571949   11.838609 v _2673_/X (sky130_fd_sc_hd__or4_2)
                                                         _0328_ (net)
                      0.209355    0.000000   11.838609 v _2678_/A2 (sky130_fd_sc_hd__o21a_2)
     4    0.013736    0.110933    0.476376   12.314985 v _2678_/X (sky130_fd_sc_hd__o21a_2)
                                                         _0333_ (net)
                      0.110933    0.000000   12.314985 v _2680_/A2 (sky130_fd_sc_hd__o21ai_2)
    30    0.092030    1.650777    1.311172   13.626158 ^ _2680_/Y (sky130_fd_sc_hd__o21ai_2)
                                                         _0335_ (net)
                      1.650777    0.000000   13.626158 ^ _2763_/S (sky130_fd_sc_hd__mux2_1)
     1    0.001763    0.101272    1.014611   14.640769 v _2763_/X (sky130_fd_sc_hd__mux2_1)
                                                         _0411_ (net)
                      0.101272    0.000000   14.640769 v _2764_/A1 (sky130_fd_sc_hd__mux2_1)
     3    0.014655    0.223696    0.804354   15.445123 v _2764_/X (sky130_fd_sc_hd__mux2_1)
                                                         _0412_ (net)
                      0.223696    0.000000   15.445123 v _2765_/B (sky130_fd_sc_hd__xnor2_2)
     3    0.013829    0.176041    0.363313   15.808435 v _2765_/Y (sky130_fd_sc_hd__xnor2_2)
                                                         _0413_ (net)
                      0.176041    0.000000   15.808435 v _2777_/B (sky130_fd_sc_hd__or2_2)
     1    0.002329    0.108631    0.649033   16.457468 v _2777_/X (sky130_fd_sc_hd__or2_2)
                                                         _0424_ (net)
                      0.108631    0.000000   16.457468 v _2779_/C1 (sky130_fd_sc_hd__a2111o_2)
     3    0.008938    0.148050    0.840677   17.298145 v _2779_/X (sky130_fd_sc_hd__a2111o_2)
                                                         _0426_ (net)
                      0.148050    0.000000   17.298145 v _2833_/A1 (sky130_fd_sc_hd__a211o_2)
     2    0.003665    0.087949    0.592992   17.891138 v _2833_/X (sky130_fd_sc_hd__a211o_2)
                                                         _0476_ (net)
                      0.087949    0.000000   17.891138 v _2859_/A1 (sky130_fd_sc_hd__a211o_2)
     2    0.003715    0.088251    0.568695   18.459833 v _2859_/X (sky130_fd_sc_hd__a211o_2)
                                                         _0500_ (net)
                      0.088251    0.000000   18.459833 v _2862_/A2 (sky130_fd_sc_hd__a31o_2)
     2    0.006094    0.081243    0.445560   18.905394 v _2862_/X (sky130_fd_sc_hd__a31o_2)
                                                         _0503_ (net)
                      0.081243    0.000000   18.905394 v _2871_/B (sky130_fd_sc_hd__and3_2)
     1    0.002239    0.069384    0.397485   19.302877 v _2871_/X (sky130_fd_sc_hd__and3_2)
                                                         _0511_ (net)
                      0.069384    0.000000   19.302877 v _2873_/A2 (sky130_fd_sc_hd__o31a_2)
     1    0.001838    0.083000    0.600004   19.902882 v _2873_/X (sky130_fd_sc_hd__o31a_2)
                                                         _0044_ (net)
                      0.083000    0.000000   19.902882 v _4124_/D (sky130_fd_sc_hd__dfrtp_2)
                                             19.902882   data arrival time

                      0.000000   50.000000   50.000000   clock core_clock (rise edge)
                                  0.000000   50.000000   clock network delay (ideal)
                                  0.000000   50.000000   clock reconvergence pessimism
                                             50.000000 ^ _4124_/CLK (sky130_fd_sc_hd__dfrtp_2)
                                 -0.300702   49.699295   library setup time
                                             49.699295   data required time
---------------------------------------------------------------------------------------------
                                             49.699295   data required time
                                            -19.902882   data arrival time
---------------------------------------------------------------------------------------------
                                             29.796415   slack (MET)




===========================================================================
report_checks --slack_max -0.01
============================================================================
======================= nom_ss_100C_1v60 Corner ===================================

No paths found.


===========================================================================
 report_check_types -max_slew -max_cap -max_fanout -violators
============================================================================
======================= nom_ss_100C_1v60 Corner ===================================

max slew

Pin                                        Limit        Slew       Slack
------------------------------------------------------------------------
_4082_/Q                                1.499801    2.061944   -0.562143 (VIOLATED)
_2040_/A                                1.500000    2.061944   -0.561944 (VIOLATED)
_2094_/A                                1.500000    2.061944   -0.561944 (VIOLATED)
_2174_/A1                               1.500000    2.061944   -0.561944 (VIOLATED)
_2176_/B1                               1.500000    2.061944   -0.561944 (VIOLATED)
_2192_/B1                               1.500000    2.061944   -0.561944 (VIOLATED)
_2207_/B1                               1.500000    2.061944   -0.561944 (VIOLATED)
_2223_/B1                               1.500000    2.061944   -0.561944 (VIOLATED)
_2237_/B1                               1.500000    2.061944   -0.561944 (VIOLATED)
_2269_/B1                               1.500000    2.061944   -0.561944 (VIOLATED)
_2283_/A1                               1.500000    2.061944   -0.561944 (VIOLATED)
_2284_/S                                1.500000    2.061944   -0.561944 (VIOLATED)
_2289_/A                                1.500000    2.061944   -0.561944 (VIOLATED)
_2292_/A1                               1.500000    2.061944   -0.561944 (VIOLATED)
_2293_/A                                1.500000    2.061944   -0.561944 (VIOLATED)
_2304_/A1                               1.500000    2.061944   -0.561944 (VIOLATED)
_2682_/S                                1.500000    2.061944   -0.561944 (VIOLATED)
_2689_/A                                1.500000    2.061944   -0.561944 (VIOLATED)
_2691_/C1                               1.500000    2.061944   -0.561944 (VIOLATED)
_2699_/A                                1.500000    2.061944   -0.561944 (VIOLATED)
_2702_/A1                               1.500000    2.061944   -0.561944 (VIOLATED)
_2713_/A                                1.500000    2.061944   -0.561944 (VIOLATED)
_2716_/A1                               1.500000    2.061944   -0.561944 (VIOLATED)
_2728_/B1                               1.500000    2.061944   -0.561944 (VIOLATED)
_2729_/A1                               1.500000    2.061944   -0.561944 (VIOLATED)
_2738_/A                                1.500000    2.061944   -0.561944 (VIOLATED)
_2741_/A1                               1.500000    2.061944   -0.561944 (VIOLATED)
_2749_/B1                               1.500000    2.061944   -0.561944 (VIOLATED)
_2750_/A1                               1.500000    2.061944   -0.561944 (VIOLATED)
_2764_/S                                1.500000    2.061944   -0.561944 (VIOLATED)
_2773_/A1                               1.500000    2.061944   -0.561944 (VIOLATED)
_2787_/A                                1.500000    2.061944   -0.561944 (VIOLATED)
_2790_/A1                               1.500000    2.061944   -0.561944 (VIOLATED)
_2798_/S                                1.500000    2.061944   -0.561944 (VIOLATED)
_2813_/A                                1.500000    2.061944   -0.561944 (VIOLATED)
_2816_/A1                               1.500000    2.061944   -0.561944 (VIOLATED)
_2828_/A1                               1.500000    2.061944   -0.561944 (VIOLATED)
_2843_/A1                               1.500000    2.061944   -0.561944 (VIOLATED)
_2853_/A                                1.500000    2.061944   -0.561944 (VIOLATED)
_2855_/A1                               1.500000    2.061944   -0.561944 (VIOLATED)
_2869_/S                                1.500000    2.061944   -0.561944 (VIOLATED)
_3277_/B1                               1.500000    2.061944   -0.561944 (VIOLATED)
_3278_/A1                               1.500000    2.061944   -0.561944 (VIOLATED)
_3285_/A                                1.500000    2.061944   -0.561944 (VIOLATED)
_3287_/C1                               1.500000    2.061944   -0.561944 (VIOLATED)
_3295_/A                                1.500000    2.061944   -0.561944 (VIOLATED)
_3298_/A                                1.500000    2.061944   -0.561944 (VIOLATED)
_3299_/A1                               1.500000    2.061944   -0.561944 (VIOLATED)
_3307_/A                                1.500000    2.061944   -0.561944 (VIOLATED)
_3309_/C1                               1.500000    2.061944   -0.561944 (VIOLATED)
_3321_/A1                               1.500000    2.061944   -0.561944 (VIOLATED)
_3329_/A                                1.500000    2.061944   -0.561944 (VIOLATED)
_3343_/S                                1.500000    2.061944   -0.561944 (VIOLATED)
_3357_/A1                               1.500000    2.061944   -0.561944 (VIOLATED)
_3369_/S                                1.500000    2.061944   -0.561944 (VIOLATED)
_3381_/S                                1.500000    2.061944   -0.561944 (VIOLATED)
_3393_/S                                1.500000    2.061944   -0.561944 (VIOLATED)
_3405_/B1                               1.500000    2.061944   -0.561944 (VIOLATED)
_3406_/A1_N                             1.500000    2.061944   -0.561944 (VIOLATED)
_3415_/A                                1.500000    2.061944   -0.561944 (VIOLATED)
_3417_/C1                               1.500000    2.061944   -0.561944 (VIOLATED)
_3432_/A1                               1.500000    2.061944   -0.561944 (VIOLATED)
_3441_/A                                1.500000    2.061944   -0.561944 (VIOLATED)
_3443_/C1                               1.500000    2.061944   -0.561944 (VIOLATED)
_3465_/A                                1.500000    2.061944   -0.561944 (VIOLATED)
_3842_/A                                1.500000    2.061944   -0.561944 (VIOLATED)
_3843_/B1                               1.500000    2.061944   -0.561944 (VIOLATED)
_3854_/A                                1.500000    2.061944   -0.561944 (VIOLATED)
_3856_/A1                               1.500000    2.061944   -0.561944 (VIOLATED)
_3857_/A1                               1.500000    2.061944   -0.561944 (VIOLATED)
_3863_/A                                1.500000    2.061944   -0.561944 (VIOLATED)
_3874_/A                                1.500000    2.061944   -0.561944 (VIOLATED)
_3876_/A1                               1.500000    2.061944   -0.561944 (VIOLATED)
_3877_/A1                               1.500000    2.061944   -0.561944 (VIOLATED)
_3886_/A                                1.500000    2.061944   -0.561944 (VIOLATED)
_3887_/B1                               1.500000    2.061944   -0.561944 (VIOLATED)
_3899_/A                                1.500000    2.061944   -0.561944 (VIOLATED)
_3901_/A1                               1.500000    2.061944   -0.561944 (VIOLATED)
_3902_/A1                               1.500000    2.061944   -0.561944 (VIOLATED)
_3913_/B1                               1.500000    2.061944   -0.561944 (VIOLATED)
_3914_/A1_N                             1.500000    2.061944   -0.561944 (VIOLATED)
_3923_/A                                1.500000    2.061944   -0.561944 (VIOLATED)
_3939_/B1                               1.500000    2.061944   -0.561944 (VIOLATED)
_3940_/A1_N                             1.500000    2.061944   -0.561944 (VIOLATED)
_3950_/S                                1.500000    2.061944   -0.561944 (VIOLATED)
_3962_/S                                1.500000    2.061944   -0.561944 (VIOLATED)
_3970_/S                                1.500000    2.061944   -0.561944 (VIOLATED)
_3987_/S                                1.500000    2.061944   -0.561944 (VIOLATED)
_3999_/A1                               1.500000    2.061944   -0.561944 (VIOLATED)
_4012_/A1                               1.500000    2.061944   -0.561944 (VIOLATED)
_2680_/Y                                1.498826    1.650777   -0.151951 (VIOLATED)
_2681_/S                                1.500000    1.650777   -0.150777 (VIOLATED)
_2700_/B                                1.500000    1.650777   -0.150777 (VIOLATED)
_2701_/B                                1.500000    1.650777   -0.150777 (VIOLATED)
_2714_/B                                1.500000    1.650777   -0.150777 (VIOLATED)
_2715_/B                                1.500000    1.650777   -0.150777 (VIOLATED)
_2727_/B                                1.500000    1.650777   -0.150777 (VIOLATED)
_2728_/A2                               1.500000    1.650777   -0.150777 (VIOLATED)
_2739_/B                                1.500000    1.650777   -0.150777 (VIOLATED)
_2740_/B                                1.500000    1.650777   -0.150777 (VIOLATED)
_2748_/B                                1.500000    1.650777   -0.150777 (VIOLATED)
_2749_/A2                               1.500000    1.650777   -0.150777 (VIOLATED)
_2763_/S                                1.500000    1.650777   -0.150777 (VIOLATED)
_2771_/B                                1.500000    1.650777   -0.150777 (VIOLATED)
_2772_/A2                               1.500000    1.650777   -0.150777 (VIOLATED)
_2788_/B                                1.500000    1.650777   -0.150777 (VIOLATED)
_2789_/B                                1.500000    1.650777   -0.150777 (VIOLATED)
_2797_/S                                1.500000    1.650777   -0.150777 (VIOLATED)
_2814_/B                                1.500000    1.650777   -0.150777 (VIOLATED)
_2815_/B                                1.500000    1.650777   -0.150777 (VIOLATED)
_2826_/B                                1.500000    1.650777   -0.150777 (VIOLATED)
_2827_/A2                               1.500000    1.650777   -0.150777 (VIOLATED)
_2841_/B                                1.500000    1.650777   -0.150777 (VIOLATED)
_2842_/A2                               1.500000    1.650777   -0.150777 (VIOLATED)
_2854_/S                                1.500000    1.650777   -0.150777 (VIOLATED)
_4020_/A2                               1.500000    1.650777   -0.150777 (VIOLATED)
_4030_/A2                               1.500000    1.650777   -0.150777 (VIOLATED)
_4039_/A2                               1.500000    1.650777   -0.150777 (VIOLATED)
_4049_/A2                               1.500000    1.650777   -0.150777 (VIOLATED)
_4058_/A2                               1.500000    1.650777   -0.150777 (VIOLATED)
_4067_/A2                               1.500000    1.650777   -0.150777 (VIOLATED)

max capacitance

Pin                                        Limit         Cap       Slack
------------------------------------------------------------------------
_4082_/Q                                0.203257    0.282393   -0.079136 (VIOLATED)
_2680_/Y                                0.082407    0.092030   -0.009623 (VIOLATED)



===========================================================================
report_parasitic_annotation -report_unannotated
============================================================================
Found 2502 unannotated drivers.
 clk
 length[0]
 length[1]
 length[2]
 logA_0[0]
 logA_0[10]
 logA_0[11]
 logA_0[12]
 logA_0[13]
 logA_0[14]
 logA_0[15]
 logA_0[1]
 logA_0[2]
 logA_0[3]
 logA_0[4]
 logA_0[5]
 logA_0[6]
 logA_0[7]
 logA_0[8]
 logA_0[9]
 logA_1[0]
 logA_1[10]
 logA_1[11]
 logA_1[12]
 logA_1[13]
 logA_1[14]
 logA_1[15]
 logA_1[1]
 logA_1[2]
 logA_1[3]
 logA_1[4]
 logA_1[5]
 logA_1[6]
 logA_1[7]
 logA_1[8]
 logA_1[9]
 logA_2[0]
 logA_2[10]
 logA_2[11]
 logA_2[12]
 logA_2[13]
 logA_2[14]
 logA_2[15]
 logA_2[1]
 logA_2[2]
 logA_2[3]
 logA_2[4]
 logA_2[5]
 logA_2[6]
 logA_2[7]
 logA_2[8]
 logA_2[9]
 logA_3[0]
 logA_3[10]
 logA_3[11]
 logA_3[12]
 logA_3[13]
 logA_3[14]
 logA_3[15]
 logA_3[1]
 logA_3[2]
 logA_3[3]
 logA_3[4]
 logA_3[5]
 logA_3[6]
 logA_3[7]
 logA_3[8]
 logA_3[9]
 logA_4[0]
 logA_4[10]
 logA_4[11]
 logA_4[12]
 logA_4[13]
 logA_4[14]
 logA_4[15]
 logA_4[1]
 logA_4[2]
 logA_4[3]
 logA_4[4]
 logA_4[5]
 logA_4[6]
 logA_4[7]
 logA_4[8]
 logA_4[9]
 logA_5[0]
 logA_5[10]
 logA_5[11]
 logA_5[12]
 logA_5[13]
 logA_5[14]
 logA_5[15]
 logA_5[1]
 logA_5[2]
 logA_5[3]
 logA_5[4]
 logA_5[5]
 logA_5[6]
 logA_5[7]
 logA_5[8]
 logA_5[9]
 logA_6[0]
 logA_6[10]
 logA_6[11]
 logA_6[12]
 logA_6[13]
 logA_6[14]
 logA_6[15]
 logA_6[1]
 logA_6[2]
 logA_6[3]
 logA_6[4]
 logA_6[5]
 logA_6[6]
 logA_6[7]
 logA_6[8]
 logA_6[9]
 logA_7[0]
 logA_7[10]
 logA_7[11]
 logA_7[12]
 logA_7[13]
 logA_7[14]
 logA_7[15]
 logA_7[1]
 logA_7[2]
 logA_7[3]
 logA_7[4]
 logA_7[5]
 logA_7[6]
 logA_7[7]
 logA_7[8]
 logA_7[9]
 logA_8[0]
 logA_8[10]
 logA_8[11]
 logA_8[12]
 logA_8[13]
 logA_8[14]
 logA_8[15]
 logA_8[1]
 logA_8[2]
 logA_8[3]
 logA_8[4]
 logA_8[5]
 logA_8[6]
 logA_8[7]
 logA_8[8]
 logA_8[9]
 logB_0[0]
 logB_0[10]
 logB_0[11]
 logB_0[12]
 logB_0[13]
 logB_0[14]
 logB_0[15]
 logB_0[1]
 logB_0[2]
 logB_0[3]
 logB_0[4]
 logB_0[5]
 logB_0[6]
 logB_0[7]
 logB_0[8]
 logB_0[9]
 logB_1[0]
 logB_1[10]
 logB_1[11]
 logB_1[12]
 logB_1[13]
 logB_1[14]
 logB_1[15]
 logB_1[1]
 logB_1[2]
 logB_1[3]
 logB_1[4]
 logB_1[5]
 logB_1[6]
 logB_1[7]
 logB_1[8]
 logB_1[9]
 logB_2[0]
 logB_2[10]
 logB_2[11]
 logB_2[12]
 logB_2[13]
 logB_2[14]
 logB_2[15]
 logB_2[1]
 logB_2[2]
 logB_2[3]
 logB_2[4]
 logB_2[5]
 logB_2[6]
 logB_2[7]
 logB_2[8]
 logB_2[9]
 logB_3[0]
 logB_3[10]
 logB_3[11]
 logB_3[12]
 logB_3[13]
 logB_3[14]
 logB_3[15]
 logB_3[1]
 logB_3[2]
 logB_3[3]
 logB_3[4]
 logB_3[5]
 logB_3[6]
 logB_3[7]
 logB_3[8]
 logB_3[9]
 logB_4[0]
 logB_4[10]
 logB_4[11]
 logB_4[12]
 logB_4[13]
 logB_4[14]
 logB_4[15]
 logB_4[1]
 logB_4[2]
 logB_4[3]
 logB_4[4]
 logB_4[5]
 logB_4[6]
 logB_4[7]
 logB_4[8]
 logB_4[9]
 logB_5[0]
 logB_5[10]
 logB_5[11]
 logB_5[12]
 logB_5[13]
 logB_5[14]
 logB_5[15]
 logB_5[1]
 logB_5[2]
 logB_5[3]
 logB_5[4]
 logB_5[5]
 logB_5[6]
 logB_5[7]
 logB_5[8]
 logB_5[9]
 logB_6[0]
 logB_6[10]
 logB_6[11]
 logB_6[12]
 logB_6[13]
 logB_6[14]
 logB_6[15]
 logB_6[1]
 logB_6[2]
 logB_6[3]
 logB_6[4]
 logB_6[5]
 logB_6[6]
 logB_6[7]
 logB_6[8]
 logB_6[9]
 logB_7[0]
 logB_7[10]
 logB_7[11]
 logB_7[12]
 logB_7[13]
 logB_7[14]
 logB_7[15]
 logB_7[1]
 logB_7[2]
 logB_7[3]
 logB_7[4]
 logB_7[5]
 logB_7[6]
 logB_7[7]
 logB_7[8]
 logB_7[9]
 logB_8[0]
 logB_8[10]
 logB_8[11]
 logB_8[12]
 logB_8[13]
 logB_8[14]
 logB_8[15]
 logB_8[1]
 logB_8[2]
 logB_8[3]
 logB_8[4]
 logB_8[5]
 logB_8[6]
 logB_8[7]
 logB_8[8]
 logB_8[9]
 logC_0[0]
 logC_0[10]
 logC_0[11]
 logC_0[12]
 logC_0[13]
 logC_0[14]
 logC_0[15]
 logC_0[1]
 logC_0[2]
 logC_0[3]
 logC_0[4]
 logC_0[5]
 logC_0[6]
 logC_0[7]
 logC_0[8]
 logC_0[9]
 logC_1[0]
 logC_1[10]
 logC_1[11]
 logC_1[12]
 logC_1[13]
 logC_1[14]
 logC_1[15]
 logC_1[1]
 logC_1[2]
 logC_1[3]
 logC_1[4]
 logC_1[5]
 logC_1[6]
 logC_1[7]
 logC_1[8]
 logC_1[9]
 logC_2[0]
 logC_2[10]
 logC_2[11]
 logC_2[12]
 logC_2[13]
 logC_2[14]
 logC_2[15]
 logC_2[1]
 logC_2[2]
 logC_2[3]
 logC_2[4]
 logC_2[5]
 logC_2[6]
 logC_2[7]
 logC_2[8]
 logC_2[9]
 obs_in[0]
 obs_in[1]
 obs_valid
 rst_n
 start
 _2040_/Y
 _2041_/Y
 _2042_/Y
 _2043_/Y
 _2044_/Y
 _2045_/Y
 _2046_/Y
 _2047_/Y
 _2048_/Y
 _2049_/Y
 _2050_/Y
 _2051_/Y
 _2052_/Y
 _2053_/Y
 _2054_/Y
 _2055_/Y
 _2056_/Y
 _2057_/Y
 _2058_/Y
 _2059_/Y
 _2060_/Y
 _2061_/Y
 _2062_/Y
 _2063_/Y
 _2064_/Y
 _2065_/Y
 _2066_/Y
 _2067_/Y
 _2068_/Y
 _2069_/Y
 _2070_/Y
 _2071_/Y
 _2072_/Y
 _2073_/Y
 _2074_/Y
 _2075_/Y
 _2076_/Y
 _2077_/Y
 _2078_/Y
 _2079_/Y
 _2080_/Y
 _2081_/Y
 _2082_/Y
 _2083_/Y
 _2084_/Y
 _2085_/Y
 _2086_/Y
 _2087_/Y
 _2088_/X
 _2089_/Y
 _2090_/Y
 _2091_/X
 _2092_/X
 _2093_/X
 _2094_/Y
 _2095_/X
 _2096_/X
 _2097_/Y
 _2098_/Y
 _2099_/Y
 _2100_/X
 _2101_/X
 _2102_/X
 _2103_/X
 _2104_/X
 _2105_/X
 _2106_/X
 _2107_/X
 _2108_/X
 _2109_/X
 _2110_/X
 _2111_/X
 _2112_/X
 _2113_/X
 _2114_/X
 _2115_/X
 _2116_/X
 _2117_/X
 _2118_/X
 _2119_/Y
 _2120_/X
 _2121_/Y
 _2122_/X
 _2123_/X
 _2124_/X
 _2125_/X
 _2126_/X
 _2127_/Y
 _2128_/X
 _2129_/X
 _2130_/X
 _2131_/Y
 _2132_/X
 _2133_/X
 _2134_/Y
 _2135_/X
 _2136_/X
 _2137_/X
 _2138_/Y
 _2139_/X
 _2140_/X
 _2141_/X
 _2142_/X
 _2143_/X
 _2144_/X
 _2145_/X
 _2146_/X
 _2147_/X
 _2148_/X
 _2149_/X
 _2150_/X
 _2151_/Y
 _2152_/Y
 _2153_/X
 _2154_/Y
 _2155_/X
 _2156_/Y
 _2157_/X
 _2158_/Y
 _2159_/X
 _2160_/X
 _2161_/X
 _2162_/Y
 _2163_/X
 _2164_/X
 _2165_/X
 _2166_/Y
 _2167_/X
 _2168_/X
 _2169_/Y
 _2170_/X
 _2171_/X
 _2172_/Y
 _2173_/Y
 _2174_/Y
 _2175_/X
 _2176_/X
 _2177_/X
 _2178_/Y
 _2179_/X
 _2180_/X
 _2181_/X
 _2182_/X
 _2183_/X
 _2184_/Y
 _2185_/Y
 _2186_/Y
 _2187_/X
 _2188_/X
 _2189_/X
 _2190_/X
 _2191_/X
 _2192_/X
 _2193_/X
 _2194_/X
 _2195_/Y
 _2196_/X
 _2197_/X
 _2198_/X
 _2199_/X
 _2200_/X
 _2201_/X
 _2202_/X
 _2203_/X
 _2204_/X
 _2205_/X
 _2206_/Y
 _2207_/X
 _2208_/X
 _2209_/Y
 _2210_/X
 _2211_/X
 _2212_/X
 _2213_/X
 _2214_/X
 _2215_/X
 _2216_/X
 _2217_/X
 _2218_/X
 _2219_/X
 _2220_/X
 _2221_/X
 _2222_/Y
 _2223_/X
 _2224_/X
 _2225_/X
 _2226_/X
 _2227_/Y
 _2228_/X
 _2229_/X
 _2230_/X
 _2231_/X
 _2232_/X
 _2233_/X
 _2234_/X
 _2235_/X
 _2236_/X
 _2237_/X
 _2238_/X
 _2239_/X
 _2240_/X
 _2241_/Y
 _2242_/X
 _2243_/X
 _2244_/X
 _2245_/X
 _2246_/X
 _2247_/X
 _2248_/X
 _2249_/X
 _2250_/X
 _2251_/X
 _2252_/Y
 _2253_/Y
 _2254_/X
 _2255_/X
 _2256_/X
 _2257_/X
 _2258_/X
 _2259_/X
 _2260_/X
 _2261_/X
 _2262_/X
 _2263_/X
 _2264_/Y
 _2265_/X
 _2266_/X
 _2267_/X
 _2268_/X
 _2269_/Y
 _2270_/X
 _2271_/X
 _2272_/X
 _2273_/X
 _2274_/X
 _2275_/X
 _2276_/X
 _2277_/X
 _2278_/X
 _2279_/X
 _2280_/X
 _2281_/X
 _2282_/X
 _2283_/Y
 _2284_/X
 _2285_/Y
 _2286_/X
 _2287_/X
 _2288_/Y
 _2289_/X
 _2290_/X
 _2291_/Y
 _2292_/X
 _2293_/X
 _2294_/X
 _2295_/Y
 _2296_/X
 _2297_/X
 _2298_/X
 _2299_/X
 _2300_/X
 _2301_/Y
 _2302_/X
 _2303_/X
 _2304_/X
 _2305_/Y
 _2306_/X
 _2307_/Y
 _2308_/X
 _2309_/Y
 _2310_/Y
 _2311_/X
 _2312_/X
 _2313_/Y
 _2314_/X
 _2315_/Y
 _2316_/Y
 _2317_/Y
 _2318_/X
 _2319_/Y
 _2320_/Y
 _2321_/Y
 _2322_/Y
 _2323_/X
 _2324_/Y
 _2325_/Y
 _2326_/Y
 _2327_/Y
 _2328_/X
 _2329_/Y
 _2330_/Y
 _2331_/Y
 _2332_/Y
 _2333_/Y
 _2334_/X
 _2335_/Y
 _2336_/Y
 _2337_/X
 _2338_/Y
 _2339_/Y
 _2340_/X
 _2341_/Y
 _2342_/Y
 _2343_/X
 _2344_/Y
 _2345_/Y
 _2346_/X
 _2347_/Y
 _2348_/Y
 _2349_/X
 _2350_/Y
 _2351_/Y
 _2352_/Y
 _2353_/Y
 _2354_/Y
 _2355_/Y
 _2356_/X
 _2357_/Y
 _2358_/X
 _2359_/X
 _2360_/X
 _2361_/Y
 _2362_/Y
 _2363_/X
 _2364_/Y
 _2365_/X
 _2366_/X
 _2367_/Y
 _2368_/X
 _2369_/X
 _2370_/X
 _2371_/Y
 _2372_/X
 _2373_/Y
 _2374_/Y
 _2375_/Y
 _2376_/X
 _2377_/Y
 _2378_/Y
 _2379_/Y
 _2380_/Y
 _2381_/Y
 _2382_/Y
 _2383_/Y
 _2384_/Y
 _2385_/X
 _2386_/Y
 _2387_/X
 _2388_/X
 _2389_/Y
 _2390_/X
 _2391_/Y
 _2392_/X
 _2393_/X
 _2394_/Y
 _2395_/X
 _2396_/X
 _2397_/X
 _2398_/X
 _2399_/X
 _2400_/X
 _2401_/Y
 _2402_/Y
 _2403_/Y
 _2404_/X
 _2405_/X
 _2406_/Y
 _2407_/Y
 _2408_/Y
 _2409_/X
 _2410_/X
 _2411_/Y
 _2412_/X
 _2413_/Y
 _2414_/X
 _2415_/Y
 _2416_/X
 _2417_/X
 _2418_/Y
 _2419_/X
 _2420_/X
 _2421_/X
 _2422_/Y
 _2423_/X
 _2424_/Y
 _2425_/X
 _2426_/X
 _2427_/Y
 _2428_/Y
 _2429_/X
 _2430_/X
 _2431_/X
 _2432_/Y
 _2433_/X
 _2434_/X
 _2435_/Y
 _2436_/Y
 _2437_/X
 _2438_/Y
 _2439_/Y
 _2440_/Y
 _2441_/X
 _2442_/Y
 _2443_/Y
 _2444_/Y
 _2445_/X
 _2446_/X
 _2447_/X
 _2448_/Y
 _2449_/X
 _2450_/Y
 _2451_/X
 _2452_/Y
 _2453_/Y
 _2454_/Y
 _2455_/X
 _2456_/X
 _2457_/Y
 _2458_/Y
 _2459_/Y
 _2460_/Y
 _2461_/X
 _2462_/X
 _2463_/Y
 _2464_/X
 _2465_/Y
 _2466_/X
 _2467_/Y
 _2468_/Y
 _2469_/X
 _2470_/Y
 _2471_/Y
 _2472_/Y
 _2473_/X
 _2474_/X
 _2475_/X
 _2476_/Y
 _2477_/X
 _2478_/Y
 _2479_/Y
 _2480_/X
 _2481_/X
 _2482_/Y
 _2483_/X
 _2484_/X
 _2485_/Y
 _2486_/X
 _2487_/Y
 _2488_/Y
 _2489_/Y
 _2490_/X
 _2491_/Y
 _2492_/X
 _2493_/X
 _2494_/Y
 _2495_/X
 _2496_/Y
 _2497_/X
 _2498_/Y
 _2499_/X
 _2500_/X
 _2501_/X
 _2502_/X
 _2503_/Y
 _2504_/X
 _2505_/Y
 _2506_/Y
 _2507_/Y
 _2508_/Y
 _2509_/Y
 _2510_/Y
 _2511_/Y
 _2512_/Y
 _2513_/X
 _2514_/X
 _2515_/Y
 _2516_/X
 _2517_/Y
 _2518_/Y
 _2519_/Y
 _2520_/X
 _2521_/Y
 _2522_/Y
 _2523_/Y
 _2524_/X
 _2525_/X
 _2526_/X
 _2527_/Y
 _2528_/Y
 _2529_/X
 _2530_/X
 _2531_/Y
 _2532_/Y
 _2533_/Y
 _2534_/Y
 _2535_/Y
 _2536_/Y
 _2537_/Y
 _2538_/Y
 _2539_/Y
 _2540_/Y
 _2541_/Y
 _2542_/X
 _2543_/X
 _2544_/Y
 _2545_/Y
 _2546_/X
 _2547_/X
 _2548_/Y
 _2549_/X
 _2550_/X
 _2551_/Y
 _2552_/Y
 _2553_/Y
 _2554_/Y
 _2555_/X
 _2556_/Y
 _2557_/Y
 _2558_/Y
 _2559_/Y
 _2560_/Y
 _2561_/Y
 _2562_/Y
 _2563_/Y
 _2564_/X
 _2565_/X
 _2566_/Y
 _2567_/Y
 _2568_/Y
 _2569_/Y
 _2570_/Y
 _2571_/X
 _2572_/X
 _2573_/Y
 _2574_/Y
 _2575_/X
 _2576_/X
 _2577_/X
 _2578_/X
 _2579_/X
 _2580_/X
 _2581_/Y
 _2582_/X
 _2583_/X
 _2584_/X
 _2585_/Y
 _2586_/X
 _2587_/Y
 _2588_/Y
 _2589_/X
 _2590_/Y
 _2591_/Y
 _2592_/X
 _2593_/Y
 _2594_/Y
 _2595_/Y
 _2596_/X
 _2597_/Y
 _2598_/X
 _2599_/X
 _2600_/Y
 _2601_/X
 _2602_/X
 _2603_/X
 _2604_/X
 _2605_/Y
 _2606_/Y
 _2607_/X
 _2608_/Y
 _2609_/Y
 _2610_/Y
 _2611_/Y
 _2612_/X
 _2613_/X
 _2614_/Y
 _2615_/X
 _2616_/Y
 _2617_/X
 _2618_/X
 _2619_/X
 _2620_/X
 _2621_/X
 _2622_/X
 _2623_/X
 _2624_/X
 _2625_/Y
 _2626_/Y
 _2627_/X
 _2628_/Y
 _2629_/X
 _2630_/X
 _2631_/X
 _2632_/X
 _2633_/X
 _2634_/Y
 _2635_/X
 _2636_/X
 _2637_/X
 _2638_/X
 _2639_/X
 _2640_/Y
 _2641_/X
 _2642_/X
 _2643_/X
 _2644_/Y
 _2645_/Y
 _2646_/Y
 _2647_/X
 _2648_/X
 _2649_/Y
 _2650_/X
 _2651_/Y
 _2652_/Y
 _2653_/X
 _2654_/Y
 _2655_/X
 _2656_/Y
 _2657_/Y
 _2658_/X
 _2659_/Y
 _2660_/X
 _2661_/Y
 _2662_/X
 _2663_/Y
 _2664_/Y
 _2665_/X
 _2666_/X
 _2667_/Y
 _2668_/X
 _2669_/X
 _2670_/X
 _2671_/X
 _2672_/Y
 _2673_/X
 _2674_/Y
 _2675_/Y
 _2676_/Y
 _2677_/X
 _2678_/X
 _2679_/X
 _2680_/Y
 _2681_/X
 _2682_/X
 _2683_/Y
 _2684_/X
 _2685_/Y
 _2686_/X
 _2687_/X
 _2688_/X
 _2689_/X
 _2690_/Y
 _2691_/Y
 _2692_/X
 _2693_/X
 _2694_/X
 _2695_/Y
 _2696_/X
 _2697_/X
 _2698_/Y
 _2699_/Y
 _2700_/Y
 _2701_/X
 _2702_/X
 _2703_/X
 _2704_/X
 _2705_/X
 _2706_/Y
 _2707_/X
 _2708_/Y
 _2709_/X
 _2710_/Y
 _2711_/Y
 _2712_/Y
 _2713_/Y
 _2714_/X
 _2715_/Y
 _2716_/X
 _2717_/Y
 _2718_/Y
 _2719_/Y
 _2720_/Y
 _2721_/Y
 _2722_/X
 _2723_/X
 _2724_/X
 _2725_/X
 _2726_/X
 _2727_/X
 _2728_/Y
 _2729_/X
 _2730_/Y
 _2731_/Y
 _2732_/Y
 _2733_/X
 _2734_/Y
 _2735_/X
 _2736_/X
 _2737_/Y
 _2738_/Y
 _2739_/X
 _2740_/Y
 _2741_/X
 _2742_/X
 _2743_/X
 _2744_/Y
 _2745_/X
 _2746_/Y
 _2747_/X
 _2748_/X
 _2749_/Y
 _2750_/X
 _2751_/X
 _2752_/X
 _2753_/Y
 _2754_/X
 _2755_/X
 _2756_/X
 _2757_/Y
 _2758_/X
 _2759_/Y
 _2760_/Y
 _2761_/X
 _2762_/X
 _2763_/X
 _2764_/X
 _2765_/Y
 _2766_/X
 _2767_/Y
 _2768_/X
 _2769_/X
 _2770_/X
 _2771_/Y
 _2772_/X
 _2773_/X
 _2774_/Y
 _2775_/X
 _2776_/Y
 _2777_/X
 _2778_/X
 _2779_/X
 _2780_/Y
 _2781_/Y
 _2782_/Y
 _2783_/Y
 _2784_/X
 _2785_/X
 _2786_/Y
 _2787_/Y
 _2788_/Y
 _2789_/X
 _2790_/X
 _2791_/Y
 _2792_/X
 _2793_/Y
 _2794_/X
 _2795_/X
 _2796_/X
 _2797_/X
 _2798_/X
 _2799_/Y
 _2800_/X
 _2801_/Y
 _2802_/X
 _2803_/X
 _2804_/X
 _2805_/X
 _2806_/X
 _2807_/Y
 _2808_/X
 _2809_/X
 _2810_/Y
 _2811_/Y
 _2812_/Y
 _2813_/Y
 _2814_/X
 _2815_/Y
 _2816_/X
 _2817_/Y
 _2818_/Y
 _2819_/X
 _2820_/X
 _2821_/Y
 _2822_/Y
 _2823_/X
 _2824_/X
 _2825_/X
 _2826_/Y
 _2827_/X
 _2828_/X
 _2829_/Y
 _2830_/X
 _2831_/Y
 _2832_/X
 _2833_/X
 _2834_/X
 _2835_/X
 _2836_/X
 _2837_/X
 _2838_/Y
 _2839_/Y
 _2840_/Y
 _2841_/Y
 _2842_/X
 _2843_/Y
 _2844_/X
 _2845_/X
 _2846_/Y
 _2847_/Y
 _2848_/Y
 _2849_/Y
 _2850_/X
 _2851_/X
 _2852_/X
 _2853_/Y
 _2854_/X
 _2855_/Y
 _2856_/Y
 _2857_/X
 _2858_/Y
 _2859_/X
 _2860_/X
 _2861_/X
 _2862_/X
 _2863_/X
 _2864_/X
 _2865_/X
 _2866_/X
 _2867_/X
 _2868_/X
 _2869_/X
 _2870_/Y
 _2871_/X
 _2872_/Y
 _2873_/X
 _2874_/X
 _2875_/X
 _2876_/Y
 _2877_/X
 _2878_/X
 _2879_/Y
 _2880_/X
 _2881_/Y
 _2882_/Y
 _2883_/Y
 _2884_/Y
 _2885_/X
 _2886_/Y
 _2887_/Y
 _2888_/Y
 _2889_/Y
 _2890_/Y
 _2891_/X
 _2892_/Y
 _2893_/Y
 _2894_/Y
 _2895_/X
 _2896_/Y
 _2897_/Y
 _2898_/X
 _2899_/Y
 _2900_/Y
 _2901_/X
 _2902_/Y
 _2903_/Y
 _2904_/X
 _2905_/Y
 _2906_/Y
 _2907_/X
 _2908_/Y
 _2909_/Y
 _2910_/X
 _2911_/Y
 _2912_/X
 _2913_/X
 _2914_/X
 _2915_/Y
 _2916_/Y
 _2917_/Y
 _2918_/Y
 _2919_/X
 _2920_/X
 _2921_/X
 _2922_/X
 _2923_/Y
 _2924_/Y
 _2925_/X
 _2926_/X
 _2927_/Y
 _2928_/X
 _2929_/X
 _2930_/X
 _2931_/Y
 _2932_/X
 _2933_/X
 _2934_/Y
 _2935_/X
 _2936_/Y
 _2937_/Y
 _2938_/Y
 _2939_/X
 _2940_/X
 _2941_/X
 _2942_/Y
 _2943_/Y
 _2944_/X
 _2945_/Y
 _2946_/X
 _2947_/Y
 _2948_/Y
 _2949_/Y
 _2950_/Y
 _2951_/X
 _2952_/Y
 _2953_/X
 _2954_/X
 _2955_/Y
 _2956_/X
 _2957_/X
 _2958_/X
 _2959_/X
 _2960_/Y
 _2961_/X
 _2962_/Y
 _2963_/Y
 _2964_/Y
 _2965_/Y
 _2966_/X
 _2967_/Y
 _2968_/Y
 _2969_/Y
 _2970_/Y
 _2971_/Y
 _2972_/Y
 _2973_/Y
 _2974_/X
 _2975_/X
 _2976_/X
 _2977_/X
 _2978_/Y
 _2979_/Y
 _2980_/X
 _2981_/Y
 _2982_/X
 _2983_/Y
 _2984_/X
 _2985_/Y
 _2986_/Y
 _2987_/X
 _2988_/Y
 _2989_/X
 _2990_/Y
 _2991_/Y
 _2992_/X
 _2993_/Y
 _2994_/X
 _2995_/X
 _2996_/X
 _2997_/X
 _2998_/Y
 _2999_/Y
 _3000_/Y
 _3001_/X
 _3002_/Y
 _3003_/Y
 _3004_/Y
 _3005_/X
 _3006_/X
 _3007_/Y
 _3008_/Y
 _3009_/X
 _3010_/X
 _3011_/X
 _3012_/X
 _3013_/Y
 _3014_/X
 _3015_/X
 _3016_/X
 _3017_/Y
 _3018_/X
 _3019_/Y
 _3020_/X
 _3021_/Y
 _3022_/Y
 _3023_/Y
 _3024_/Y
 _3025_/X
 _3026_/Y
 _3027_/X
 _3028_/X
 _3029_/Y
 _3030_/X
 _3031_/X
 _3032_/X
 _3033_/Y
 _3034_/Y
 _3035_/Y
 _3036_/Y
 _3037_/Y
 _3038_/Y
 _3039_/Y
 _3040_/X
 _3041_/Y
 _3042_/X
 _3043_/Y
 _3044_/Y
 _3045_/Y
 _3046_/Y
 _3047_/X
 _3048_/X
 _3049_/X
 _3050_/X
 _3051_/Y
 _3052_/Y
 _3053_/X
 _3054_/X
 _3055_/X
 _3056_/X
 _3057_/Y
 _3058_/Y
 _3059_/X
 _3060_/X
 _3061_/Y
 _3062_/Y
 _3063_/X
 _3064_/X
 _3065_/X
 _3066_/X
 _3067_/X
 _3068_/X
 _3069_/X
 _3070_/X
 _3071_/Y
 _3072_/X
 _3073_/Y
 _3074_/Y
 _3075_/Y
 _3076_/X
 _3077_/Y
 _3078_/Y
 _3079_/X
 _3080_/Y
 _3081_/X
 _3082_/Y
 _3083_/Y
 _3084_/X
 _3085_/Y
 _3086_/Y
 _3087_/Y
 _3088_/X
 _3089_/X
 _3090_/Y
 _3091_/Y
 _3092_/Y
 _3093_/X
 _3094_/Y
 _3095_/X
 _3096_/X
 _3097_/Y
 _3098_/Y
 _3099_/X
 _3100_/X
 _3101_/X
 _3102_/Y
 _3103_/Y
 _3104_/X
 _3105_/X
 _3106_/X
 _3107_/Y
 _3108_/X
 _3109_/Y
 _3110_/Y
 _3111_/Y
 _3112_/Y
 _3113_/Y
 _3114_/Y
 _3115_/Y
 _3116_/X
 _3117_/Y
 _3118_/Y
 _3119_/Y
 _3120_/X
 _3121_/X
 _3122_/X
 _3123_/Y
 _3124_/X
 _3125_/X
 _3126_/Y
 _3127_/Y
 _3128_/X
 _3129_/Y
 _3130_/Y
 _3131_/Y
 _3132_/X
 _3133_/X
 _3134_/Y
 _3135_/X
 _3136_/X
 _3137_/Y
 _3138_/X
 _3139_/X
 _3140_/Y
 _3141_/Y
 _3142_/X
 _3143_/Y
 _3144_/Y
 _3145_/X
 _3146_/Y
 _3147_/Y
 _3148_/Y
 _3149_/Y
 _3150_/X
 _3151_/X
 _3152_/Y
 _3153_/X
 _3154_/Y
 _3155_/X
 _3156_/Y
 _3157_/X
 _3158_/Y
 _3159_/Y
 _3160_/X
 _3161_/Y
 _3162_/Y
 _3163_/Y
 _3164_/X
 _3165_/Y
 _3166_/X
 _3167_/X
 _3168_/Y
 _3169_/X
 _3170_/Y
 _3171_/Y
 _3172_/X
 _3173_/X
 _3174_/X
 _3175_/X
 _3176_/X
 _3177_/Y
 _3178_/Y
 _3179_/Y
 _3180_/X
 _3181_/Y
 _3182_/Y
 _3183_/Y
 _3184_/X
 _3185_/Y
 _3186_/X
 _3187_/X
 _3188_/Y
 _3189_/Y
 _3190_/X
 _3191_/X
 _3192_/Y
 _3193_/X
 _3194_/X
 _3195_/Y
 _3196_/X
 _3197_/Y
 _3198_/X
 _3199_/Y
 _3200_/X
 _3201_/X
 _3202_/Y
 _3203_/X
 _3204_/Y
 _3205_/Y
 _3206_/X
 _3207_/Y
 _3208_/Y
 _3209_/Y
 _3210_/Y
 _3211_/X
 _3212_/Y
 _3213_/X
 _3214_/X
 _3215_/X
 _3216_/X
 _3217_/Y
 _3218_/X
 _3219_/X
 _3220_/X
 _3221_/X
 _3222_/X
 _3223_/X
 _3224_/X
 _3225_/X
 _3226_/X
 _3227_/X
 _3228_/Y
 _3229_/Y
 _3230_/X
 _3231_/Y
 _3232_/Y
 _3233_/X
 _3234_/Y
 _3235_/Y
 _3236_/X
 _3237_/Y
 _3238_/X
 _3239_/Y
 _3240_/Y
 _3241_/X
 _3242_/Y
 _3243_/Y
 _3244_/Y
 _3245_/Y
 _3246_/X
 _3247_/Y
 _3248_/X
 _3249_/Y
 _3250_/Y
 _3251_/X
 _3252_/X
 _3253_/Y
 _3254_/X
 _3255_/Y
 _3256_/X
 _3257_/Y
 _3258_/Y
 _3259_/X
 _3260_/Y
 _3261_/X
 _3262_/X
 _3263_/Y
 _3264_/Y
 _3265_/X
 _3266_/Y
 _3267_/X
 _3268_/Y
 _3269_/X
 _3270_/X
 _3271_/X
 _3272_/X
 _3273_/X
 _3274_/X
 _3275_/Y
 _3276_/X
 _3277_/Y
 _3278_/X
 _3279_/X
 _3280_/Y
 _3281_/Y
 _3282_/X
 _3283_/X
 _3284_/X
 _3285_/X
 _3286_/X
 _3287_/Y
 _3288_/X
 _3289_/X
 _3290_/Y
 _3291_/Y
 _3292_/X
 _3293_/X
 _3294_/X
 _3295_/Y
 _3296_/Y
 _3297_/X
 _3298_/X
 _3299_/X
 _3300_/X
 _3301_/Y
 _3302_/X
 _3303_/X
 _3304_/X
 _3305_/X
 _3306_/Y
 _3307_/Y
 _3308_/Y
 _3309_/X
 _3310_/X
 _3311_/X
 _3312_/X
 _3313_/Y
 _3314_/Y
 _3315_/Y
 _3316_/X
 _3317_/X
 _3318_/X
 _3319_/Y
 _3320_/X
 _3321_/X
 _3322_/Y
 _3323_/Y
 _3324_/X
 _3325_/X
 _3326_/X
 _3327_/X
 _3328_/Y
 _3329_/Y
 _3330_/Y
 _3331_/X
 _3332_/Y
 _3333_/X
 _3334_/X
 _3335_/X
 _3336_/X
 _3337_/Y
 _3338_/Y
 _3339_/X
 _3340_/Y
 _3341_/Y
 _3342_/X
 _3343_/X
 _3344_/X
 _3345_/X
 _3346_/X
 _3347_/X
 _3348_/X
 _3349_/X
 _3350_/Y
 _3351_/Y
 _3352_/X
 _3353_/X
 _3354_/X
 _3355_/Y
 _3356_/X
 _3357_/Y
 _3358_/Y
 _3359_/Y
 _3360_/Y
 _3361_/X
 _3362_/Y
 _3363_/Y
 _3364_/X
 _3365_/X
 _3366_/X
 _3367_/X
 _3368_/Y
 _3369_/X
 _3370_/Y
 _3371_/Y
 _3372_/X
 _3373_/X
 _3374_/X
 _3375_/X
 _3376_/X
 _3377_/X
 _3378_/X
 _3379_/Y
 _3380_/X
 _3381_/X
 _3382_/X
 _3383_/X
 _3384_/Y
 _3385_/Y
 _3386_/Y
 _3387_/Y
 _3388_/X
 _3389_/Y
 _3390_/Y
 _3391_/Y
 _3392_/X
 _3393_/X
 _3394_/X
 _3395_/Y
 _3396_/Y
 _3397_/X
 _3398_/X
 _3399_/Y
 _3400_/Y
 _3401_/X
 _3402_/X
 _3403_/Y
 _3404_/Y
 _3405_/X
 _3406_/X
 _3407_/X
 _3408_/Y
 _3409_/Y
 _3410_/X
 _3411_/Y
 _3412_/X
 _3413_/X
 _3414_/X
 _3415_/Y
 _3416_/Y
 _3417_/X
 _3418_/X
 _3419_/Y
 _3420_/Y
 _3421_/Y
 _3422_/X
 _3423_/X
 _3424_/X
 _3425_/X
 _3426_/X
 _3427_/X
 _3428_/X
 _3429_/X
 _3430_/Y
 _3431_/X
 _3432_/X
 _3433_/X
 _3434_/Y
 _3435_/Y
 _3436_/X
 _3437_/Y
 _3438_/X
 _3439_/X
 _3440_/X
 _3441_/Y
 _3442_/Y
 _3443_/X
 _3444_/X
 _3445_/X
 _3446_/Y
 _3447_/X
 _3448_/X
 _3449_/Y
 _3450_/X
 _3451_/X
 _3452_/X
 _3453_/X
 _3454_/X
 _3455_/X
 _3456_/Y
 _3457_/X
 _3458_/X
 _3459_/X
 _3460_/Y
 _3461_/X
 _3462_/X
 _3463_/X
 _3464_/X
 _3465_/X
 _3466_/Y
 _3467_/X
 _3468_/X
 _3469_/Y
 _3470_/X
 _3471_/Y
 _3472_/Y
 _3473_/X
 _3474_/X
 _3475_/X
 _3476_/X
 _3477_/X
 _3478_/Y
 _3479_/X
 _3480_/X
 _3481_/Y
 _3482_/X
 _3483_/Y
 _3484_/X
 _3485_/X
 _3486_/Y
 _3487_/Y
 _3488_/Y
 _3489_/X
 _3490_/X
 _3491_/Y
 _3492_/X
 _3493_/X
 _3494_/Y
 _3495_/X
 _3496_/Y
 _3497_/X
 _3498_/Y
 _3499_/Y
 _3500_/Y
 _3501_/X
 _3502_/Y
 _3503_/Y
 _3504_/X
 _3505_/X
 _3506_/Y
 _3507_/Y
 _3508_/X
 _3509_/Y
 _3510_/X
 _3511_/Y
 _3512_/X
 _3513_/X
 _3514_/X
 _3515_/X
 _3516_/X
 _3517_/X
 _3518_/Y
 _3519_/Y
 _3520_/X
 _3521_/X
 _3522_/Y
 _3523_/X
 _3524_/X
 _3525_/Y
 _3526_/Y
 _3527_/Y
 _3528_/X
 _3529_/Y
 _3530_/Y
 _3531_/Y
 _3532_/Y
 _3533_/X
 _3534_/Y
 _3535_/X
 _3536_/X
 _3537_/X
 _3538_/Y
 _3539_/X
 _3540_/X
 _3541_/Y
 _3542_/X
 _3543_/Y
 _3544_/X
 _3545_/X
 _3546_/X
 _3547_/Y
 _3548_/X
 _3549_/X
 _3550_/X
 _3551_/X
 _3552_/X
 _3553_/X
 _3554_/X
 _3555_/X
 _3556_/X
 _3557_/Y
 _3558_/Y
 _3559_/Y
 _3560_/Y
 _3561_/Y
 _3562_/Y
 _3563_/Y
 _3564_/Y
 _3565_/Y
 _3566_/X
 _3567_/Y
 _3568_/X
 _3569_/X
 _3570_/Y
 _3571_/Y
 _3572_/Y
 _3573_/X
 _3574_/Y
 _3575_/X
 _3576_/X
 _3577_/X
 _3578_/X
 _3579_/Y
 _3580_/X
 _3581_/X
 _3582_/X
 _3583_/Y
 _3584_/X
 _3585_/Y
 _3586_/Y
 _3587_/Y
 _3588_/Y
 _3589_/Y
 _3590_/Y
 _3591_/Y
 _3592_/X
 _3593_/Y
 _3594_/Y
 _3595_/Y
 _3596_/Y
 _3597_/Y
 _3598_/Y
 _3599_/X
 _3600_/Y
 _3601_/Y
 _3602_/Y
 _3603_/X
 _3604_/Y
 _3605_/Y
 _3606_/Y
 _3607_/X
 _3608_/Y
 _3609_/Y
 _3610_/Y
 _3611_/X
 _3612_/Y
 _3613_/X
 _3614_/X
 _3615_/X
 _3616_/Y
 _3617_/Y
 _3618_/X
 _3619_/Y
 _3620_/X
 _3621_/X
 _3622_/Y
 _3623_/X
 _3624_/Y
 _3625_/Y
 _3626_/Y
 _3627_/Y
 _3628_/X
 _3629_/X
 _3630_/Y
 _3631_/X
 _3632_/X
 _3633_/Y
 _3634_/X
 _3635_/X
 _3636_/Y
 _3637_/Y
 _3638_/Y
 _3639_/Y
 _3640_/Y
 _3641_/X
 _3642_/Y
 _3643_/Y
 _3644_/Y
 _3645_/Y
 _3646_/X
 _3647_/Y
 _3648_/X
 _3649_/X
 _3650_/Y
 _3651_/X
 _3652_/X
 _3653_/X
 _3654_/Y
 _3655_/Y
 _3656_/X
 _3657_/X
 _3658_/Y
 _3659_/Y
 _3660_/X
 _3661_/X
 _3662_/X
 _3663_/X
 _3664_/X
 _3665_/X
 _3666_/X
 _3667_/Y
 _3668_/X
 _3669_/X
 _3670_/Y
 _3671_/X
 _3672_/Y
 _3673_/X
 _3674_/Y
 _3675_/X
 _3676_/X
 _3677_/Y
 _3678_/Y
 _3679_/X
 _3680_/Y
 _3681_/Y
 _3682_/Y
 _3683_/X
 _3684_/Y
 _3685_/Y
 _3686_/Y
 _3687_/X
 _3688_/Y
 _3689_/X
 _3690_/Y
 _3691_/Y
 _3692_/Y
 _3693_/Y
 _3694_/X
 _3695_/Y
 _3696_/Y
 _3697_/X
 _3698_/Y
 _3699_/Y
 _3700_/X
 _3701_/Y
 _3702_/Y
 _3703_/X
 _3704_/Y
 _3705_/Y
 _3706_/X
 _3707_/Y
 _3708_/Y
 _3709_/X
 _3710_/Y
 _3711_/X
 _3712_/X
 _3713_/Y
 _3714_/X
 _3715_/Y
 _3716_/X
 _3717_/X
 _3718_/Y
 _3719_/Y
 _3720_/X
 _3721_/X
 _3722_/X
 _3723_/Y
 _3724_/Y
 _3725_/Y
 _3726_/Y
 _3727_/X
 _3728_/Y
 _3729_/X
 _3730_/X
 _3731_/X
 _3732_/X
 _3733_/Y
 _3734_/X
 _3735_/Y
 _3736_/X
 _3737_/Y
 _3738_/Y
 _3739_/X
 _3740_/X
 _3741_/Y
 _3742_/Y
 _3743_/X
 _3744_/X
 _3745_/X
 _3746_/Y
 _3747_/Y
 _3748_/X
 _3749_/X
 _3750_/Y
 _3751_/X
 _3752_/Y
 _3753_/X
 _3754_/Y
 _3755_/Y
 _3756_/X
 _3757_/Y
 _3758_/X
 _3759_/Y
 _3760_/Y
 _3761_/X
 _3762_/Y
 _3763_/X
 _3764_/X
 _3765_/Y
 _3766_/Y
 _3767_/X
 _3768_/X
 _3769_/X
 _3770_/Y
 _3771_/X
 _3772_/X
 _3773_/Y
 _3774_/X
 _3775_/X
 _3776_/Y
 _3777_/X
 _3778_/Y
 _3779_/X
 _3780_/X
 _3781_/Y
 _3782_/X
 _3783_/X
 _3784_/X
 _3785_/X
 _3786_/X
 _3787_/X
 _3788_/Y
 _3789_/Y
 _3790_/X
 _3791_/Y
 _3792_/X
 _3793_/X
 _3794_/X
 _3795_/X
 _3796_/X
 _3797_/X
 _3798_/Y
 _3799_/Y
 _3800_/Y
 _3801_/X
 _3802_/Y
 _3803_/Y
 _3804_/X
 _3805_/Y
 _3806_/X
 _3807_/Y
 _3808_/X
 _3809_/Y
 _3810_/X
 _3811_/X
 _3812_/X
 _3813_/X
 _3814_/X
 _3815_/X
 _3816_/Y
 _3817_/X
 _3818_/X
 _3819_/X
 _3820_/X
 _3821_/X
 _3822_/Y
 _3823_/Y
 _3824_/Y
 _3825_/X
 _3826_/Y
 _3827_/Y
 _3828_/Y
 _3829_/Y
 _3830_/X
 _3831_/X
 _3832_/Y
 _3833_/X
 _3834_/X
 _3835_/X
 _3836_/X
 _3837_/Y
 _3838_/Y
 _3839_/X
 _3840_/X
 _3841_/X
 _3842_/X
 _3843_/X
 _3844_/X
 _3845_/X
 _3846_/X
 _3847_/Y
 _3848_/Y
 _3849_/X
 _3850_/Y
 _3851_/X
 _3852_/X
 _3853_/Y
 _3854_/Y
 _3855_/X
 _3856_/Y
 _3857_/X
 _3858_/Y
 _3859_/X
 _3860_/X
 _3861_/X
 _3862_/Y
 _3863_/X
 _3864_/X
 _3865_/Y
 _3866_/X
 _3867_/Y
 _3868_/Y
 _3869_/Y
 _3870_/X
 _3871_/X
 _3872_/X
 _3873_/Y
 _3874_/Y
 _3875_/X
 _3876_/Y
 _3877_/X
 _3878_/Y
 _3879_/X
 _3880_/X
 _3881_/X
 _3882_/X
 _3883_/X
 _3884_/Y
 _3885_/Y
 _3886_/X
 _3887_/X
 _3888_/Y
 _3889_/X
 _3890_/Y
 _3891_/Y
 _3892_/X
 _3893_/Y
 _3894_/Y
 _3895_/X
 _3896_/X
 _3897_/X
 _3898_/Y
 _3899_/Y
 _3900_/X
 _3901_/Y
 _3902_/X
 _3903_/Y
 _3904_/Y
 _3905_/X
 _3906_/X
 _3907_/X
 _3908_/Y
 _3909_/X
 _3910_/X
 _3911_/Y
 _3912_/Y
 _3913_/X
 _3914_/X
 _3915_/X
 _3916_/X
 _3917_/X
 _3918_/Y
 _3919_/X
 _3920_/X
 _3921_/X
 _3922_/X
 _3923_/X
 _3924_/Y
 _3925_/X
 _3926_/Y
 _3927_/X
 _3928_/Y
 _3929_/X
 _3930_/Y
 _3931_/X
 _3932_/Y
 _3933_/Y
 _3934_/Y
 _3935_/X
 _3936_/X
 _3937_/Y
 _3938_/Y
 _3939_/X
 _3940_/X
 _3941_/X
 _3942_/X
 _3943_/Y
 _3944_/Y
 _3945_/Y
 _3946_/X
 _3947_/X
 _3948_/X
 _3949_/X
 _3950_/X
 _3951_/Y
 _3952_/Y
 _3953_/Y
 _3954_/X
 _3955_/Y
 _3956_/Y
 _3957_/X
 _3958_/X
 _3959_/X
 _3960_/X
 _3961_/X
 _3962_/X
 _3963_/Y
 _3964_/Y
 _3965_/X
 _3966_/X
 _3967_/X
 _3968_/X
 _3969_/X
 _3970_/X
 _3971_/Y
 _3972_/X
 _3973_/Y
 _3974_/X
 _3975_/X
 _3976_/Y
 _3977_/Y
 _3978_/X
 _3979_/X
 _3980_/Y
 _3981_/Y
 _3982_/X
 _3983_/Y
 _3984_/Y
 _3985_/Y
 _3986_/X
 _3987_/X
 _3988_/X
 _3989_/X
 _3990_/Y
 _3991_/Y
 _3992_/Y
 _3993_/Y
 _3994_/X
 _3995_/X
 _3996_/X
 _3997_/Y
 _3998_/X
 _3999_/X
 _4000_/Y
 _4001_/X
 _4002_/Y
 _4003_/X
 _4004_/X
 _4005_/Y
 _4006_/Y
 _4007_/X
 _4008_/X
 _4009_/X
 _4010_/Y
 _4011_/X
 _4012_/X
 _4013_/Y
 _4014_/Y
 _4015_/X
 _4016_/X
 _4017_/X
 _4018_/X
 _4019_/X
 _4020_/X
 _4021_/X
 _4022_/Y
 _4023_/X
 _4024_/X
 _4025_/X
 _4026_/X
 _4027_/X
 _4028_/X
 _4029_/X
 _4030_/X
 _4031_/X
 _4032_/X
 _4033_/X
 _4034_/X
 _4035_/X
 _4036_/X
 _4037_/X
 _4038_/X
 _4039_/X
 _4040_/X
 _4041_/X
 _4042_/X
 _4043_/X
 _4044_/X
 _4045_/X
 _4046_/X
 _4047_/X
 _4048_/X
 _4049_/X
 _4050_/X
 _4051_/X
 _4052_/X
 _4053_/X
 _4054_/X
 _4055_/X
 _4056_/X
 _4057_/X
 _4058_/X
 _4059_/X
 _4060_/X
 _4061_/X
 _4062_/X
 _4063_/X
 _4064_/X
 _4065_/X
 _4066_/X
 _4067_/X
 _4068_/X
 _4069_/X
 _4070_/X
 _4071_/X
 _4072_/X
 _4073_/X
 _4074_/X
 _4075_/X
 _4076_/X
 _4077_/X
 _4078_/X
 _4079_/X
 _4080_/Q
 _4081_/Q
 _4082_/Q
 _4083_/Q
 _4084_/Q
 _4085_/Q
 _4086_/Q
 _4087_/Q
 _4088_/Q
 _4089_/Q
 _4090_/Q
 _4091_/Q
 _4092_/Q
 _4093_/Q
 _4094_/Q
 _4095_/Q
 _4096_/Q
 _4097_/Q
 _4098_/Q
 _4099_/Q
 _4100_/Q
 _4101_/Q
 _4102_/Q
 _4103_/Q
 _4104_/Q
 _4105_/Q
 _4106_/Q
 _4107_/Q
 _4108_/Q
 _4109_/Q
 _4110_/Q
 _4111_/Q
 _4112_/Q
 _4113_/Q
 _4114_/Q
 _4115_/Q
 _4116_/Q
 _4117_/Q
 _4118_/Q
 _4119_/Q
 _4120_/Q
 _4121_/Q
 _4122_/Q
 _4123_/Q
 _4124_/Q
 _4125_/Q
 _4126_/Q
 _4127_/Q
 _4128_/Q
 _4129_/Q
 _4130_/Q
 _4131_/Q
 _4132_/Q
 _4133_/Q
 _4134_/Q
 _4135_/Q
 _4136_/Q
 _4137_/Q
 _4138_/Q
 _4139_/Q
 _4140_/Q
 _4141_/Q
 _4142_/Q
 _4143_/Q
 _4144_/Q
 _4145_/Q
 _4146_/Q
 _4147_/Q
 _4148_/Q
 _4149_/Q
 _4150_/Q
 _4151_/Q
 _4152_/Q
 _4153_/Q
 _4154_/Q
 _4155_/Q
 _4156_/Q
 _4157_/Q
 _4158_/Q
 _4159_/Q
 _4160_/Q
 _4161_/Q
 _4162_/Q
 _4163_/Q
 _4164_/Q
 _4165_/Q
 _4166_/Q
 _4167_/Q
 _4168_/Q
 _4169_/Q
 _4170_/Q
 _4171_/Q
 _4172_/Q
 _4173_/Q
 _4174_/Q
 _4175_/Q
 _4176_/Q
 _4177_/Q
 _4178_/Q
 _4179_/Q
 _4180_/Q
 _4181_/Q
 _4182_/Q
 _4183_/Q
 _4184_/Q
 _4185_/Q
 _4186_/Q
 _4187_/Q
 _4188_/Q
 _4189_/Q
 _4190_/Q
 _4191_/Q
 _4192_/Q
 _4193_/Q
 _4194_/Q
 _4195_/Q
 _4196_/Q
Found 0 partially unannotated drivers.

===========================================================================
max slew violation count 121
max fanout violation count 0
max cap violation count 2
============================================================================

===========================================================================
check_setup -verbose -unconstrained_endpoints -multiple_clock -no_clock -no_input_delay -loops -generated_clocks
===========================================================================
Warning: There are 344 input ports missing set_input_delay.
  length[0]
  length[1]
  length[2]
  logA_0[0]
  logA_0[10]
  logA_0[11]
  logA_0[12]
  logA_0[13]
  logA_0[14]
  logA_0[15]
  logA_0[1]
  logA_0[2]
  logA_0[3]
  logA_0[4]
  logA_0[5]
  logA_0[6]
  logA_0[7]
  logA_0[8]
  logA_0[9]
  logA_1[0]
  logA_1[10]
  logA_1[11]
  logA_1[12]
  logA_1[13]
  logA_1[14]
  logA_1[15]
  logA_1[1]
  logA_1[2]
  logA_1[3]
  logA_1[4]
  logA_1[5]
  logA_1[6]
  logA_1[7]
  logA_1[8]
  logA_1[9]
  logA_2[0]
  logA_2[10]
  logA_2[11]
  logA_2[12]
  logA_2[13]
  logA_2[14]
  logA_2[15]
  logA_2[1]
  logA_2[2]
  logA_2[3]
  logA_2[4]
  logA_2[5]
  logA_2[6]
  logA_2[7]
  logA_2[8]
  logA_2[9]
  logA_3[0]
  logA_3[10]
  logA_3[11]
  logA_3[12]
  logA_3[13]
  logA_3[14]
  logA_3[15]
  logA_3[1]
  logA_3[2]
  logA_3[3]
  logA_3[4]
  logA_3[5]
  logA_3[6]
  logA_3[7]
  logA_3[8]
  logA_3[9]
  logA_4[0]
  logA_4[10]
  logA_4[11]
  logA_4[12]
  logA_4[13]
  logA_4[14]
  logA_4[15]
  logA_4[1]
  logA_4[2]
  logA_4[3]
  logA_4[4]
  logA_4[5]
  logA_4[6]
  logA_4[7]
  logA_4[8]
  logA_4[9]
  logA_5[0]
  logA_5[10]
  logA_5[11]
  logA_5[12]
  logA_5[13]
  logA_5[14]
  logA_5[15]
  logA_5[1]
  logA_5[2]
  logA_5[3]
  logA_5[4]
  logA_5[5]
  logA_5[6]
  logA_5[7]
  logA_5[8]
  logA_5[9]
  logA_6[0]
  logA_6[10]
  logA_6[11]
  logA_6[12]
  logA_6[13]
  logA_6[14]
  logA_6[15]
  logA_6[1]
  logA_6[2]
  logA_6[3]
  logA_6[4]
  logA_6[5]
  logA_6[6]
  logA_6[7]
  logA_6[8]
  logA_6[9]
  logA_7[0]
  logA_7[10]
  logA_7[11]
  logA_7[12]
  logA_7[13]
  logA_7[14]
  logA_7[15]
  logA_7[1]
  logA_7[2]
  logA_7[3]
  logA_7[4]
  logA_7[5]
  logA_7[6]
  logA_7[7]
  logA_7[8]
  logA_7[9]
  logA_8[0]
  logA_8[10]
  logA_8[11]
  logA_8[12]
  logA_8[13]
  logA_8[14]
  logA_8[15]
  logA_8[1]
  logA_8[2]
  logA_8[3]
  logA_8[4]
  logA_8[5]
  logA_8[6]
  logA_8[7]
  logA_8[8]
  logA_8[9]
  logB_0[0]
  logB_0[10]
  logB_0[11]
  logB_0[12]
  logB_0[13]
  logB_0[14]
  logB_0[15]
  logB_0[1]
  logB_0[2]
  logB_0[3]
  logB_0[4]
  logB_0[5]
  logB_0[6]
  logB_0[7]
  logB_0[8]
  logB_0[9]
  logB_1[0]
  logB_1[10]
  logB_1[11]
  logB_1[12]
  logB_1[13]
  logB_1[14]
  logB_1[15]
  logB_1[1]
  logB_1[2]
  logB_1[3]
  logB_1[4]
  logB_1[5]
  logB_1[6]
  logB_1[7]
  logB_1[8]
  logB_1[9]
  logB_2[0]
  logB_2[10]
  logB_2[11]
  logB_2[12]
  logB_2[13]
  logB_2[14]
  logB_2[15]
  logB_2[1]
  logB_2[2]
  logB_2[3]
  logB_2[4]
  logB_2[5]
  logB_2[6]
  logB_2[7]
  logB_2[8]
  logB_2[9]
  logB_3[0]
  logB_3[10]
  logB_3[11]
  logB_3[12]
  logB_3[13]
  logB_3[14]
  logB_3[15]
  logB_3[1]
  logB_3[2]
  logB_3[3]
  logB_3[4]
  logB_3[5]
  logB_3[6]
  logB_3[7]
  logB_3[8]
  logB_3[9]
  logB_4[0]
  logB_4[10]
  logB_4[11]
  logB_4[12]
  logB_4[13]
  logB_4[14]
  logB_4[15]
  logB_4[1]
  logB_4[2]
  logB_4[3]
  logB_4[4]
  logB_4[5]
  logB_4[6]
  logB_4[7]
  logB_4[8]
  logB_4[9]
  logB_5[0]
  logB_5[10]
  logB_5[11]
  logB_5[12]
  logB_5[13]
  logB_5[14]
  logB_5[15]
  logB_5[1]
  logB_5[2]
  logB_5[3]
  logB_5[4]
  logB_5[5]
  logB_5[6]
  logB_5[7]
  logB_5[8]
  logB_5[9]
  logB_6[0]
  logB_6[10]
  logB_6[11]
  logB_6[12]
  logB_6[13]
  logB_6[14]
  logB_6[15]
  logB_6[1]
  logB_6[2]
  logB_6[3]
  logB_6[4]
  logB_6[5]
  logB_6[6]
  logB_6[7]
  logB_6[8]
  logB_6[9]
  logB_7[0]
  logB_7[10]
  logB_7[11]
  logB_7[12]
  logB_7[13]
  logB_7[14]
  logB_7[15]
  logB_7[1]
  logB_7[2]
  logB_7[3]
  logB_7[4]
  logB_7[5]
  logB_7[6]
  logB_7[7]
  logB_7[8]
  logB_7[9]
  logB_8[0]
  logB_8[10]
  logB_8[11]
  logB_8[12]
  logB_8[13]
  logB_8[14]
  logB_8[15]
  logB_8[1]
  logB_8[2]
  logB_8[3]
  logB_8[4]
  logB_8[5]
  logB_8[6]
  logB_8[7]
  logB_8[8]
  logB_8[9]
  logC_0[0]
  logC_0[10]
  logC_0[11]
  logC_0[12]
  logC_0[13]
  logC_0[14]
  logC_0[15]
  logC_0[1]
  logC_0[2]
  logC_0[3]
  logC_0[4]
  logC_0[5]
  logC_0[6]
  logC_0[7]
  logC_0[8]
  logC_0[9]
  logC_1[0]
  logC_1[10]
  logC_1[11]
  logC_1[12]
  logC_1[13]
  logC_1[14]
  logC_1[15]
  logC_1[1]
  logC_1[2]
  logC_1[3]
  logC_1[4]
  logC_1[5]
  logC_1[6]
  logC_1[7]
  logC_1[8]
  logC_1[9]
  logC_2[0]
  logC_2[10]
  logC_2[11]
  logC_2[12]
  logC_2[13]
  logC_2[14]
  logC_2[15]
  logC_2[1]
  logC_2[2]
  logC_2[3]
  logC_2[4]
  logC_2[5]
  logC_2[6]
  logC_2[7]
  logC_2[8]
  logC_2[9]
  obs_in[0]
  obs_in[1]
  obs_valid
  rst_n
  start
Warning: There are 17 unconstrained endpoints.
  done
  path_0[0]
  path_0[1]
  path_1[0]
  path_1[1]
  path_2[0]
  path_2[1]
  path_3[0]
  path_3[1]
  path_4[0]
  path_4[1]
  path_5[0]
  path_5[1]
  path_6[0]
  path_6[1]
  path_7[0]
  path_7[1]
