logA_0[1] not found in config but found in design.
logC_2[13] not found in config but found in design.
logB_2[11] not found in config but found in design.
logB_8[5] not found in config but found in design.
logA_7[13] not found in config but found in design.
logA_8[7] not found in config but found in design.
logB_2[13] not found in config but found in design.
logA_6[3] not found in config but found in design.
logC_0[1] not found in config but found in design.
logA_3[11] not found in config but found in design.
logB_0[6] not found in config but found in design.
logB_4[15] not found in config but found in design.
logA_3[13] not found in config but found in design.
logA_3[10] not found in config but found in design.
logC_2[6] not found in config but found in design.
logA_5[0] not found in config but found in design.
logA_6[15] not found in config but found in design.
logA_7[11] not found in config but found in design.
logB_6[10] not found in config but found in design.
logA_0[14] not found in config but found in design.
logB_6[3] not found in config but found in design.
logB_6[12] not found in config but found in design.
logA_5[5] not found in config but found in design.
logA_5[1] not found in config but found in design.
logA_3[2] not found in config but found in design.
logB_1[0] not found in config but found in design.
logA_2[7] not found in config but found in design.
logA_3[9] not found in config but found in design.
logA_1[8] not found in config but found in design.
logC_1[14] not found in config but found in design.
logA_7[5] not found in config but found in design.
logA_8[15] not found in config but found in design.
logA_0[10] not found in config but found in design.
logC_1[11] not found in config but found in design.
logB_4[8] not found in config but found in design.
logB_0[9] not found in config but found in design.
logB_2[2] not found in config but found in design.
logA_1[2] not found in config but found in design.
logA_6[7] not found in config but found in design.
logB_6[15] not found in config but found in design.
logC_2[7] not found in config but found in design.
logC_1[7] not found in config but found in design.
logA_6[10] not found in config but found in design.
logC_1[9] not found in config but found in design.
logA_5[13] not found in config but found in design.
logA_7[6] not found in config but found in design.
logB_7[3] not found in config but found in design.
logB_4[0] not found in config but found in design.
logB_1[2] not found in config but found in design.
logB_7[12] not found in config but found in design.
logA_3[1] not found in config but found in design.
logA_1[9] not found in config but found in design.
logA_6[0] not found in config but found in design.
logB_3[11] not found in config but found in design.
logA_8[9] not found in config but found in design.
logB_1[1] not found in config but found in design.
logA_5[12] not found in config but found in design.
logB_5[10] not found in config but found in design.
logB_3[4] not found in config but found in design.
logB_1[5] not found in config but found in design.
logC_2[8] not found in config but found in design.
logB_0[11] not found in config but found in design.
logA_0[2] not found in config but found in design.
logA_4[0] not found in config but found in design.
logA_3[7] not found in config but found in design.
logB_4[2] not found in config but found in design.
logB_4[9] not found in config but found in design.
logA_3[5] not found in config but found in design.
logA_8[5] not found in config but found in design.
logB_4[12] not found in config but found in design.
logB_6[7] not found in config but found in design.
logA_1[15] not found in config but found in design.
logB_7[4] not found in config but found in design.
logB_6[14] not found in config but found in design.
logA_1[12] not found in config but found in design.
logB_2[1] not found in config but found in design.
logA_4[5] not found in config but found in design.
logB_6[8] not found in config but found in design.
logA_4[15] not found in config but found in design.
logA_6[11] not found in config but found in design.
logB_6[1] not found in config but found in design.
logA_5[3] not found in config but found in design.
logB_6[4] not found in config but found in design.
logC_0[0] not found in config but found in design.
logA_8[8] not found in config but found in design.
logB_6[5] not found in config but found in design.
logA_8[14] not found in config but found in design.
logB_2[8] not found in config but found in design.
logB_3[6] not found in config but found in design.
logB_8[3] not found in config but found in design.
logA_4[9] not found in config but found in design.
logA_8[0] not found in config but found in design.
logC_2[0] not found in config but found in design.
logC_1[2] not found in config but found in design.
logB_2[0] not found in config but found in design.
logB_3[9] not found in config but found in design.
logB_8[7] not found in config but found in design.
logA_3[8] not found in config but found in design.
logB_8[4] not found in config but found in design.
logA_7[8] not found in config but found in design.
logC_0[14] not found in config but found in design.
logB_4[14] not found in config but found in design.
logB_7[1] not found in config but found in design.
logB_7[0] not found in config but found in design.
logA_1[7] not found in config but found in design.
logB_4[13] not found in config but found in design.
logA_7[1] not found in config but found in design.
logB_8[12] not found in config but found in design.
logA_8[2] not found in config but found in design.
logB_0[13] not found in config but found in design.
logC_2[12] not found in config but found in design.
logA_7[14] not found in config but found in design.
logC_2[3] not found in config but found in design.
logC_1[15] not found in config but found in design.
logA_2[14] not found in config but found in design.
logB_0[0] not found in config but found in design.
logB_4[10] not found in config but found in design.
logA_5[7] not found in config but found in design.
logC_0[8] not found in config but found in design.
logC_2[2] not found in config but found in design.
logC_0[15] not found in config but found in design.
logC_0[7] not found in config but found in design.
logB_0[5] not found in config but found in design.
logB_0[8] not found in config but found in design.
logC_2[15] not found in config but found in design.
logC_1[12] not found in config but found in design.
logA_0[9] not found in config but found in design.
logB_0[12] not found in config but found in design.
logA_0[3] not found in config but found in design.
logA_6[9] not found in config but found in design.
logA_1[14] not found in config but found in design.
logC_2[1] not found in config but found in design.
logB_2[15] not found in config but found in design.
logC_0[5] not found in config but found in design.
logB_8[0] not found in config but found in design.
logB_5[0] not found in config but found in design.
logB_0[10] not found in config but found in design.
logA_2[11] not found in config but found in design.
logA_7[15] not found in config but found in design.
logA_5[14] not found in config but found in design.
logA_4[8] not found in config but found in design.
logB_0[7] not found in config but found in design.
logC_0[12] not found in config but found in design.
logA_1[13] not found in config but found in design.
logC_2[5] not found in config but found in design.
logA_7[3] not found in config but found in design.
logB_1[3] not found in config but found in design.
logB_5[2] not found in config but found in design.
logB_7[8] not found in config but found in design.
logB_3[8] not found in config but found in design.
logB_8[13] not found in config but found in design.
logA_1[5] not found in config but found in design.
logB_1[11] not found in config but found in design.
logC_1[1] not found in config but found in design.
logA_5[6] not found in config but found in design.
logB_4[11] not found in config but found in design.
logB_6[11] not found in config but found in design.
logB_5[13] not found in config but found in design.
logA_0[5] not found in config but found in design.
logB_0[1] not found in config but found in design.
logA_4[7] not found in config but found in design.
logA_2[2] not found in config but found in design.
logB_0[14] not found in config but found in design.
logA_2[3] not found in config but found in design.
logA_1[4] not found in config but found in design.
logA_8[1] not found in config but found in design.
logA_5[8] not found in config but found in design.
logC_0[11] not found in config but found in design.
logA_4[12] not found in config but found in design.
logA_8[3] not found in config but found in design.
logB_4[5] not found in config but found in design.
logA_3[14] not found in config but found in design.
logA_7[12] not found in config but found in design.
logB_5[14] not found in config but found in design.
logA_6[2] not found in config but found in design.
logB_4[1] not found in config but found in design.
logC_0[13] not found in config but found in design.
logA_0[0] not found in config but found in design.
logB_0[4] not found in config but found in design.
logB_1[14] not found in config but found in design.
logB_3[2] not found in config but found in design.
logB_7[7] not found in config but found in design.
logB_0[15] not found in config but found in design.
logA_3[12] not found in config but found in design.
logB_2[5] not found in config but found in design.
logB_2[7] not found in config but found in design.
logA_8[10] not found in config but found in design.
logC_2[10] not found in config but found in design.
logB_2[4] not found in config but found in design.
logA_5[2] not found in config but found in design.
logB_0[3] not found in config but found in design.
logC_0[10] not found in config but found in design.
logB_8[1] not found in config but found in design.
logB_2[3] not found in config but found in design.
logB_7[11] not found in config but found in design.
logA_3[6] not found in config but found in design.
logA_2[13] not found in config but found in design.
logB_7[15] not found in config but found in design.
logA_5[9] not found in config but found in design.
logA_6[5] not found in config but found in design.
logB_1[10] not found in config but found in design.
logB_4[7] not found in config but found in design.
logA_6[12] not found in config but found in design.
logA_0[12] not found in config but found in design.
logA_4[4] not found in config but found in design.
logB_5[15] not found in config but found in design.
logB_3[14] not found in config but found in design.
logB_4[6] not found in config but found in design.
logA_6[13] not found in config but found in design.
logA_7[0] not found in config but found in design.
logA_3[3] not found in config but found in design.
logA_5[10] not found in config but found in design.
logA_6[6] not found in config but found in design.
logB_7[9] not found in config but found in design.
logA_0[6] not found in config but found in design.
logB_5[6] not found in config but found in design.
logA_6[1] not found in config but found in design.
logA_2[10] not found in config but found in design.
logA_2[0] not found in config but found in design.
logA_6[4] not found in config but found in design.
logB_6[6] not found in config but found in design.
logB_5[4] not found in config but found in design.
logA_7[9] not found in config but found in design.
logA_1[11] not found in config but found in design.
logB_3[12] not found in config but found in design.
logA_6[14] not found in config but found in design.
logA_2[15] not found in config but found in design.
logB_5[11] not found in config but found in design.
logB_5[9] not found in config but found in design.
logB_8[11] not found in config but found in design.
logB_5[8] not found in config but found in design.
logB_1[8] not found in config but found in design.
logA_4[6] not found in config but found in design.
logC_2[9] not found in config but found in design.
logB_7[2] not found in config but found in design.
logC_1[0] not found in config but found in design.
logB_2[10] not found in config but found in design.
logA_7[2] not found in config but found in design.
logB_3[15] not found in config but found in design.
logB_6[9] not found in config but found in design.
logB_1[4] not found in config but found in design.
logA_0[15] not found in config but found in design.
logC_1[10] not found in config but found in design.
logB_6[2] not found in config but found in design.
logB_7[5] not found in config but found in design.
logB_8[8] not found in config but found in design.
logB_7[13] not found in config but found in design.
logB_3[0] not found in config but found in design.
logA_5[11] not found in config but found in design.
logA_4[2] not found in config but found in design.
logA_5[4] not found in config but found in design.
logB_1[7] not found in config but found in design.
logC_0[3] not found in config but found in design.
logA_4[10] not found in config but found in design.
logB_3[13] not found in config but found in design.
logA_1[10] not found in config but found in design.
logB_5[1] not found in config but found in design.
logB_3[5] not found in config but found in design.
logB_4[3] not found in config but found in design.
logB_8[10] not found in config but found in design.
logA_3[4] not found in config but found in design.
logA_8[12] not found in config but found in design.
logB_0[2] not found in config but found in design.
logA_1[6] not found in config but found in design.
logA_0[7] not found in config but found in design.
logA_2[9] not found in config but found in design.
logB_1[13] not found in config but found in design.
logA_7[4] not found in config but found in design.
logA_4[11] not found in config but found in design.
logA_2[4] not found in config but found in design.
logB_8[9] not found in config but found in design.
logA_8[13] not found in config but found in design.
logA_4[3] not found in config but found in design.
logB_3[3] not found in config but found in design.
logC_1[13] not found in config but found in design.
logA_3[15] not found in config but found in design.
logA_6[8] not found in config but found in design.
logB_5[5] not found in config but found in design.
logB_5[7] not found in config but found in design.
logA_0[8] not found in config but found in design.
logA_8[6] not found in config but found in design.
logB_4[4] not found in config but found in design.
logA_2[6] not found in config but found in design.
logA_0[4] not found in config but found in design.
logA_2[8] not found in config but found in design.
logB_1[12] not found in config but found in design.
logB_8[2] not found in config but found in design.
logC_1[8] not found in config but found in design.
logC_1[4] not found in config but found in design.
logA_1[0] not found in config but found in design.
logC_1[6] not found in config but found in design.
logB_3[7] not found in config but found in design.
logB_8[6] not found in config but found in design.
logA_0[11] not found in config but found in design.
logA_2[1] not found in config but found in design.
logC_2[11] not found in config but found in design.
logA_2[12] not found in config but found in design.
logB_2[9] not found in config but found in design.
logC_0[6] not found in config but found in design.
logC_0[2] not found in config but found in design.
logA_4[1] not found in config but found in design.
logA_7[10] not found in config but found in design.
logB_3[1] not found in config but found in design.
logA_2[5] not found in config but found in design.
logA_1[3] not found in config but found in design.
logA_4[13] not found in config but found in design.
logB_2[12] not found in config but found in design.
logC_2[4] not found in config but found in design.
logA_0[13] not found in config but found in design.
logA_5[15] not found in config but found in design.
logB_6[13] not found in config but found in design.
logB_6[0] not found in config but found in design.
logC_1[5] not found in config but found in design.
logC_1[3] not found in config but found in design.
logB_3[10] not found in config but found in design.
logB_7[10] not found in config but found in design.
logB_7[14] not found in config but found in design.
logB_7[6] not found in config but found in design.
logC_2[14] not found in config but found in design.
logC_0[9] not found in config but found in design.
logB_5[12] not found in config but found in design.
logA_4[14] not found in config but found in design.
logB_1[9] not found in config but found in design.
logB_8[14] not found in config but found in design.
logA_3[0] not found in config but found in design.
logB_2[14] not found in config but found in design.
logA_8[4] not found in config but found in design.
logA_1[1] not found in config but found in design.
logB_5[3] not found in config but found in design.
logA_7[7] not found in config but found in design.
logB_8[15] not found in config but found in design.
logC_0[4] not found in config but found in design.
logA_8[11] not found in config but found in design.
logB_1[6] not found in config but found in design.
logB_2[6] not found in config but found in design.
logB_1[15] not found in config but found in design.
Subprocess had a non-zero exit.
Last 10 line(s):
[ERROR] logB_5[3] not found in config but found in design.
[ERROR] logA_7[7] not found in config but found in design.
[ERROR] logB_8[15] not found in config but found in design.
[ERROR] logC_0[4] not found in config but found in design.
[ERROR] logA_8[11] not found in config but found in design.
[ERROR] logB_1[6] not found in config but found in design.
[ERROR] logB_2[6] not found in config but found in design.
[ERROR] logB_1[15] not found in config but found in design.
Top-level design name: viterbi_top
Critical mismatches found.

Full log file: 'runs/RUN_2025-06-12_23-34-39/25-odb-customioplacement/odb-customioplacement.log'
