446 Lint warnings found.
Px\[212\] not found in design but found in config.
k\[62\] not found in design but found in config.
k\[132\] not found in design but found in config.
k\[213\] not found in design but found in config.
k\[167\] not found in design but found in config.
Yout\[82\] not found in design but found in config.
Yout\[196\] not found in design but found in config.
Yout\[209\] not found in design but found in config.
k\[150\] not found in design but found in config.
Xout\[64\] not found in design but found in config.
Px\[139\] not found in design but found in config.
Px\[50\] not found in design but found in config.
Px\[42\] not found in design but found in config.
k\[197\] not found in design but found in config.
Xout\[224\] not found in design but found in config.
k\[141\] not found in design but found in config.
Xout\[57\] not found in design but found in config.
Py\[65\] not found in design but found in config.
Yout\[228\] not found in design but found in config.
Py\[140\] not found in design but found in config.
k\[232\] not found in design but found in config.
k\[87\] not found in design but found in config.
Py\[39\] not found in design but found in config.
k\[142\] not found in design but found in config.
Yout\[202\] not found in design but found in config.
Xout\[48\] not found in design but found in config.
k\[199\] not found in design but found in config.
Xout\[157\] not found in design but found in config.
k\[251\] not found in design but found in config.
Xout\[117\] not found in design but found in config.
Px\[182\] not found in design but found in config.
k\[180\] not found in design but found in config.
Xout\[1\] not found in design but found in config.
Py\[19\] not found in design but found in config.
Py\[251\] not found in design but found in config.
Xout\[115\] not found in design but found in config.
Yout\[221\] not found in design but found in config.
Px\[171\] not found in design but found in config.
Py\[37\] not found in design but found in config.
Xout\[143\] not found in design but found in config.
Yout\[214\] not found in design but found in config.
Py\[62\] not found in design but found in config.
Yout\[100\] not found in design but found in config.
Px\[9\] not found in design but found in config.
k\[174\] not found in design but found in config.
Yout\[124\] not found in design but found in config.
Py\[249\] not found in design but found in config.
k\[182\] not found in design but found in config.
k\[243\] not found in design but found in config.
Yout\[18\] not found in design but found in config.
k\[37\] not found in design but found in config.
Py\[47\] not found in design but found in config.
Px\[33\] not found in design but found in config.
Xout\[184\] not found in design but found in config.
Yout\[167\] not found in design but found in config.
Xout\[5\] not found in design but found in config.
Yout\[106\] not found in design but found in config.
k\[81\] not found in design but found in config.
k\[36\] not found in design but found in config.
Yout\[184\] not found in design but found in config.
Px\[146\] not found in design but found in config.
Px\[216\] not found in design but found in config.
k\[152\] not found in design but found in config.
Py\[56\] not found in design but found in config.
Xout\[209\] not found in design but found in config.
Yout\[13\] not found in design but found in config.
Py\[187\] not found in design but found in config.
k\[90\] not found in design but found in config.
Xout\[37\] not found in design but found in config.
Px\[141\] not found in design but found in config.
Yout\[220\] not found in design but found in config.
Yout\[117\] not found in design but found in config.
Xout\[204\] not found in design but found in config.
Yout\[63\] not found in design but found in config.
k\[164\] not found in design but found in config.
Px\[6\] not found in design but found in config.
Yout\[215\] not found in design but found in config.
Yout\[166\] not found in design but found in config.
Py\[134\] not found in design but found in config.
Px\[207\] not found in design but found in config.
Py\[132\] not found in design but found in config.
k\[124\] not found in design but found in config.
Xout\[138\] not found in design but found in config.
k\[49\] not found in design but found in config.
k\[120\] not found in design but found in config.
Yout\[19\] not found in design but found in config.
Px\[155\] not found in design but found in config.
Py\[230\] not found in design but found in config.
Xout\[116\] not found in design but found in config.
k\[0\] not found in design but found in config.
Px\[181\] not found in design but found in config.
k\[3\] not found in design but found in config.
k\[241\] not found in design but found in config.
Py\[90\] not found in design but found in config.
Px\[67\] not found in design but found in config.
Yout\[35\] not found in design but found in config.
Px\[92\] not found in design but found in config.
Py\[201\] not found in design but found in config.
Yout\[81\] not found in design but found in config.
Yout\[170\] not found in design but found in config.
k\[162\] not found in design but found in config.
Px\[143\] not found in design but found in config.
k\[75\] not found in design but found in config.
Xout\[231\] not found in design but found in config.
k\[161\] not found in design but found in config.
Py\[102\] not found in design but found in config.
Py\[228\] not found in design but found in config.
Xout\[77\] not found in design but found in config.
Py\[247\] not found in design but found in config.
Xout\[80\] not found in design but found in config.
Px\[41\] not found in design but found in config.
Py\[175\] not found in design but found in config.
Yout\[129\] not found in design but found in config.
k\[216\] not found in design but found in config.
Yout\[26\] not found in design but found in config.
k\[183\] not found in design but found in config.
Py\[117\] not found in design but found in config.
Px\[166\] not found in design but found in config.
Px\[115\] not found in design but found in config.
k\[98\] not found in design but found in config.
Py\[193\] not found in design but found in config.
Py\[213\] not found in design but found in config.
Yout\[133\] not found in design but found in config.
Yout\[62\] not found in design but found in config.
Py\[192\] not found in design but found in config.
Xout\[75\] not found in design but found in config.
Px\[54\] not found in design but found in config.
Py\[50\] not found in design but found in config.
Px\[156\] not found in design but found in config.
k\[6\] not found in design but found in config.
Px\[70\] not found in design but found in config.
k\[127\] not found in design but found in config.
Py\[137\] not found in design but found in config.
k\[149\] not found in design but found in config.
Xout\[13\] not found in design but found in config.
k\[31\] not found in design but found in config.
Py\[54\] not found in design but found in config.
Py\[97\] not found in design but found in config.
Yout\[110\] not found in design but found in config.
Py\[152\] not found in design but found in config.
Yout\[198\] not found in design but found in config.
Py\[99\] not found in design but found in config.
Px\[196\] not found in design but found in config.
Xout\[181\] not found in design but found in config.
k\[170\] not found in design but found in config.
Yout\[51\] not found in design but found in config.
Py\[127\] not found in design but found in config.
Yout\[164\] not found in design but found in config.
k\[192\] not found in design but found in config.
Px\[86\] not found in design but found in config.
k\[237\] not found in design but found in config.
Yout\[101\] not found in design but found in config.
k\[74\] not found in design but found in config.
k\[44\] not found in design but found in config.
k\[234\] not found in design but found in config.
Yout\[174\] not found in design but found in config.
k\[186\] not found in design but found in config.
Px\[52\] not found in design but found in config.
Xout\[122\] not found in design but found in config.
Xout\[83\] not found in design but found in config.
Xout\[132\] not found in design but found in config.
k\[119\] not found in design but found in config.
Px\[249\] not found in design but found in config.
Py\[148\] not found in design but found in config.
k\[10\] not found in design but found in config.
Yout\[147\] not found in design but found in config.
Yout\[40\] not found in design but found in config.
Px\[149\] not found in design but found in config.
Py\[196\] not found in design but found in config.
Py\[41\] not found in design but found in config.
k\[136\] not found in design but found in config.
k\[21\] not found in design but found in config.
Yout\[244\] not found in design but found in config.
k\[20\] not found in design but found in config.
k\[191\] not found in design but found in config.
Px\[218\] not found in design but found in config.
k\[58\] not found in design but found in config.
Yout\[205\] not found in design but found in config.
Xout\[27\] not found in design but found in config.
Px\[106\] not found in design but found in config.
Yout\[173\] not found in design but found in config.
Py\[155\] not found in design but found in config.
Px\[118\] not found in design but found in config.
Py\[96\] not found in design but found in config.
k\[123\] not found in design but found in config.
Yout\[94\] not found in design but found in config.
Yout\[186\] not found in design but found in config.
k\[160\] not found in design but found in config.
Px\[26\] not found in design but found in config.
Xout\[79\] not found in design but found in config.
Px\[59\] not found in design but found in config.
Xout\[3\] not found in design but found in config.
k\[184\] not found in design but found in config.
Px\[122\] not found in design but found in config.
Xout\[139\] not found in design but found in config.
Px\[246\] not found in design but found in config.
Py\[91\] not found in design but found in config.
Xout\[188\] not found in design but found in config.
Px\[20\] not found in design but found in config.
k\[159\] not found in design but found in config.
Px\[205\] not found in design but found in config.
Yout\[88\] not found in design but found in config.
Yout\[126\] not found in design but found in config.
Xout\[126\] not found in design but found in config.
Xout\[154\] not found in design but found in config.
Yout\[17\] not found in design but found in config.
k\[76\] not found in design but found in config.
Yout\[223\] not found in design but found in config.
k\[38\] not found in design but found in config.
k\[95\] not found in design but found in config.
Yout\[232\] not found in design but found in config.
Px\[217\] not found in design but found in config.
Px\[180\] not found in design but found in config.
Xout\[191\] not found in design but found in config.
Py\[68\] not found in design but found in config.
Py\[33\] not found in design but found in config.
Px\[8\] not found in design but found in config.
Xout\[69\] not found in design but found in config.
Py\[130\] not found in design but found in config.
Px\[32\] not found in design but found in config.
k\[65\] not found in design but found in config.
k\[203\] not found in design but found in config.
Py\[186\] not found in design but found in config.
k\[41\] not found in design but found in config.
Py\[246\] not found in design but found in config.
k\[71\] not found in design but found in config.
Xout\[171\] not found in design but found in config.
Yout\[108\] not found in design but found in config.
Yout\[217\] not found in design but found in config.
Px\[103\] not found in design but found in config.
Py\[138\] not found in design but found in config.
Py\[136\] not found in design but found in config.
k\[146\] not found in design but found in config.
Xout\[156\] not found in design but found in config.
Py\[108\] not found in design but found in config.
Py\[179\] not found in design but found in config.
Yout\[42\] not found in design but found in config.
Yout\[163\] not found in design but found in config.
Yout\[144\] not found in design but found in config.
Yout\[99\] not found in design but found in config.
Px\[48\] not found in design but found in config.
k\[158\] not found in design but found in config.
Xout\[142\] not found in design but found in config.
Yout\[79\] not found in design but found in config.
Py\[194\] not found in design but found in config.
Py\[222\] not found in design but found in config.
k\[63\] not found in design but found in config.
Yout\[118\] not found in design but found in config.
Yout\[179\] not found in design but found in config.
k\[133\] not found in design but found in config.
Px\[229\] not found in design but found in config.
Yout\[20\] not found in design but found in config.
Xout\[168\] not found in design but found in config.
Px\[170\] not found in design but found in config.
k\[116\] not found in design but found in config.
Xout\[165\] not found in design but found in config.
Px\[136\] not found in design but found in config.
Px\[214\] not found in design but found in config.
Py\[92\] not found in design but found in config.
Yout\[98\] not found in design but found in config.
Xout\[99\] not found in design but found in config.
Xout\[226\] not found in design but found in config.
Px\[233\] not found in design but found in config.
k\[217\] not found in design but found in config.
Py\[88\] not found in design but found in config.
Yout\[47\] not found in design but found in config.
Yout\[122\] not found in design but found in config.
Xout\[76\] not found in design but found in config.
Py\[52\] not found in design but found in config.
Yout\[204\] not found in design but found in config.
Px\[224\] not found in design but found in config.
Xout\[238\] not found in design but found in config.
Yout\[253\] not found in design but found in config.
Py\[16\] not found in design but found in config.
Py\[89\] not found in design but found in config.
Yout\[146\] not found in design but found in config.
Py\[139\] not found in design but found in config.
Px\[95\] not found in design but found in config.
Xout\[59\] not found in design but found in config.
Px\[206\] not found in design but found in config.
Py\[145\] not found in design but found in config.
Py\[154\] not found in design but found in config.
Yout\[3\] not found in design but found in config.
k\[28\] not found in design but found in config.
Yout\[180\] not found in design but found in config.
Px\[190\] not found in design but found in config.
k\[240\] not found in design but found in config.
Px\[158\] not found in design but found in config.
Yout\[76\] not found in design but found in config.
k\[151\] not found in design but found in config.
k\[189\] not found in design but found in config.
Px\[145\] not found in design but found in config.
Xout\[52\] not found in design but found in config.
Py\[227\] not found in design but found in config.
Yout\[219\] not found in design but found in config.
Py\[180\] not found in design but found in config.
Px\[208\] not found in design but found in config.
Px\[150\] not found in design but found in config.
Py\[166\] not found in design but found in config.
Yout\[165\] not found in design but found in config.
Px\[66\] not found in design but found in config.
Yout\[140\] not found in design but found in config.
Py\[42\] not found in design but found in config.
k\[190\] not found in design but found in config.
Xout\[200\] not found in design but found in config.
Py\[128\] not found in design but found in config.
Py\[120\] not found in design but found in config.
Xout\[229\] not found in design but found in config.
Py\[125\] not found in design but found in config.
Py\[197\] not found in design but found in config.
k\[239\] not found in design but found in config.
Py\[48\] not found in design but found in config.
Yout\[240\] not found in design but found in config.
Xout\[163\] not found in design but found in config.
Xout\[23\] not found in design but found in config.
Xout\[170\] not found in design but found in config.
Px\[177\] not found in design but found in config.
Yout\[137\] not found in design but found in config.
Px\[37\] not found in design but found in config.
Yout\[230\] not found in design but found in config.
k\[178\] not found in design but found in config.
Py\[167\] not found in design but found in config.
Py\[122\] not found in design but found in config.
Py\[105\] not found in design but found in config.
Xout\[87\] not found in design but found in config.
Px\[100\] not found in design but found in config.
Xout\[60\] not found in design but found in config.
Px\[162\] not found in design but found in config.
k\[59\] not found in design but found in config.
Yout\[80\] not found in design but found in config.
Yout\[148\] not found in design but found in config.
Xout\[38\] not found in design but found in config.
Xout\[130\] not found in design but found in config.
Yout\[57\] not found in design but found in config.
k\[137\] not found in design but found in config.
k\[102\] not found in design but found in config.
Xout\[185\] not found in design but found in config.
Yout\[24\] not found in design but found in config.
Xout\[112\] not found in design but found in config.
Yout\[134\] not found in design but found in config.
Yout\[235\] not found in design but found in config.
Py\[83\] not found in design but found in config.
k\[233\] not found in design but found in config.
Xout\[145\] not found in design but found in config.
Xout\[98\] not found in design but found in config.
k\[104\] not found in design but found in config.
Xout\[94\] not found in design but found in config.
Xout\[7\] not found in design but found in config.
Xout\[253\] not found in design but found in config.
k\[252\] not found in design but found in config.
Xout\[172\] not found in design but found in config.
Px\[154\] not found in design but found in config.
Xout\[49\] not found in design but found in config.
k\[218\] not found in design but found in config.
Xout\[9\] not found in design but found in config.
Py\[220\] not found in design but found in config.
k\[202\] not found in design but found in config.
Xout\[114\] not found in design but found in config.
Px\[247\] not found in design but found in config.
Py\[28\] not found in design but found in config.
Yout\[115\] not found in design but found in config.
Yout\[53\] not found in design but found in config.
Yout\[87\] not found in design but found in config.
Py\[8\] not found in design but found in config.
k\[97\] not found in design but found in config.
k\[204\] not found in design but found in config.
Px\[152\] not found in design but found in config.
Xout\[103\] not found in design but found in config.
k\[29\] not found in design but found in config.
k\[48\] not found in design but found in config.
Px\[235\] not found in design but found in config.
Yout\[56\] not found in design but found in config.
Py\[176\] not found in design but found in config.
Py\[195\] not found in design but found in config.
k\[35\] not found in design but found in config.
k\[188\] not found in design but found in config.
Py\[124\] not found in design but found in config.
Yout\[151\] not found in design but found in config.
Py\[252\] not found in design but found in config.
Py\[185\] not found in design but found in config.
k\[52\] not found in design but found in config.
k\[247\] not found in design but found in config.
Px\[83\] not found in design but found in config.
Yout\[61\] not found in design but found in config.
Py\[144\] not found in design but found in config.
Px\[112\] not found in design but found in config.
Py\[53\] not found in design but found in config.
Px\[120\] not found in design but found in config.
Xout\[92\] not found in design but found in config.
Px\[16\] not found in design but found in config.
Px\[36\] not found in design but found in config.
Py\[109\] not found in design but found in config.
Px\[241\] not found in design but found in config.
Xout\[245\] not found in design but found in config.
Yout\[120\] not found in design but found in config.
Px\[243\] not found in design but found in config.
k\[230\] not found in design but found in config.
Py\[250\] not found in design but found in config.
k\[148\] not found in design but found in config.
Yout\[15\] not found in design but found in config.
Px\[255\] not found in design but found in config.
Xout\[247\] not found in design but found in config.
Yout\[207\] not found in design but found in config.
Px\[47\] not found in design but found in config.
Xout\[207\] not found in design but found in config.
Py\[184\] not found in design but found in config.
Xout\[159\] not found in design but found in config.
Py\[123\] not found in design but found in config.
Yout\[255\] not found in design but found in config.
Yout\[2\] not found in design but found in config.
k\[128\] not found in design but found in config.
k\[69\] not found in design but found in config.
Xout\[100\] not found in design but found in config.
Xout\[51\] not found in design but found in config.
k\[193\] not found in design but found in config.
Px\[239\] not found in design but found in config.
k\[248\] not found in design but found in config.
Yout\[211\] not found in design but found in config.
Px\[1\] not found in design but found in config.
Py\[169\] not found in design but found in config.
Py\[160\] not found in design but found in config.
Xout\[235\] not found in design but found in config.
k\[228\] not found in design but found in config.
Yout\[201\] not found in design but found in config.
Xout\[255\] not found in design but found in config.
Yout\[36\] not found in design but found in config.
Py\[10\] not found in design but found in config.
Yout\[102\] not found in design but found in config.
Yout\[231\] not found in design but found in config.
Py\[205\] not found in design but found in config.
Py\[11\] not found in design but found in config.
Py\[200\] not found in design but found in config.
Yout\[226\] not found in design but found in config.
k\[129\] not found in design but found in config.
Px\[134\] not found in design but found in config.
Xout\[36\] not found in design but found in config.
Xout\[21\] not found in design but found in config.
Py\[116\] not found in design but found in config.
k\[177\] not found in design but found in config.
Py\[135\] not found in design but found in config.
Px\[111\] not found in design but found in config.
Yout\[22\] not found in design but found in config.
Py\[81\] not found in design but found in config.
k\[17\] not found in design but found in config.
Px\[18\] not found in design but found in config.
Yout\[200\] not found in design but found in config.
Py\[44\] not found in design but found in config.
Yout\[139\] not found in design but found in config.
Py\[215\] not found in design but found in config.
Py\[27\] not found in design but found in config.
k\[140\] not found in design but found in config.
k\[223\] not found in design but found in config.
Yout\[109\] not found in design but found in config.
Yout\[32\] not found in design but found in config.
Px\[238\] not found in design but found in config.
Px\[191\] not found in design but found in config.
k\[4\] not found in design but found in config.
k\[12\] not found in design but found in config.
k\[253\] not found in design but found in config.
Py\[66\] not found in design but found in config.
Py\[6\] not found in design but found in config.
Py\[207\] not found in design but found in config.
k\[131\] not found in design but found in config.
Yout\[114\] not found in design but found in config.
Px\[138\] not found in design but found in config.
k\[171\] not found in design but found in config.
Yout\[225\] not found in design but found in config.
Xout\[71\] not found in design but found in config.
Px\[19\] not found in design but found in config.
k\[187\] not found in design but found in config.
Py\[84\] not found in design but found in config.
k\[135\] not found in design but found in config.
Yout\[73\] not found in design but found in config.
Yout\[149\] not found in design but found in config.
Py\[72\] not found in design but found in config.
Px\[81\] not found in design but found in config.
Xout\[183\] not found in design but found in config.
k\[112\] not found in design but found in config.
Xout\[22\] not found in design but found in config.
Px\[45\] not found in design but found in config.
Xout\[104\] not found in design but found in config.
Yout\[70\] not found in design but found in config.
k\[96\] not found in design but found in config.
k\[242\] not found in design but found in config.
Px\[147\] not found in design but found in config.
Yout\[176\] not found in design but found in config.
Xout\[67\] not found in design but found in config.
Px\[23\] not found in design but found in config.
Xout\[158\] not found in design but found in config.
Py\[226\] not found in design but found in config.
Py\[40\] not found in design but found in config.
Px\[11\] not found in design but found in config.
Py\[100\] not found in design but found in config.
k\[208\] not found in design but found in config.
Px\[96\] not found in design but found in config.
k\[200\] not found in design but found in config.
k\[225\] not found in design but found in config.
Xout\[244\] not found in design but found in config.
Xout\[20\] not found in design but found in config.
Px\[31\] not found in design but found in config.
Yout\[21\] not found in design but found in config.
Py\[153\] not found in design but found in config.
Xout\[230\] not found in design but found in config.
Py\[189\] not found in design but found in config.
Py\[224\] not found in design but found in config.
Py\[253\] not found in design but found in config.
Xout\[18\] not found in design but found in config.
Py\[199\] not found in design but found in config.
Py\[212\] not found in design but found in config.
Px\[71\] not found in design but found in config.
Py\[218\] not found in design but found in config.
k\[39\] not found in design but found in config.
Px\[98\] not found in design but found in config.
Py\[21\] not found in design but found in config.
Xout\[201\] not found in design but found in config.
Xout\[121\] not found in design but found in config.
k\[40\] not found in design but found in config.
k\[175\] not found in design but found in config.
Yout\[85\] not found in design but found in config.
Px\[237\] not found in design but found in config.
Xout\[164\] not found in design but found in config.
Xout\[55\] not found in design but found in config.
k\[1\] not found in design but found in config.
Yout\[27\] not found in design but found in config.
Py\[165\] not found in design but found in config.
Px\[93\] not found in design but found in config.
Px\[188\] not found in design but found in config.
Xout\[66\] not found in design but found in config.
Yout\[136\] not found in design but found in config.
Yout\[41\] not found in design but found in config.
Py\[85\] not found in design but found in config.
Yout\[30\] not found in design but found in config.
Px\[105\] not found in design but found in config.
Px\[79\] not found in design but found in config.
Py\[149\] not found in design but found in config.
Yout\[107\] not found in design but found in config.
k\[254\] not found in design but found in config.
Xout\[136\] not found in design but found in config.
Py\[146\] not found in design but found in config.
Px\[230\] not found in design but found in config.
k\[113\] not found in design but found in config.
Px\[87\] not found in design but found in config.
Yout\[4\] not found in design but found in config.
Px\[129\] not found in design but found in config.
Px\[75\] not found in design but found in config.
k\[221\] not found in design but found in config.
Xout\[146\] not found in design but found in config.
Px\[91\] not found in design but found in config.
Yout\[188\] not found in design but found in config.
Px\[183\] not found in design but found in config.
Yout\[222\] not found in design but found in config.
Yout\[241\] not found in design but found in config.
Yout\[192\] not found in design but found in config.
Yout\[125\] not found in design but found in config.
Py\[248\] not found in design but found in config.
k\[99\] not found in design but found in config.
Px\[108\] not found in design but found in config.
Xout\[240\] not found in design but found in config.
Xout\[161\] not found in design but found in config.
k\[209\] not found in design but found in config.
Py\[244\] not found in design but found in config.
Py\[203\] not found in design but found in config.
k\[134\] not found in design but found in config.
Yout\[29\] not found in design but found in config.
Yout\[72\] not found in design but found in config.
Py\[159\] not found in design but found in config.
Py\[107\] not found in design but found in config.
Xout\[123\] not found in design but found in config.
k\[106\] not found in design but found in config.
Py\[174\] not found in design but found in config.
Px\[35\] not found in design but found in config.
Px\[49\] not found in design but found in config.
Px\[193\] not found in design but found in config.
Py\[142\] not found in design but found in config.
Xout\[177\] not found in design but found in config.
Xout\[203\] not found in design but found in config.
Py\[17\] not found in design but found in config.
k\[78\] not found in design but found in config.
Xout\[232\] not found in design but found in config.
Xout\[179\] not found in design but found in config.
Px\[68\] not found in design but found in config.
Yout\[127\] not found in design but found in config.
Py\[241\] not found in design but found in config.
Px\[253\] not found in design but found in config.
Xout\[63\] not found in design but found in config.
Yout\[210\] not found in design but found in config.
Py\[114\] not found in design but found in config.
Xout\[34\] not found in design but found in config.
Py\[115\] not found in design but found in config.
Xout\[101\] not found in design but found in config.
Px\[213\] not found in design but found in config.
k\[214\] not found in design but found in config.
Xout\[180\] not found in design but found in config.
Yout\[190\] not found in design but found in config.
Px\[69\] not found in design but found in config.
k\[88\] not found in design but found in config.
Xout\[218\] not found in design but found in config.
k\[86\] not found in design but found in config.
Px\[27\] not found in design but found in config.
Py\[225\] not found in design but found in config.
Xout\[208\] not found in design but found in config.
Py\[78\] not found in design but found in config.
k\[60\] not found in design but found in config.
Px\[97\] not found in design but found in config.
Xout\[28\] not found in design but found in config.
Xout\[254\] not found in design but found in config.
k\[176\] not found in design but found in config.
k\[23\] not found in design but found in config.
Yout\[141\] not found in design but found in config.
k\[144\] not found in design but found in config.
k\[30\] not found in design but found in config.
Xout\[120\] not found in design but found in config.
Px\[126\] not found in design but found in config.
Xout\[189\] not found in design but found in config.
Xout\[118\] not found in design but found in config.
Xout\[74\] not found in design but found in config.
Xout\[151\] not found in design but found in config.
Yout\[238\] not found in design but found in config.
Py\[147\] not found in design but found in config.
Yout\[111\] not found in design but found in config.
Yout\[65\] not found in design but found in config.
Px\[197\] not found in design but found in config.
Xout\[246\] not found in design but found in config.
Py\[74\] not found in design but found in config.
k\[224\] not found in design but found in config.
Py\[36\] not found in design but found in config.
Yout\[252\] not found in design but found in config.
Px\[240\] not found in design but found in config.
Py\[38\] not found in design but found in config.
Px\[174\] not found in design but found in config.
k\[79\] not found in design but found in config.
Px\[40\] not found in design but found in config.
k\[43\] not found in design but found in config.
k\[109\] not found in design but found in config.
Py\[76\] not found in design but found in config.
Px\[107\] not found in design but found in config.
Px\[132\] not found in design but found in config.
Py\[61\] not found in design but found in config.
Yout\[1\] not found in design but found in config.
Yout\[156\] not found in design but found in config.
Px\[116\] not found in design but found in config.
Xout\[234\] not found in design but found in config.
Yout\[69\] not found in design but found in config.
k\[154\] not found in design but found in config.
k\[34\] not found in design but found in config.
Py\[51\] not found in design but found in config.
Xout\[140\] not found in design but found in config.
Yout\[199\] not found in design but found in config.
Xout\[84\] not found in design but found in config.
Px\[61\] not found in design but found in config.
Px\[200\] not found in design but found in config.
k\[139\] not found in design but found in config.
Xout\[42\] not found in design but found in config.
Py\[150\] not found in design but found in config.
Xout\[239\] not found in design but found in config.
k\[50\] not found in design but found in config.
k\[110\] not found in design but found in config.
Xout\[149\] not found in design but found in config.
Px\[172\] not found in design but found in config.
Yout\[74\] not found in design but found in config.
Py\[243\] not found in design but found in config.
Px\[17\] not found in design but found in config.
Yout\[37\] not found in design but found in config.
Yout\[169\] not found in design but found in config.
Py\[77\] not found in design but found in config.
Yout\[157\] not found in design but found in config.
k\[33\] not found in design but found in config.
Px\[159\] not found in design but found in config.
Px\[25\] not found in design but found in config.
k\[73\] not found in design but found in config.
Px\[223\] not found in design but found in config.
Yout\[104\] not found in design but found in config.
Yout\[194\] not found in design but found in config.
Py\[71\] not found in design but found in config.
Yout\[78\] not found in design but found in config.
Xout\[210\] not found in design but found in config.
Py\[190\] not found in design but found in config.
Py\[26\] not found in design but found in config.
Py\[4\] not found in design but found in config.
Yout\[216\] not found in design but found in config.
Px\[89\] not found in design but found in config.
Px\[252\] not found in design but found in config.
Xout\[195\] not found in design but found in config.
k\[118\] not found in design but found in config.
Py\[217\] not found in design but found in config.
Yout\[233\] not found in design but found in config.
Px\[165\] not found in design but found in config.
k\[236\] not found in design but found in config.
k\[205\] not found in design but found in config.
Xout\[228\] not found in design but found in config.
Xout\[26\] not found in design but found in config.
Px\[109\] not found in design but found in config.
k\[145\] not found in design but found in config.
k\[173\] not found in design but found in config.
Py\[156\] not found in design but found in config.
Py\[110\] not found in design but found in config.
Px\[163\] not found in design but found in config.
Px\[4\] not found in design but found in config.
Yout\[34\] not found in design but found in config.
Yout\[121\] not found in design but found in config.
Xout\[225\] not found in design but found in config.
k\[210\] not found in design but found in config.
Px\[226\] not found in design but found in config.
Py\[63\] not found in design but found in config.
Xout\[108\] not found in design but found in config.
Px\[231\] not found in design but found in config.
Xout\[41\] not found in design but found in config.
Px\[113\] not found in design but found in config.
Yout\[55\] not found in design but found in config.
Yout\[154\] not found in design but found in config.
Px\[74\] not found in design but found in config.
Yout\[89\] not found in design but found in config.
Px\[198\] not found in design but found in config.
Yout\[191\] not found in design but found in config.
k\[57\] not found in design but found in config.
Py\[233\] not found in design but found in config.
Px\[142\] not found in design but found in config.
k\[51\] not found in design but found in config.
Xout\[46\] not found in design but found in config.
Xout\[8\] not found in design but found in config.
Xout\[35\] not found in design but found in config.
Xout\[174\] not found in design but found in config.
k\[32\] not found in design but found in config.
Xout\[169\] not found in design but found in config.
Xout\[148\] not found in design but found in config.
k\[163\] not found in design but found in config.
Yout\[68\] not found in design but found in config.
Py\[133\] not found in design but found in config.
Xout\[68\] not found in design but found in config.
Yout\[248\] not found in design but found in config.
Yout\[90\] not found in design but found in config.
Px\[199\] not found in design but found in config.
k\[77\] not found in design but found in config.
Py\[234\] not found in design but found in config.
Yout\[60\] not found in design but found in config.
Px\[104\] not found in design but found in config.
Yout\[44\] not found in design but found in config.
Yout\[9\] not found in design but found in config.
Px\[3\] not found in design but found in config.
k\[19\] not found in design but found in config.
Yout\[71\] not found in design but found in config.
Py\[98\] not found in design but found in config.
Yout\[236\] not found in design but found in config.
Xout\[125\] not found in design but found in config.
Px\[124\] not found in design but found in config.
Px\[110\] not found in design but found in config.
Px\[88\] not found in design but found in config.
k\[82\] not found in design but found in config.
Px\[194\] not found in design but found in config.
Px\[245\] not found in design but found in config.
Py\[15\] not found in design but found in config.
Xout\[82\] not found in design but found in config.
Px\[232\] not found in design but found in config.
k\[211\] not found in design but found in config.
Yout\[12\] not found in design but found in config.
Py\[103\] not found in design but found in config.
Py\[106\] not found in design but found in config.
Xout\[40\] not found in design but found in config.
Px\[221\] not found in design but found in config.
Px\[201\] not found in design but found in config.
Py\[162\] not found in design but found in config.
Py\[93\] not found in design but found in config.
Xout\[81\] not found in design but found in config.
k\[143\] not found in design but found in config.
k\[100\] not found in design but found in config.
k\[166\] not found in design but found in config.
Xout\[250\] not found in design but found in config.
Xout\[73\] not found in design but found in config.
k\[114\] not found in design but found in config.
Px\[189\] not found in design but found in config.
Py\[43\] not found in design but found in config.
Xout\[65\] not found in design but found in config.
Yout\[178\] not found in design but found in config.
Py\[2\] not found in design but found in config.
Px\[175\] not found in design but found in config.
Xout\[78\] not found in design but found in config.
Py\[232\] not found in design but found in config.
Xout\[237\] not found in design but found in config.
Xout\[70\] not found in design but found in config.
Xout\[213\] not found in design but found in config.
Py\[87\] not found in design but found in config.
Yout\[7\] not found in design but found in config.
Px\[248\] not found in design but found in config.
Py\[168\] not found in design but found in config.
k\[168\] not found in design but found in config.
Xout\[43\] not found in design but found in config.
Px\[184\] not found in design but found in config.
Yout\[132\] not found in design but found in config.
Yout\[161\] not found in design but found in config.
Yout\[138\] not found in design but found in config.
Px\[34\] not found in design but found in config.
Xout\[220\] not found in design but found in config.
Px\[203\] not found in design but found in config.
Yout\[155\] not found in design but found in config.
Yout\[227\] not found in design but found in config.
Py\[46\] not found in design but found in config.
Py\[229\] not found in design but found in config.
Xout\[135\] not found in design but found in config.
Px\[137\] not found in design but found in config.
k\[125\] not found in design but found in config.
Py\[131\] not found in design but found in config.
Xout\[152\] not found in design but found in config.
Xout\[197\] not found in design but found in config.
k\[245\] not found in design but found in config.
Py\[129\] not found in design but found in config.
Px\[160\] not found in design but found in config.
Xout\[89\] not found in design but found in config.
Py\[177\] not found in design but found in config.
Px\[153\] not found in design but found in config.
Px\[80\] not found in design but found in config.
Yout\[45\] not found in design but found in config.
Xout\[162\] not found in design but found in config.
Xout\[6\] not found in design but found in config.
Yout\[245\] not found in design but found in config.
Py\[171\] not found in design but found in config.
Yout\[48\] not found in design but found in config.
Px\[220\] not found in design but found in config.
Xout\[160\] not found in design but found in config.
Px\[22\] not found in design but found in config.
Xout\[251\] not found in design but found in config.
Px\[225\] not found in design but found in config.
Py\[80\] not found in design but found in config.
k\[92\] not found in design but found in config.
k\[91\] not found in design but found in config.
k\[235\] not found in design but found in config.
k\[22\] not found in design but found in config.
Py\[188\] not found in design but found in config.
Yout\[43\] not found in design but found in config.
Xout\[198\] not found in design but found in config.
Px\[38\] not found in design but found in config.
Yout\[39\] not found in design but found in config.
Px\[168\] not found in design but found in config.
Xout\[124\] not found in design but found in config.
Px\[179\] not found in design but found in config.
Xout\[137\] not found in design but found in config.
Px\[127\] not found in design but found in config.
Xout\[85\] not found in design but found in config.
Yout\[247\] not found in design but found in config.
Yout\[193\] not found in design but found in config.
Yout\[103\] not found in design but found in config.
Yout\[6\] not found in design but found in config.
Yout\[224\] not found in design but found in config.
Yout\[91\] not found in design but found in config.
Px\[77\] not found in design but found in config.
Yout\[158\] not found in design but found in config.
Px\[192\] not found in design but found in config.
Py\[221\] not found in design but found in config.
Px\[130\] not found in design but found in config.
Py\[163\] not found in design but found in config.
Px\[99\] not found in design but found in config.
Px\[39\] not found in design but found in config.
Xout\[206\] not found in design but found in config.
Py\[55\] not found in design but found in config.
Xout\[17\] not found in design but found in config.
Py\[3\] not found in design but found in config.
Px\[58\] not found in design but found in config.
Xout\[196\] not found in design but found in config.
Xout\[242\] not found in design but found in config.
Px\[15\] not found in design but found in config.
Px\[219\] not found in design but found in config.
k\[220\] not found in design but found in config.
Px\[148\] not found in design but found in config.
Xout\[39\] not found in design but found in config.
Yout\[67\] not found in design but found in config.
Yout\[213\] not found in design but found in config.
k\[61\] not found in design but found in config.
Py\[82\] not found in design but found in config.
k\[67\] not found in design but found in config.
k\[117\] not found in design but found in config.
Px\[210\] not found in design but found in config.
Py\[75\] not found in design but found in config.
Xout\[153\] not found in design but found in config.
Py\[112\] not found in design but found in config.
Px\[161\] not found in design but found in config.
Py\[208\] not found in design but found in config.
Xout\[241\] not found in design but found in config.
k\[207\] not found in design but found in config.
k\[206\] not found in design but found in config.
Xout\[95\] not found in design but found in config.
k\[66\] not found in design but found in config.
Px\[227\] not found in design but found in config.
Xout\[205\] not found in design but found in config.
Yout\[23\] not found in design but found in config.
Px\[55\] not found in design but found in config.
Px\[234\] not found in design but found in config.
Xout\[86\] not found in design but found in config.
Xout\[58\] not found in design but found in config.
k\[8\] not found in design but found in config.
k\[185\] not found in design but found in config.
Px\[186\] not found in design but found in config.
k\[126\] not found in design but found in config.
Py\[206\] not found in design but found in config.
Xout\[61\] not found in design but found in config.
Yout\[28\] not found in design but found in config.
Px\[73\] not found in design but found in config.
Px\[13\] not found in design but found in config.
Px\[211\] not found in design but found in config.
Py\[214\] not found in design but found in config.
Px\[176\] not found in design but found in config.
Px\[119\] not found in design but found in config.
Px\[5\] not found in design but found in config.
Yout\[116\] not found in design but found in config.
Px\[244\] not found in design but found in config.
Px\[228\] not found in design but found in config.
Py\[23\] not found in design but found in config.
Py\[70\] not found in design but found in config.
Xout\[131\] not found in design but found in config.
Px\[131\] not found in design but found in config.
Py\[237\] not found in design but found in config.
Px\[121\] not found in design but found in config.
Px\[57\] not found in design but found in config.
Px\[90\] not found in design but found in config.
k\[169\] not found in design but found in config.
Yout\[0\] not found in design but found in config.
Py\[9\] not found in design but found in config.
Px\[29\] not found in design but found in config.
Px\[135\] not found in design but found in config.
Py\[58\] not found in design but found in config.
Yout\[77\] not found in design but found in config.
Py\[240\] not found in design but found in config.
Py\[191\] not found in design but found in config.
Yout\[54\] not found in design but found in config.
Py\[183\] not found in design but found in config.
Xout\[113\] not found in design but found in config.
k\[27\] not found in design but found in config.
Yout\[243\] not found in design but found in config.
Yout\[175\] not found in design but found in config.
k\[16\] not found in design but found in config.
Px\[60\] not found in design but found in config.
Px\[209\] not found in design but found in config.
Py\[31\] not found in design but found in config.
k\[94\] not found in design but found in config.
Yout\[142\] not found in design but found in config.
k\[212\] not found in design but found in config.
k\[64\] not found in design but found in config.
Px\[46\] not found in design but found in config.
k\[198\] not found in design but found in config.
Px\[164\] not found in design but found in config.
k\[84\] not found in design but found in config.
Px\[85\] not found in design but found in config.
Xout\[106\] not found in design but found in config.
k\[215\] not found in design but found in config.
k\[9\] not found in design but found in config.
Px\[82\] not found in design but found in config.
k\[55\] not found in design but found in config.
k\[80\] not found in design but found in config.
Py\[95\] not found in design but found in config.
Py\[22\] not found in design but found in config.
Py\[231\] not found in design but found in config.
Yout\[25\] not found in design but found in config.
Yout\[246\] not found in design but found in config.
Xout\[90\] not found in design but found in config.
k\[201\] not found in design but found in config.
Px\[72\] not found in design but found in config.
Yout\[50\] not found in design but found in config.
k\[156\] not found in design but found in config.
k\[231\] not found in design but found in config.
Py\[60\] not found in design but found in config.
Xout\[199\] not found in design but found in config.
Xout\[25\] not found in design but found in config.
Py\[216\] not found in design but found in config.
k\[179\] not found in design but found in config.
Yout\[229\] not found in design but found in config.
Xout\[97\] not found in design but found in config.
Px\[195\] not found in design but found in config.
Px\[10\] not found in design but found in config.
Xout\[14\] not found in design but found in config.
Yout\[145\] not found in design but found in config.
Py\[79\] not found in design but found in config.
Yout\[195\] not found in design but found in config.
Xout\[194\] not found in design but found in config.
Yout\[64\] not found in design but found in config.
k\[222\] not found in design but found in config.
Yout\[75\] not found in design but found in config.
Xout\[0\] not found in design but found in config.
Py\[0\] not found in design but found in config.
k\[238\] not found in design but found in config.
Px\[12\] not found in design but found in config.
Px\[157\] not found in design but found in config.
k\[101\] not found in design but found in config.
Px\[173\] not found in design but found in config.
Py\[73\] not found in design but found in config.
k\[181\] not found in design but found in config.
Yout\[187\] not found in design but found in config.
Xout\[212\] not found in design but found in config.
Px\[44\] not found in design but found in config.
Xout\[4\] not found in design but found in config.
Xout\[182\] not found in design but found in config.
Py\[151\] not found in design but found in config.
Xout\[186\] not found in design but found in config.
Xout\[215\] not found in design but found in config.
Xout\[111\] not found in design but found in config.
Yout\[97\] not found in design but found in config.
Py\[118\] not found in design but found in config.
Py\[34\] not found in design but found in config.
Px\[133\] not found in design but found in config.
Py\[242\] not found in design but found in config.
Yout\[251\] not found in design but found in config.
k\[138\] not found in design but found in config.
Yout\[181\] not found in design but found in config.
Xout\[134\] not found in design but found in config.
Yout\[86\] not found in design but found in config.
Px\[185\] not found in design but found in config.
Py\[57\] not found in design but found in config.
Xout\[173\] not found in design but found in config.
Yout\[96\] not found in design but found in config.
Yout\[183\] not found in design but found in config.
Px\[215\] not found in design but found in config.
Xout\[10\] not found in design but found in config.
Py\[45\] not found in design but found in config.
Px\[24\] not found in design but found in config.
Xout\[53\] not found in design but found in config.
Yout\[38\] not found in design but found in config.
Py\[164\] not found in design but found in config.
Xout\[107\] not found in design but found in config.
Yout\[49\] not found in design but found in config.
Py\[59\] not found in design but found in config.
Yout\[182\] not found in design but found in config.
Xout\[243\] not found in design but found in config.
Xout\[54\] not found in design but found in config.
Py\[69\] not found in design but found in config.
Yout\[123\] not found in design but found in config.
Yout\[8\] not found in design but found in config.
Py\[1\] not found in design but found in config.
Yout\[112\] not found in design but found in config.
Yout\[234\] not found in design but found in config.
Xout\[24\] not found in design but found in config.
Xout\[133\] not found in design but found in config.
k\[111\] not found in design but found in config.
Py\[158\] not found in design but found in config.
Xout\[178\] not found in design but found in config.
Xout\[175\] not found in design but found in config.
Px\[167\] not found in design but found in config.
Px\[102\] not found in design but found in config.
Xout\[105\] not found in design but found in config.
Xout\[141\] not found in design but found in config.
Yout\[5\] not found in design but found in config.
Yout\[254\] not found in design but found in config.
Xout\[221\] not found in design but found in config.
k\[249\] not found in design but found in config.
Py\[49\] not found in design but found in config.
Py\[35\] not found in design but found in config.
Px\[204\] not found in design but found in config.
Px\[242\] not found in design but found in config.
Px\[14\] not found in design but found in config.
Py\[202\] not found in design but found in config.
Yout\[172\] not found in design but found in config.
Py\[141\] not found in design but found in config.
Xout\[19\] not found in design but found in config.
Yout\[189\] not found in design but found in config.
Xout\[187\] not found in design but found in config.
Yout\[197\] not found in design but found in config.
Py\[239\] not found in design but found in config.
Xout\[233\] not found in design but found in config.
k\[26\] not found in design but found in config.
Xout\[252\] not found in design but found in config.
Px\[178\] not found in design but found in config.
k\[13\] not found in design but found in config.
Yout\[237\] not found in design but found in config.
k\[11\] not found in design but found in config.
Xout\[33\] not found in design but found in config.
Yout\[131\] not found in design but found in config.
Px\[101\] not found in design but found in config.
Xout\[217\] not found in design but found in config.
Xout\[12\] not found in design but found in config.
Xout\[128\] not found in design but found in config.
Px\[151\] not found in design but found in config.
Py\[219\] not found in design but found in config.
k\[7\] not found in design but found in config.
Xout\[93\] not found in design but found in config.
Yout\[93\] not found in design but found in config.
k\[45\] not found in design but found in config.
k\[157\] not found in design but found in config.
Px\[30\] not found in design but found in config.
Py\[182\] not found in design but found in config.
k\[83\] not found in design but found in config.
Px\[63\] not found in design but found in config.
Px\[94\] not found in design but found in config.
Px\[43\] not found in design but found in config.
Py\[121\] not found in design but found in config.
Py\[178\] not found in design but found in config.
Py\[245\] not found in design but found in config.
k\[122\] not found in design but found in config.
Xout\[31\] not found in design but found in config.
k\[89\] not found in design but found in config.
Yout\[130\] not found in design but found in config.
Yout\[113\] not found in design but found in config.
Px\[251\] not found in design but found in config.
Py\[173\] not found in design but found in config.
Xout\[32\] not found in design but found in config.
Yout\[159\] not found in design but found in config.
k\[130\] not found in design but found in config.
k\[194\] not found in design but found in config.
k\[25\] not found in design but found in config.
Xout\[150\] not found in design but found in config.
k\[121\] not found in design but found in config.
Xout\[227\] not found in design but found in config.
Py\[210\] not found in design but found in config.
Px\[78\] not found in design but found in config.
k\[147\] not found in design but found in config.
Px\[7\] not found in design but found in config.
Xout\[96\] not found in design but found in config.
Yout\[171\] not found in design but found in config.
Xout\[119\] not found in design but found in config.
Py\[94\] not found in design but found in config.
Py\[254\] not found in design but found in config.
Xout\[223\] not found in design but found in config.
Yout\[83\] not found in design but found in config.
Yout\[208\] not found in design but found in config.
k\[15\] not found in design but found in config.
Py\[209\] not found in design but found in config.
Xout\[249\] not found in design but found in config.
Yout\[31\] not found in design but found in config.
Px\[76\] not found in design but found in config.
Px\[114\] not found in design but found in config.
Yout\[95\] not found in design but found in config.
Py\[181\] not found in design but found in config.
Xout\[45\] not found in design but found in config.
k\[165\] not found in design but found in config.
Py\[18\] not found in design but found in config.
Yout\[92\] not found in design but found in config.
k\[244\] not found in design but found in config.
k\[24\] not found in design but found in config.
Py\[67\] not found in design but found in config.
Xout\[30\] not found in design but found in config.
k\[103\] not found in design but found in config.
k\[68\] not found in design but found in config.
Xout\[222\] not found in design but found in config.
Py\[20\] not found in design but found in config.
k\[250\] not found in design but found in config.
Yout\[59\] not found in design but found in config.
Yout\[168\] not found in design but found in config.
k\[54\] not found in design but found in config.
Py\[143\] not found in design but found in config.
Px\[21\] not found in design but found in config.
Xout\[248\] not found in design but found in config.
Yout\[11\] not found in design but found in config.
k\[18\] not found in design but found in config.
Yout\[250\] not found in design but found in config.
k\[226\] not found in design but found in config.
Pinf not found in design but found in config.
Py\[14\] not found in design but found in config.
Px\[65\] not found in design but found in config.
Xout\[202\] not found in design but found in config.
Xout\[29\] not found in design but found in config.
k\[2\] not found in design but found in config.
Xout\[11\] not found in design but found in config.
k\[172\] not found in design but found in config.
Xout\[15\] not found in design but found in config.
Py\[238\] not found in design but found in config.
Yout\[119\] not found in design but found in config.
Px\[222\] not found in design but found in config.
Yout\[105\] not found in design but found in config.
Yout\[152\] not found in design but found in config.
k\[47\] not found in design but found in config.
Yout\[203\] not found in design but found in config.
Px\[28\] not found in design but found in config.
Xout\[214\] not found in design but found in config.
Py\[236\] not found in design but found in config.
k\[14\] not found in design but found in config.
Px\[254\] not found in design but found in config.
Xout\[110\] not found in design but found in config.
Px\[169\] not found in design but found in config.
Yout\[46\] not found in design but found in config.
Yout\[242\] not found in design but found in config.
Xout\[176\] not found in design but found in config.
Xout\[216\] not found in design but found in config.
Xout\[127\] not found in design but found in config.
Px\[144\] not found in design but found in config.
Px\[187\] not found in design but found in config.
Yout\[128\] not found in design but found in config.
k\[56\] not found in design but found in config.
Py\[170\] not found in design but found in config.
Yout\[160\] not found in design but found in config.
Xout\[102\] not found in design but found in config.
Yout\[153\] not found in design but found in config.
Xout\[50\] not found in design but found in config.
Py\[126\] not found in design but found in config.
Py\[198\] not found in design but found in config.
Py\[32\] not found in design but found in config.
Yout\[162\] not found in design but found in config.
Py\[172\] not found in design but found in config.
Py\[223\] not found in design but found in config.
Px\[62\] not found in design but found in config.
Xout\[2\] not found in design but found in config.
k\[53\] not found in design but found in config.
Xout\[155\] not found in design but found in config.
Xout\[219\] not found in design but found in config.
k\[155\] not found in design but found in config.
Yout\[249\] not found in design but found in config.
k\[46\] not found in design but found in config.
Xout\[16\] not found in design but found in config.
Xout\[91\] not found in design but found in config.
Px\[2\] not found in design but found in config.
k\[115\] not found in design but found in config.
Yout\[185\] not found in design but found in config.
Px\[64\] not found in design but found in config.
k\[246\] not found in design but found in config.
Xout\[129\] not found in design but found in config.
k\[85\] not found in design but found in config.
Yout\[33\] not found in design but found in config.
inf_out not found in design but found in config.
Xout\[88\] not found in design but found in config.
Px\[250\] not found in design but found in config.
Py\[5\] not found in design but found in config.
Py\[161\] not found in design but found in config.
Py\[64\] not found in design but found in config.
Py\[29\] not found in design but found in config.
Px\[125\] not found in design but found in config.
Yout\[206\] not found in design but found in config.
k\[255\] not found in design but found in config.
Py\[24\] not found in design but found in config.
Xout\[47\] not found in design but found in config.
Yout\[16\] not found in design but found in config.
Py\[113\] not found in design but found in config.
Yout\[218\] not found in design but found in config.
Px\[128\] not found in design but found in config.
Py\[119\] not found in design but found in config.
Py\[13\] not found in design but found in config.
Xout\[167\] not found in design but found in config.
Xout\[236\] not found in design but found in config.
Px\[84\] not found in design but found in config.
Py\[211\] not found in design but found in config.
Yout\[66\] not found in design but found in config.
k\[229\] not found in design but found in config.
Xout\[144\] not found in design but found in config.
Yout\[239\] not found in design but found in config.
Yout\[58\] not found in design but found in config.
Py\[101\] not found in design but found in config.
Yout\[150\] not found in design but found in config.
Yout\[177\] not found in design but found in config.
Xout\[193\] not found in design but found in config.
k\[72\] not found in design but found in config.
Xout\[211\] not found in design but found in config.
Yout\[135\] not found in design but found in config.
k\[107\] not found in design but found in config.
Px\[236\] not found in design but found in config.
Py\[7\] not found in design but found in config.
Py\[25\] not found in design but found in config.
Xout\[44\] not found in design but found in config.
Py\[255\] not found in design but found in config.
Yout\[143\] not found in design but found in config.
Py\[86\] not found in design but found in config.
Xout\[62\] not found in design but found in config.
Xout\[72\] not found in design but found in config.
Px\[56\] not found in design but found in config.
Xout\[56\] not found in design but found in config.
Px\[53\] not found in design but found in config.
Px\[202\] not found in design but found in config.
Px\[117\] not found in design but found in config.
k\[153\] not found in design but found in config.
Py\[30\] not found in design but found in config.
k\[5\] not found in design but found in config.
Py\[104\] not found in design but found in config.
Py\[157\] not found in design but found in config.
Yout\[84\] not found in design but found in config.
Yout\[10\] not found in design but found in config.
k\[70\] not found in design but found in config.
Py\[204\] not found in design but found in config.
k\[93\] not found in design but found in config.
k\[196\] not found in design but found in config.
Py\[111\] not found in design but found in config.
Xout\[190\] not found in design but found in config.
k\[42\] not found in design but found in config.
k\[219\] not found in design but found in config.
k\[105\] not found in design but found in config.
k\[227\] not found in design but found in config.
Yout\[14\] not found in design but found in config.
k\[195\] not found in design but found in config.
Xout\[166\] not found in design but found in config.
Py\[235\] not found in design but found in config.
Xout\[192\] not found in design but found in config.
Px\[0\] not found in design but found in config.
Py\[12\] not found in design but found in config.
Px\[140\] not found in design but found in config.
Yout\[212\] not found in design but found in config.
Px\[123\] not found in design but found in config.
Xout\[109\] not found in design but found in config.
Px\[51\] not found in design but found in config.
Yout\[52\] not found in design but found in config.
k\[108\] not found in design but found in config.
Xout\[147\] not found in design but found in config.
