146. Printing statistics.

=== viterbi_top ===

   Number of wires:               2858
   Number of wire bits:           3361
   Number of public wires:          63
   Number of public wire bits:     462
   Number of ports:                 36
   Number of port bits:            362
   Number of memories:               0
   Number of memory bits:            0
   Number of processes:              0
   Number of cells:               2968
     $_ANDNOT_                    1054
     $_AND_                         35
     $_MUX_                        325
     $_NAND_                       166
     $_NOR_                        181
     $_NOT_                        209
     $_ORNOT_                      182
     $_OR_                         171
     $_XNOR_                       228
     $_XOR_                        300
     sky130_fd_sc_hd__dfrtp_2      116
     sky130_fd_sc_hd__dfstp_2        1

   Area for cell type $_NOT_ is unknown!
   Area for cell type $_AND_ is unknown!
   Area for cell type $_NAND_ is unknown!
   Area for cell type $_OR_ is unknown!
   Area for cell type $_NOR_ is unknown!
   Area for cell type $_XOR_ is unknown!
   Area for cell type $_XNOR_ is unknown!
   Area for cell type $_ANDNOT_ is unknown!
   Area for cell type $_ORNOT_ is unknown!
   Area for cell type $_MUX_ is unknown!

   Chip area for module '\viterbi_top': 3074.198400
     of which used for sequential elements: 3074.198400 (100.00%)

