Starting…
Running 'Verilator.Lint' at 'runs/RUN_2025-06-12_23-51-17/01-verilator-lint'…
Logging subprocess to [repr.filename]'runs/RUN_2025-06-12_23-51-17/01-verilator-lint/verilator-lint.log'[/repr.filename]…
Running 'Checker.LintTimingConstructs' at 'runs/RUN_2025-06-12_23-51-17/02-checker-linttimingconstructs'…
Check for Lint Timing Errors clear.
Running 'Checker.LintErrors' at 'runs/RUN_2025-06-12_23-51-17/03-checker-linterrors'…
Check for Lint errors clear.
Running 'Checker.LintWarnings' at 'runs/RUN_2025-06-12_23-51-17/04-checker-lintwarnings'…
446 Lint warnings found.
Running 'Yosys.JsonHeader' at 'runs/RUN_2025-06-12_23-51-17/05-yosys-jsonheader'…
Logging subprocess to [repr.filename]'runs/RUN_2025-06-12_23-51-17/05-yosys-jsonheader/yosys-jsonheader.log'[/repr.filename]…
Running 'Yosys.Synthesis' at 'runs/RUN_2025-06-12_23-51-17/06-yosys-synthesis'…
Logging subprocess to [repr.filename]'runs/RUN_2025-06-12_23-51-17/06-yosys-synthesis/yosys-synthesis.log'[/repr.filename]…
Parsing synthesis checks…
Running 'Checker.YosysUnmappedCells' at 'runs/RUN_2025-06-12_23-51-17/07-checker-yosysunmappedcells'…
Check for Unmapped Yosys instances clear.
Running 'Checker.YosysSynthChecks' at 'runs/RUN_2025-06-12_23-51-17/08-checker-yosyssynthchecks'…
Check for Yosys check errors clear.
Running 'Checker.NetlistAssignStatements' at 'runs/RUN_2025-06-12_23-51-17/09-checker-netlistassignstatements'…
Running 'OpenROAD.CheckSDCFiles' at 'runs/RUN_2025-06-12_23-51-17/10-openroad-checksdcfiles'…
Running 'OpenROAD.CheckMacroInstances' at 'runs/RUN_2025-06-12_23-51-17/11-openroad-checkmacroinstances'…
No macros found, skipping instance check…
Running 'OpenROAD.STAPrePNR' at 'runs/RUN_2025-06-12_23-51-17/12-openroad-staprepnr'…
Starting STA for the nom_tt_025C_1v80 timing corner…
Starting STA for the nom_ss_100C_1v60 timing corner…
Starting STA for the nom_ff_n40C_1v95 timing corner…
Logging subprocess to [repr.filename]'runs/RUN_2025-06-12_23-51-17/12-openroad-staprepnr/nom_tt_025C_1v80/sta.log'[/repr.filename]…
Skipping corner min_tt_025C_1v80 for STA (identical to nom_tt_025C_1v80 at this stage)…
Skipping corner min_ss_100C_1v60 for STA (identical to nom_ss_100C_1v60 at this stage)…
Skipping corner min_ff_n40C_1v95 for STA (identical to nom_ff_n40C_1v95 at this stage)…
Skipping corner max_tt_025C_1v80 for STA (identical to nom_tt_025C_1v80 at this stage)…
Logging subprocess to [repr.filename]'runs/RUN_2025-06-12_23-51-17/12-openroad-staprepnr/nom_ss_100C_1v60/sta.log'[/repr.filename]…
Skipping corner max_ss_100C_1v60 for STA (identical to nom_ss_100C_1v60 at this stage)…
Logging subprocess to [repr.filename]'runs/RUN_2025-06-12_23-51-17/12-openroad-staprepnr/nom_ff_n40C_1v95/sta.log'[/repr.filename]…
Skipping corner max_ff_n40C_1v95 for STA (identical to nom_ff_n40C_1v95 at this stage)…
Finished STA for the nom_tt_025C_1v80 timing corner.
Finished STA for the nom_ff_n40C_1v95 timing corner.
Finished STA for the nom_ss_100C_1v60 timing corner.
Running 'OpenROAD.Floorplan' at 'runs/RUN_2025-06-12_23-51-17/13-openroad-floorplan'…
Logging subprocess to [repr.filename]'runs/RUN_2025-06-12_23-51-17/13-openroad-floorplan/openroad-floorplan.log'[/repr.filename]…
Running 'Odb.CheckMacroAntennaProperties' at 'runs/RUN_2025-06-12_23-51-17/14-odb-checkmacroantennaproperties'…
No cells provided, skipping…
Running 'Odb.SetPowerConnections' at 'runs/RUN_2025-06-12_23-51-17/15-odb-setpowerconnections'…
Logging subprocess to [repr.filename]'runs/RUN_2025-06-12_23-51-17/15-odb-setpowerconnections/odb-setpowerconnections.log'[/repr.filename]…
Running 'Odb.ManualMacroPlacement' at 'runs/RUN_2025-06-12_23-51-17/16-odb-manualmacroplacement'…
No instances found, skipping 'Odb.ManualMacroPlacement'…
Running 'OpenROAD.CutRows' at 'runs/RUN_2025-06-12_23-51-17/17-openroad-cutrows'…
Logging subprocess to [repr.filename]'runs/RUN_2025-06-12_23-51-17/17-openroad-cutrows/openroad-cutrows.log'[/repr.filename]…
Running 'OpenROAD.TapEndcapInsertion' at 'runs/RUN_2025-06-12_23-51-17/18-openroad-tapendcapinsertion'…
Logging subprocess to [repr.filename]'runs/RUN_2025-06-12_23-51-17/18-openroad-tapendcapinsertion/openroad-tapendcapinsertion.log'[/repr.filename]…
Running 'Odb.AddPDNObstructions' at 'runs/RUN_2025-06-12_23-51-17/19-odb-addpdnobstructions'…
'PDN_OBSTRUCTIONS' is not defined. Skipping 'Odb.AddPDNObstructions'…
Running 'OpenROAD.GeneratePDN' at 'runs/RUN_2025-06-12_23-51-17/20-openroad-generatepdn'…
'FP_PDN_CFG' not explicitly set, setting it to /nix/store/ss2cw3sxbrwwx9jl0rrppbw4kgcmgi2n-python3-3.11.9-env/lib/python3.11/site-packages/openlane/scripts/openroad/common/pdn_cfg.tcl…
Logging subprocess to [repr.filename]'runs/RUN_2025-06-12_23-51-17/20-openroad-generatepdn/openroad-generatepdn.log'[/repr.filename]…
Running 'Odb.RemovePDNObstructions' at 'runs/RUN_2025-06-12_23-51-17/21-odb-removepdnobstructions'…
'PDN_OBSTRUCTIONS' is not defined. Skipping 'Odb.RemovePDNObstructions'…
Running 'Odb.AddRoutingObstructions' at 'runs/RUN_2025-06-12_23-51-17/22-odb-addroutingobstructions'…
'ROUTING_OBSTRUCTIONS' is not defined. Skipping 'Odb.AddRoutingObstructions'…
Running 'OpenROAD.GlobalPlacementSkipIO' at 'runs/RUN_2025-06-12_23-51-17/23-openroad-globalplacementskipio'…
Logging subprocess to [repr.filename]'runs/RUN_2025-06-12_23-51-17/23-openroad-globalplacementskipio/openroad-globalplacementskipio.log'[/repr.filename]…
Running 'OpenROAD.IOPlacement' at 'runs/RUN_2025-06-12_23-51-17/24-openroad-ioplacement'…
FP_PIN_ORDER_CFG is set. Skipping 'OpenROAD.IOPlacement'…
Running 'Odb.CustomIOPlacement' at 'runs/RUN_2025-06-12_23-51-17/25-odb-customioplacement'…
Logging subprocess to [repr.filename]'runs/RUN_2025-06-12_23-51-17/25-odb-customioplacement/odb-customioplacement.log'[/repr.filename]…
Running 'Odb.ApplyDEFTemplate' at 'runs/RUN_2025-06-12_23-51-17/26-odb-applydeftemplate'…
No DEF template provided, skipping…
Running 'OpenROAD.GlobalPlacement' at 'runs/RUN_2025-06-12_23-51-17/27-openroad-globalplacement'…
Logging subprocess to [repr.filename]'runs/RUN_2025-06-12_23-51-17/27-openroad-globalplacement/openroad-globalplacement.log'[/repr.filename]…
Running 'Odb.WriteVerilogHeader' at 'runs/RUN_2025-06-12_23-51-17/28-odb-writeverilogheader'…
Logging subprocess to [repr.filename]'runs/RUN_2025-06-12_23-51-17/28-odb-writeverilogheader/odb-writeverilogheader.log'[/repr.filename]…
Running 'Checker.PowerGridViolations' at 'runs/RUN_2025-06-12_23-51-17/29-checker-powergridviolations'…
Check for power grid violations (as reported by OpenROAD PSM- you may ignore these if LVS passes) clear.
Running 'OpenROAD.STAMidPNR' at 'runs/RUN_2025-06-12_23-51-17/30-openroad-stamidpnr'…
Logging subprocess to [repr.filename]'runs/RUN_2025-06-12_23-51-17/30-openroad-stamidpnr/openroad-stamidpnr.log'[/repr.filename]…
[GRT-0097] No global routing found for nets.
Running 'OpenROAD.RepairDesignPostGPL' at 'runs/RUN_2025-06-12_23-51-17/31-openroad-repairdesignpostgpl'…
Logging subprocess to [repr.filename]'runs/RUN_2025-06-12_23-51-17/31-openroad-repairdesignpostgpl/openroad-repairdesignpostgpl.log'[/repr.filename]…
Running 'Odb.ManualGlobalPlacement' at 'runs/RUN_2025-06-12_23-51-17/32-odb-manualglobalplacement'…
'MANUAL_GLOBAL_PLACEMENTS' not set, skipping…
Running 'OpenROAD.DetailedPlacement' at 'runs/RUN_2025-06-12_23-51-17/33-openroad-detailedplacement'…
Logging subprocess to [repr.filename]'runs/RUN_2025-06-12_23-51-17/33-openroad-detailedplacement/openroad-detailedplacement.log'[/repr.filename]…
Running 'OpenROAD.CTS' at 'runs/RUN_2025-06-12_23-51-17/34-openroad-cts'…
Logging subprocess to [repr.filename]'runs/RUN_2025-06-12_23-51-17/34-openroad-cts/openroad-cts.log'[/repr.filename]…
Running 'OpenROAD.STAMidPNR-1' at 'runs/RUN_2025-06-12_23-51-17/35-openroad-stamidpnr-1'…
Logging subprocess to [repr.filename]'runs/RUN_2025-06-12_23-51-17/35-openroad-stamidpnr-1/openroad-stamidpnr-1.log'[/repr.filename]…
[GRT-0097] No global routing found for nets.
Running 'OpenROAD.ResizerTimingPostCTS' at 'runs/RUN_2025-06-12_23-51-17/36-openroad-resizertimingpostcts'…
Logging subprocess to [repr.filename]'runs/RUN_2025-06-12_23-51-17/36-openroad-resizertimingpostcts/openroad-resizertimingpostcts.log'[/repr.filename]…
Running 'OpenROAD.STAMidPNR-2' at 'runs/RUN_2025-06-12_23-51-17/37-openroad-stamidpnr-2'…
Logging subprocess to [repr.filename]'runs/RUN_2025-06-12_23-51-17/37-openroad-stamidpnr-2/openroad-stamidpnr-2.log'[/repr.filename]…
[GRT-0097] No global routing found for nets.
Running 'OpenROAD.GlobalRouting' at 'runs/RUN_2025-06-12_23-51-17/38-openroad-globalrouting'…
Logging subprocess to [repr.filename]'runs/RUN_2025-06-12_23-51-17/38-openroad-globalrouting/openroad-globalrouting.log'[/repr.filename]…
[GRT-0118] Routing congestion too high. Check the congestion heatmap in the GUI.
