Reading OpenROAD database at '/home/sidsh/Documents/ECE510/hardware_for_AI/proj/openlane/Satya/openlane_v1/runs/RUN_2025-06-12_23-39-31/31-openroad-repairdesignpostgpl/viterbi_top.odb'…
Reading library file at '/root/.volare/volare/sky130/versions/0fe599b2afb6708d281543108caf8310912f54af/sky130A/libs.ref/sky130_fd_sc_hd/lib/sky130_fd_sc_hd__tt_025C_1v80.lib'…
Reading design constraints file at '/home/sidsh/Documents/ECE510/hardware_for_AI/proj/openlane/Satya/openlane_v1/constraints.sdc'…
[INFO] No information on clock propagation in input SDC file-- propagating all clocks.
Placement Analysis
---------------------------------
total displacement          0.0 u
average displacement        0.0 u
max displacement            0.0 u
original HPWL           78630.1 u
legalized HPWL          80406.4 u
delta HPWL                    2 %

[INFO DPL-0020] Mirrored 1006 instances
[INFO DPL-0021] HPWL before           80406.4 u
[INFO DPL-0022] HPWL after            78630.1 u
[INFO DPL-0023] HPWL delta               -2.2 %
Setting global connections for newly added cells…
[INFO] Setting global connections...
Updating metrics…
Cell type report:                       Count       Area
  Fill cell                               160     600.58
  Tap cell                                656     820.79
  Buffer                                    6      22.52
  Timing Repair Buffer                    362    1662.84
  Inverter                                125     474.20
  Sequential cell                         117    3155.53
  Multi-Input combinational cell         1909   14640.29
  Total                                  3335   21376.75
Writing OpenROAD database to '/home/sidsh/Documents/ECE510/hardware_for_AI/proj/openlane/Satya/openlane_v1/runs/RUN_2025-06-12_23-39-31/33-openroad-detailedplacement/viterbi_top.odb'…
Writing netlist to '/home/sidsh/Documents/ECE510/hardware_for_AI/proj/openlane/Satya/openlane_v1/runs/RUN_2025-06-12_23-39-31/33-openroad-detailedplacement/viterbi_top.nl.v'…
Writing powered netlist to '/home/sidsh/Documents/ECE510/hardware_for_AI/proj/openlane/Satya/openlane_v1/runs/RUN_2025-06-12_23-39-31/33-openroad-detailedplacement/viterbi_top.pnl.v'…
Writing layout to '/home/sidsh/Documents/ECE510/hardware_for_AI/proj/openlane/Satya/openlane_v1/runs/RUN_2025-06-12_23-39-31/33-openroad-detailedplacement/viterbi_top.def'…
Writing timing constraints to '/home/sidsh/Documents/ECE510/hardware_for_AI/proj/openlane/Satya/openlane_v1/runs/RUN_2025-06-12_23-39-31/33-openroad-detailedplacement/viterbi_top.sdc'…
