
===========================================================================
report_checks -unconstrained
===========================================================================
======================= nom_ff_n40C_1v95 Corner ===================================

Startpoint: _4216_ (rising edge-triggered flip-flop clocked by core_clock)
Endpoint: _4246_ (rising edge-triggered flip-flop clocked by core_clock)
Path Group: core_clock
Path Type: max

Fanout         Cap        Slew       Delay        Time   Description
---------------------------------------------------------------------------------------------
                      0.000000    0.000000    0.000000   clock core_clock (rise edge)
                                  0.000000    0.000000   clock network delay (ideal)
                      0.000000    0.000000    0.000000 ^ _4216_/CLK (sky130_fd_sc_hd__dfrtp_2)
    11    0.049759    0.102171    0.312822    0.312822 v _4216_/Q (sky130_fd_sc_hd__dfrtp_2)
                                                         delta_1[1] (net)
                      0.102171    0.000000    0.312822 v _3567_/A (sky130_fd_sc_hd__xnor2_2)
     2    0.012130    0.068953    0.133462    0.446283 v _3567_/Y (sky130_fd_sc_hd__xnor2_2)
                                                         _1145_ (net)
                      0.068953    0.000000    0.446283 v _3568_/A2 (sky130_fd_sc_hd__o21ai_2)
     4    0.026445    0.236525    0.206084    0.652368 ^ _3568_/Y (sky130_fd_sc_hd__o21ai_2)
                                                         _1146_ (net)
                      0.236525    0.000000    0.652368 ^ _3570_/A2 (sky130_fd_sc_hd__a211oi_2)
     5    0.011740    0.078485    0.080883    0.733251 v _3570_/Y (sky130_fd_sc_hd__a211oi_2)
                                                         _1148_ (net)
                      0.078485    0.000000    0.733251 v _3586_/B (sky130_fd_sc_hd__or3_2)
     3    0.008833    0.065960    0.285634    1.018885 v _3586_/X (sky130_fd_sc_hd__or3_2)
                                                         _1164_ (net)
                      0.065960    0.000000    1.018885 v _3607_/A1 (sky130_fd_sc_hd__a21o_2)
     2    0.006604    0.032788    0.135707    1.154592 v _3607_/X (sky130_fd_sc_hd__a21o_2)
                                                         _1185_ (net)
                      0.032788    0.000000    1.154592 v _3614_/A1 (sky130_fd_sc_hd__a21o_2)
     3    0.008696    0.036466    0.127794    1.282386 v _3614_/X (sky130_fd_sc_hd__a21o_2)
                                                         _1192_ (net)
                      0.036466    0.000000    1.282386 v _3618_/A3 (sky130_fd_sc_hd__a311o_2)
     2    0.006162    0.047133    0.242564    1.524951 v _3618_/X (sky130_fd_sc_hd__a311o_2)
                                                         _1196_ (net)
                      0.047133    0.000000    1.524951 v _3620_/B (sky130_fd_sc_hd__and3_2)
     4    0.009587    0.040795    0.139819    1.664770 v _3620_/X (sky130_fd_sc_hd__and3_2)
                                                         _1198_ (net)
                      0.040795    0.000000    1.664770 v _3686_/A1 (sky130_fd_sc_hd__o211a_2)
     3    0.007114    0.039309    0.170753    1.835523 v _3686_/X (sky130_fd_sc_hd__o211a_2)
                                                         _1264_ (net)
                      0.039309    0.000000    1.835523 v _3697_/A (sky130_fd_sc_hd__or4_2)
     2    0.006212    0.075523    0.385776    2.221299 v _3697_/X (sky130_fd_sc_hd__or4_2)
                                                         _1275_ (net)
                      0.075523    0.000000    2.221299 v _3776_/C1 (sky130_fd_sc_hd__a221o_2)
     8    0.021645    0.067547    0.161622    2.382921 v _3776_/X (sky130_fd_sc_hd__a221o_2)
                                                         _1354_ (net)
                      0.067547    0.000000    2.382921 v _3840_/A1 (sky130_fd_sc_hd__a21oi_2)
     9    0.027222    0.254364    0.232819    2.615741 ^ _3840_/Y (sky130_fd_sc_hd__a21oi_2)
                                                         _1418_ (net)
                      0.254364    0.000000    2.615741 ^ _3849_/S (sky130_fd_sc_hd__mux2_1)
     4    0.009529    0.065802    0.224052    2.839793 v _3849_/X (sky130_fd_sc_hd__mux2_1)
                                                         _1427_ (net)
                      0.065802    0.000000    2.839793 v _3851_/B2 (sky130_fd_sc_hd__a22o_2)
     2    0.003726    0.026546    0.117752    2.957545 v _3851_/X (sky130_fd_sc_hd__a22o_2)
                                                         _1429_ (net)
                      0.026546    0.000000    2.957545 v _3862_/A (sky130_fd_sc_hd__or4b_2)
     1    0.001527    0.061408    0.364055    3.321600 v _3862_/X (sky130_fd_sc_hd__or4b_2)
                                                         _1440_ (net)
                      0.061408    0.000000    3.321600 v _3872_/B_N (sky130_fd_sc_hd__and4bb_2)
     2    0.006993    0.050801    0.195640    3.517240 ^ _3872_/X (sky130_fd_sc_hd__and4bb_2)
                                                         _1450_ (net)
                      0.050801    0.000000    3.517240 ^ _3928_/A1 (sky130_fd_sc_hd__a21oi_2)
     2    0.006398    0.029405    0.034512    3.551751 v _3928_/Y (sky130_fd_sc_hd__a21oi_2)
                                                         _1506_ (net)
                      0.029405    0.000000    3.551751 v _3931_/A (sky130_fd_sc_hd__nor2_2)
    31    0.103305    0.786387    0.590758    4.142509 ^ _3931_/Y (sky130_fd_sc_hd__nor2_2)
                                                         _1509_ (net)
                      0.786387    0.000000    4.142509 ^ _3953_/S (sky130_fd_sc_hd__mux2_1)
     2    0.006304    0.053039    0.183952    4.326461 v _3953_/X (sky130_fd_sc_hd__mux2_1)
                                                         _1529_ (net)
                      0.053039    0.000000    4.326461 v _3954_/A2 (sky130_fd_sc_hd__o21ai_2)
     1    0.008395    0.112487    0.104923    4.431384 ^ _3954_/Y (sky130_fd_sc_hd__o21ai_2)
                                                         _1530_ (net)
                      0.112487    0.000000    4.431384 ^ _3956_/B (sky130_fd_sc_hd__xnor2_2)
     2    0.010834    0.145225    0.092193    4.523578 ^ _3956_/Y (sky130_fd_sc_hd__xnor2_2)
                                                         _1532_ (net)
                      0.145225    0.000000    4.523578 ^ _3964_/A2 (sky130_fd_sc_hd__a21o_2)
     2    0.013605    0.059747    0.119209    4.642787 ^ _3964_/X (sky130_fd_sc_hd__a21o_2)
                                                         _1539_ (net)
                      0.059747    0.000000    4.642787 ^ _3977_/A1 (sky130_fd_sc_hd__a21oi_2)
     3    0.007219    0.032420    0.037293    4.680080 v _3977_/Y (sky130_fd_sc_hd__a21oi_2)
                                                         _1551_ (net)
                      0.032420    0.000000    4.680080 v _4000_/B (sky130_fd_sc_hd__or3_2)
     3    0.010971    0.070977    0.279125    4.959205 v _4000_/X (sky130_fd_sc_hd__or3_2)
                                                         _1572_ (net)
                      0.070977    0.000000    4.959205 v _4047_/A1 (sky130_fd_sc_hd__a311oi_2)
     3    0.009359    0.209674    0.192969    5.152174 ^ _4047_/Y (sky130_fd_sc_hd__a311oi_2)
                                                         _1615_ (net)
                      0.209674    0.000000    5.152174 ^ _4074_/A1 (sky130_fd_sc_hd__o211a_2)
     4    0.013618    0.073609    0.152667    5.304841 ^ _4074_/X (sky130_fd_sc_hd__o211a_2)
                                                         _1640_ (net)
                      0.073609    0.000000    5.304841 ^ _4099_/A1 (sky130_fd_sc_hd__o211a_2)
     2    0.009386    0.055484    0.125611    5.430451 ^ _4099_/X (sky130_fd_sc_hd__o211a_2)
                                                         _1663_ (net)
                      0.055484    0.000000    5.430451 ^ _4103_/B1 (sky130_fd_sc_hd__a21oi_2)
     1    0.008271    0.037667    0.028144    5.458595 v _4103_/Y (sky130_fd_sc_hd__a21oi_2)
                                                         _1666_ (net)
                      0.037667    0.000000    5.458595 v _4109_/A (sky130_fd_sc_hd__xnor2_2)
     1    0.001896    0.031707    0.082257    5.540853 v _4109_/Y (sky130_fd_sc_hd__xnor2_2)
                                                         _1672_ (net)
                      0.031707    0.000000    5.540853 v _4110_/A1 (sky130_fd_sc_hd__mux2_1)
     1    0.002059    0.037230    0.142018    5.682870 v _4110_/X (sky130_fd_sc_hd__mux2_1)
                                                         _0076_ (net)
                      0.037230    0.000000    5.682870 v _4246_/D (sky130_fd_sc_hd__dfrtp_2)
                                              5.682870   data arrival time

                      0.000000   50.000000   50.000000   clock core_clock (rise edge)
                                  0.000000   50.000000   clock network delay (ideal)
                                  0.000000   50.000000   clock reconvergence pessimism
                                             50.000000 ^ _4246_/CLK (sky130_fd_sc_hd__dfrtp_2)
                                 -0.078615   49.921383   library setup time
                                             49.921383   data required time
---------------------------------------------------------------------------------------------
                                             49.921383   data required time
                                             -5.682870   data arrival time
---------------------------------------------------------------------------------------------
                                             44.238514   slack (MET)




===========================================================================
report_checks --slack_max -0.01
============================================================================
======================= nom_ff_n40C_1v95 Corner ===================================

No paths found.


===========================================================================
 report_check_types -max_slew -max_cap -max_fanout -violators
============================================================================
======================= nom_ff_n40C_1v95 Corner ===================================



===========================================================================
report_parasitic_annotation -report_unannotated
============================================================================
Found 2547 unannotated drivers.
 clk
 length[0]
 length[1]
 length[2]
 logA_flat[0]
 logA_flat[100]
 logA_flat[101]
 logA_flat[102]
 logA_flat[103]
 logA_flat[104]
 logA_flat[105]
 logA_flat[106]
 logA_flat[107]
 logA_flat[108]
 logA_flat[109]
 logA_flat[10]
 logA_flat[110]
 logA_flat[111]
 logA_flat[112]
 logA_flat[113]
 logA_flat[114]
 logA_flat[115]
 logA_flat[116]
 logA_flat[117]
 logA_flat[118]
 logA_flat[119]
 logA_flat[11]
 logA_flat[120]
 logA_flat[121]
 logA_flat[122]
 logA_flat[123]
 logA_flat[124]
 logA_flat[125]
 logA_flat[126]
 logA_flat[127]
 logA_flat[128]
 logA_flat[129]
 logA_flat[12]
 logA_flat[130]
 logA_flat[131]
 logA_flat[132]
 logA_flat[133]
 logA_flat[134]
 logA_flat[135]
 logA_flat[136]
 logA_flat[137]
 logA_flat[138]
 logA_flat[139]
 logA_flat[13]
 logA_flat[140]
 logA_flat[141]
 logA_flat[142]
 logA_flat[143]
 logA_flat[14]
 logA_flat[15]
 logA_flat[16]
 logA_flat[17]
 logA_flat[18]
 logA_flat[19]
 logA_flat[1]
 logA_flat[20]
 logA_flat[21]
 logA_flat[22]
 logA_flat[23]
 logA_flat[24]
 logA_flat[25]
 logA_flat[26]
 logA_flat[27]
 logA_flat[28]
 logA_flat[29]
 logA_flat[2]
 logA_flat[30]
 logA_flat[31]
 logA_flat[32]
 logA_flat[33]
 logA_flat[34]
 logA_flat[35]
 logA_flat[36]
 logA_flat[37]
 logA_flat[38]
 logA_flat[39]
 logA_flat[3]
 logA_flat[40]
 logA_flat[41]
 logA_flat[42]
 logA_flat[43]
 logA_flat[44]
 logA_flat[45]
 logA_flat[46]
 logA_flat[47]
 logA_flat[48]
 logA_flat[49]
 logA_flat[4]
 logA_flat[50]
 logA_flat[51]
 logA_flat[52]
 logA_flat[53]
 logA_flat[54]
 logA_flat[55]
 logA_flat[56]
 logA_flat[57]
 logA_flat[58]
 logA_flat[59]
 logA_flat[5]
 logA_flat[60]
 logA_flat[61]
 logA_flat[62]
 logA_flat[63]
 logA_flat[64]
 logA_flat[65]
 logA_flat[66]
 logA_flat[67]
 logA_flat[68]
 logA_flat[69]
 logA_flat[6]
 logA_flat[70]
 logA_flat[71]
 logA_flat[72]
 logA_flat[73]
 logA_flat[74]
 logA_flat[75]
 logA_flat[76]
 logA_flat[77]
 logA_flat[78]
 logA_flat[79]
 logA_flat[7]
 logA_flat[80]
 logA_flat[81]
 logA_flat[82]
 logA_flat[83]
 logA_flat[84]
 logA_flat[85]
 logA_flat[86]
 logA_flat[87]
 logA_flat[88]
 logA_flat[89]
 logA_flat[8]
 logA_flat[90]
 logA_flat[91]
 logA_flat[92]
 logA_flat[93]
 logA_flat[94]
 logA_flat[95]
 logA_flat[96]
 logA_flat[97]
 logA_flat[98]
 logA_flat[99]
 logA_flat[9]
 logB_flat[0]
 logB_flat[100]
 logB_flat[101]
 logB_flat[102]
 logB_flat[103]
 logB_flat[104]
 logB_flat[105]
 logB_flat[106]
 logB_flat[107]
 logB_flat[108]
 logB_flat[109]
 logB_flat[10]
 logB_flat[110]
 logB_flat[111]
 logB_flat[112]
 logB_flat[113]
 logB_flat[114]
 logB_flat[115]
 logB_flat[116]
 logB_flat[117]
 logB_flat[118]
 logB_flat[119]
 logB_flat[11]
 logB_flat[120]
 logB_flat[121]
 logB_flat[122]
 logB_flat[123]
 logB_flat[124]
 logB_flat[125]
 logB_flat[126]
 logB_flat[127]
 logB_flat[128]
 logB_flat[129]
 logB_flat[12]
 logB_flat[130]
 logB_flat[131]
 logB_flat[132]
 logB_flat[133]
 logB_flat[134]
 logB_flat[135]
 logB_flat[136]
 logB_flat[137]
 logB_flat[138]
 logB_flat[139]
 logB_flat[13]
 logB_flat[140]
 logB_flat[141]
 logB_flat[142]
 logB_flat[143]
 logB_flat[14]
 logB_flat[15]
 logB_flat[16]
 logB_flat[17]
 logB_flat[18]
 logB_flat[19]
 logB_flat[1]
 logB_flat[20]
 logB_flat[21]
 logB_flat[22]
 logB_flat[23]
 logB_flat[24]
 logB_flat[25]
 logB_flat[26]
 logB_flat[27]
 logB_flat[28]
 logB_flat[29]
 logB_flat[2]
 logB_flat[30]
 logB_flat[31]
 logB_flat[32]
 logB_flat[33]
 logB_flat[34]
 logB_flat[35]
 logB_flat[36]
 logB_flat[37]
 logB_flat[38]
 logB_flat[39]
 logB_flat[3]
 logB_flat[40]
 logB_flat[41]
 logB_flat[42]
 logB_flat[43]
 logB_flat[44]
 logB_flat[45]
 logB_flat[46]
 logB_flat[47]
 logB_flat[48]
 logB_flat[49]
 logB_flat[4]
 logB_flat[50]
 logB_flat[51]
 logB_flat[52]
 logB_flat[53]
 logB_flat[54]
 logB_flat[55]
 logB_flat[56]
 logB_flat[57]
 logB_flat[58]
 logB_flat[59]
 logB_flat[5]
 logB_flat[60]
 logB_flat[61]
 logB_flat[62]
 logB_flat[63]
 logB_flat[64]
 logB_flat[65]
 logB_flat[66]
 logB_flat[67]
 logB_flat[68]
 logB_flat[69]
 logB_flat[6]
 logB_flat[70]
 logB_flat[71]
 logB_flat[72]
 logB_flat[73]
 logB_flat[74]
 logB_flat[75]
 logB_flat[76]
 logB_flat[77]
 logB_flat[78]
 logB_flat[79]
 logB_flat[7]
 logB_flat[80]
 logB_flat[81]
 logB_flat[82]
 logB_flat[83]
 logB_flat[84]
 logB_flat[85]
 logB_flat[86]
 logB_flat[87]
 logB_flat[88]
 logB_flat[89]
 logB_flat[8]
 logB_flat[90]
 logB_flat[91]
 logB_flat[92]
 logB_flat[93]
 logB_flat[94]
 logB_flat[95]
 logB_flat[96]
 logB_flat[97]
 logB_flat[98]
 logB_flat[99]
 logB_flat[9]
 logC_flat[0]
 logC_flat[10]
 logC_flat[11]
 logC_flat[12]
 logC_flat[13]
 logC_flat[14]
 logC_flat[15]
 logC_flat[16]
 logC_flat[17]
 logC_flat[18]
 logC_flat[19]
 logC_flat[1]
 logC_flat[20]
 logC_flat[21]
 logC_flat[22]
 logC_flat[23]
 logC_flat[24]
 logC_flat[25]
 logC_flat[26]
 logC_flat[27]
 logC_flat[28]
 logC_flat[29]
 logC_flat[2]
 logC_flat[30]
 logC_flat[31]
 logC_flat[32]
 logC_flat[33]
 logC_flat[34]
 logC_flat[35]
 logC_flat[36]
 logC_flat[37]
 logC_flat[38]
 logC_flat[39]
 logC_flat[3]
 logC_flat[40]
 logC_flat[41]
 logC_flat[42]
 logC_flat[43]
 logC_flat[44]
 logC_flat[45]
 logC_flat[46]
 logC_flat[47]
 logC_flat[4]
 logC_flat[5]
 logC_flat[6]
 logC_flat[7]
 logC_flat[8]
 logC_flat[9]
 obs_in[0]
 obs_in[1]
 obs_valid
 rst_n
 start
 _2085_/Y
 _2086_/Y
 _2087_/Y
 _2088_/Y
 _2089_/Y
 _2090_/Y
 _2091_/Y
 _2092_/Y
 _2093_/Y
 _2094_/Y
 _2095_/Y
 _2096_/Y
 _2097_/Y
 _2098_/Y
 _2099_/Y
 _2100_/Y
 _2101_/Y
 _2102_/Y
 _2103_/Y
 _2104_/Y
 _2105_/Y
 _2106_/Y
 _2107_/Y
 _2108_/Y
 _2109_/Y
 _2110_/Y
 _2111_/Y
 _2112_/Y
 _2113_/Y
 _2114_/Y
 _2115_/Y
 _2116_/Y
 _2117_/Y
 _2118_/Y
 _2119_/Y
 _2120_/Y
 _2121_/Y
 _2122_/Y
 _2123_/Y
 _2124_/Y
 _2125_/Y
 _2126_/Y
 _2127_/X
 _2128_/Y
 _2129_/Y
 _2130_/Y
 _2131_/Y
 _2132_/Y
 _2133_/Y
 _2134_/X
 _2135_/X
 _2136_/Y
 _2137_/X
 _2138_/Y
 _2139_/X
 _2140_/Y
 _2141_/X
 _2142_/X
 _2143_/Y
 _2144_/X
 _2145_/X
 _2146_/X
 _2147_/X
 _2148_/Y
 _2149_/X
 _2150_/X
 _2151_/X
 _2152_/Y
 _2153_/X
 _2154_/X
 _2155_/X
 _2156_/Y
 _2157_/Y
 _2158_/Y
 _2159_/Y
 _2160_/Y
 _2161_/X
 _2162_/Y
 _2163_/X
 _2164_/X
 _2165_/X
 _2166_/Y
 _2167_/X
 _2168_/X
 _2169_/X
 _2170_/X
 _2171_/X
 _2172_/Y
 _2173_/Y
 _2174_/X
 _2175_/Y
 _2176_/X
 _2177_/Y
 _2178_/X
 _2179_/X
 _2180_/Y
 _2181_/X
 _2182_/X
 _2183_/X
 _2184_/X
 _2185_/X
 _2186_/X
 _2187_/Y
 _2188_/X
 _2189_/X
 _2190_/X
 _2191_/X
 _2192_/X
 _2193_/X
 _2194_/X
 _2195_/X
 _2196_/X
 _2197_/X
 _2198_/X
 _2199_/X
 _2200_/X
 _2201_/X
 _2202_/X
 _2203_/X
 _2204_/X
 _2205_/X
 _2206_/X
 _2207_/Y
 _2208_/X
 _2209_/X
 _2210_/X
 _2211_/X
 _2212_/X
 _2213_/Y
 _2214_/X
 _2215_/Y
 _2216_/Y
 _2217_/X
 _2218_/X
 _2219_/Y
 _2220_/Y
 _2221_/X
 _2222_/Y
 _2223_/X
 _2224_/Y
 _2225_/X
 _2226_/Y
 _2227_/X
 _2228_/Y
 _2229_/X
 _2230_/Y
 _2231_/X
 _2232_/Y
 _2233_/Y
 _2234_/Y
 _2235_/Y
 _2236_/X
 _2237_/Y
 _2238_/X
 _2239_/X
 _2240_/X
 _2241_/X
 _2242_/Y
 _2243_/X
 _2244_/X
 _2245_/X
 _2246_/X
 _2247_/X
 _2248_/Y
 _2249_/X
 _2250_/X
 _2251_/Y
 _2252_/Y
 _2253_/Y
 _2254_/X
 _2255_/X
 _2256_/X
 _2257_/X
 _2258_/X
 _2259_/Y
 _2260_/X
 _2261_/X
 _2262_/X
 _2263_/Y
 _2264_/Y
 _2265_/Y
 _2266_/X
 _2267_/X
 _2268_/X
 _2269_/X
 _2270_/X
 _2271_/X
 _2272_/X
 _2273_/X
 _2274_/X
 _2275_/Y
 _2276_/X
 _2277_/X
 _2278_/X
 _2279_/X
 _2280_/X
 _2281_/X
 _2282_/X
 _2283_/X
 _2284_/X
 _2285_/Y
 _2286_/Y
 _2287_/X
 _2288_/X
 _2289_/Y
 _2290_/X
 _2291_/X
 _2292_/X
 _2293_/X
 _2294_/X
 _2295_/X
 _2296_/X
 _2297_/X
 _2298_/X
 _2299_/X
 _2300_/X
 _2301_/Y
 _2302_/X
 _2303_/X
 _2304_/Y
 _2305_/X
 _2306_/X
 _2307_/X
 _2308_/X
 _2309_/X
 _2310_/X
 _2311_/X
 _2312_/X
 _2313_/X
 _2314_/X
 _2315_/X
 _2316_/X
 _2317_/X
 _2318_/X
 _2319_/Y
 _2320_/X
 _2321_/X
 _2322_/X
 _2323_/X
 _2324_/X
 _2325_/X
 _2326_/X
 _2327_/X
 _2328_/X
 _2329_/X
 _2330_/X
 _2331_/Y
 _2332_/X
 _2333_/X
 _2334_/X
 _2335_/X
 _2336_/X
 _2337_/X
 _2338_/X
 _2339_/X
 _2340_/X
 _2341_/X
 _2342_/X
 _2343_/X
 _2344_/Y
 _2345_/X
 _2346_/X
 _2347_/Y
 _2348_/X
 _2349_/X
 _2350_/X
 _2351_/X
 _2352_/X
 _2353_/X
 _2354_/X
 _2355_/X
 _2356_/X
 _2357_/X
 _2358_/X
 _2359_/X
 _2360_/X
 _2361_/X
 _2362_/Y
 _2363_/X
 _2364_/Y
 _2365_/X
 _2366_/Y
 _2367_/Y
 _2368_/X
 _2369_/X
 _2370_/X
 _2371_/X
 _2372_/X
 _2373_/X
 _2374_/Y
 _2375_/X
 _2376_/X
 _2377_/X
 _2378_/X
 _2379_/X
 _2380_/Y
 _2381_/X
 _2382_/X
 _2383_/X
 _2384_/X
 _2385_/Y
 _2386_/X
 _2387_/Y
 _2388_/Y
 _2389_/X
 _2390_/X
 _2391_/Y
 _2392_/X
 _2393_/Y
 _2394_/Y
 _2395_/X
 _2396_/Y
 _2397_/Y
 _2398_/Y
 _2399_/Y
 _2400_/X
 _2401_/Y
 _2402_/Y
 _2403_/X
 _2404_/Y
 _2405_/X
 _2406_/Y
 _2407_/X
 _2408_/Y
 _2409_/X
 _2410_/Y
 _2411_/X
 _2412_/Y
 _2413_/Y
 _2414_/X
 _2415_/Y
 _2416_/Y
 _2417_/X
 _2418_/Y
 _2419_/Y
 _2420_/X
 _2421_/Y
 _2422_/Y
 _2423_/X
 _2424_/Y
 _2425_/Y
 _2426_/X
 _2427_/Y
 _2428_/X
 _2429_/X
 _2430_/X
 _2431_/X
 _2432_/Y
 _2433_/X
 _2434_/X
 _2435_/X
 _2436_/Y
 _2437_/Y
 _2438_/Y
 _2439_/Y
 _2440_/Y
 _2441_/X
 _2442_/Y
 _2443_/Y
 _2444_/Y
 _2445_/X
 _2446_/X
 _2447_/X
 _2448_/Y
 _2449_/X
 _2450_/X
 _2451_/Y
 _2452_/Y
 _2453_/X
 _2454_/Y
 _2455_/X
 _2456_/Y
 _2457_/Y
 _2458_/X
 _2459_/Y
 _2460_/Y
 _2461_/X
 _2462_/Y
 _2463_/Y
 _2464_/X
 _2465_/Y
 _2466_/X
 _2467_/Y
 _2468_/X
 _2469_/X
 _2470_/Y
 _2471_/X
 _2472_/Y
 _2473_/X
 _2474_/X
 _2475_/Y
 _2476_/X
 _2477_/X
 _2478_/X
 _2479_/Y
 _2480_/Y
 _2481_/X
 _2482_/Y
 _2483_/X
 _2484_/X
 _2485_/X
 _2486_/X
 _2487_/Y
 _2488_/X
 _2489_/Y
 _2490_/Y
 _2491_/Y
 _2492_/X
 _2493_/Y
 _2494_/X
 _2495_/Y
 _2496_/Y
 _2497_/Y
 _2498_/Y
 _2499_/Y
 _2500_/X
 _2501_/Y
 _2502_/X
 _2503_/X
 _2504_/X
 _2505_/Y
 _2506_/X
 _2507_/X
 _2508_/Y
 _2509_/X
 _2510_/Y
 _2511_/Y
 _2512_/X
 _2513_/X
 _2514_/X
 _2515_/X
 _2516_/Y
 _2517_/Y
 _2518_/Y
 _2519_/X
 _2520_/Y
 _2521_/X
 _2522_/Y
 _2523_/Y
 _2524_/X
 _2525_/Y
 _2526_/Y
 _2527_/X
 _2528_/Y
 _2529_/Y
 _2530_/X
 _2531_/Y
 _2532_/Y
 _2533_/Y
 _2534_/Y
 _2535_/Y
 _2536_/Y
 _2537_/X
 _2538_/Y
 _2539_/Y
 _2540_/X
 _2541_/X
 _2542_/X
 _2543_/X
 _2544_/Y
 _2545_/Y
 _2546_/X
 _2547_/X
 _2548_/Y
 _2549_/X
 _2550_/Y
 _2551_/X
 _2552_/X
 _2553_/Y
 _2554_/Y
 _2555_/Y
 _2556_/X
 _2557_/Y
 _2558_/X
 _2559_/X
 _2560_/Y
 _2561_/X
 _2562_/Y
 _2563_/X
 _2564_/Y
 _2565_/X
 _2566_/X
 _2567_/X
 _2568_/X
 _2569_/Y
 _2570_/Y
 _2571_/X
 _2572_/Y
 _2573_/X
 _2574_/Y
 _2575_/Y
 _2576_/X
 _2577_/X
 _2578_/X
 _2579_/Y
 _2580_/Y
 _2581_/Y
 _2582_/Y
 _2583_/Y
 _2584_/X
 _2585_/Y
 _2586_/X
 _2587_/Y
 _2588_/X
 _2589_/X
 _2590_/X
 _2591_/Y
 _2592_/X
 _2593_/X
 _2594_/Y
 _2595_/X
 _2596_/X
 _2597_/Y
 _2598_/X
 _2599_/X
 _2600_/Y
 _2601_/Y
 _2602_/Y
 _2603_/X
 _2604_/Y
 _2605_/Y
 _2606_/X
 _2607_/Y
 _2608_/X
 _2609_/Y
 _2610_/Y
 _2611_/Y
 _2612_/X
 _2613_/Y
 _2614_/Y
 _2615_/Y
 _2616_/Y
 _2617_/Y
 _2618_/X
 _2619_/X
 _2620_/X
 _2621_/Y
 _2622_/Y
 _2623_/Y
 _2624_/X
 _2625_/X
 _2626_/Y
 _2627_/X
 _2628_/Y
 _2629_/X
 _2630_/X
 _2631_/Y
 _2632_/X
 _2633_/X
 _2634_/Y
 _2635_/Y
 _2636_/Y
 _2637_/Y
 _2638_/Y
 _2639_/Y
 _2640_/Y
 _2641_/Y
 _2642_/X
 _2643_/Y
 _2644_/X
 _2645_/X
 _2646_/X
 _2647_/Y
 _2648_/X
 _2649_/X
 _2650_/X
 _2651_/X
 _2652_/X
 _2653_/X
 _2654_/X
 _2655_/X
 _2656_/X
 _2657_/X
 _2658_/Y
 _2659_/Y
 _2660_/Y
 _2661_/X
 _2662_/X
 _2663_/X
 _2664_/Y
 _2665_/Y
 _2666_/Y
 _2667_/Y
 _2668_/Y
 _2669_/X
 _2670_/Y
 _2671_/Y
 _2672_/X
 _2673_/Y
 _2674_/X
 _2675_/X
 _2676_/X
 _2677_/X
 _2678_/X
 _2679_/X
 _2680_/Y
 _2681_/Y
 _2682_/X
 _2683_/Y
 _2684_/X
 _2685_/Y
 _2686_/Y
 _2687_/Y
 _2688_/X
 _2689_/X
 _2690_/X
 _2691_/X
 _2692_/Y
 _2693_/X
 _2694_/X
 _2695_/Y
 _2696_/Y
 _2697_/X
 _2698_/Y
 _2699_/Y
 _2700_/Y
 _2701_/X
 _2702_/X
 _2703_/Y
 _2704_/X
 _2705_/X
 _2706_/X
 _2707_/X
 _2708_/X
 _2709_/X
 _2710_/Y
 _2711_/X
 _2712_/X
 _2713_/X
 _2714_/Y
 _2715_/X
 _2716_/Y
 _2717_/X
 _2718_/X
 _2719_/Y
 _2720_/Y
 _2721_/X
 _2722_/X
 _2723_/X
 _2724_/Y
 _2725_/X
 _2726_/Y
 _2727_/Y
 _2728_/Y
 _2729_/X
 _2730_/Y
 _2731_/X
 _2732_/Y
 _2733_/Y
 _2734_/X
 _2735_/Y
 _2736_/X
 _2737_/Y
 _2738_/Y
 _2739_/Y
 _2740_/X
 _2741_/X
 _2742_/Y
 _2743_/Y
 _2744_/X
 _2745_/X
 _2746_/X
 _2747_/X
 _2748_/X
 _2749_/Y
 _2750_/Y
 _2751_/Y
 _2752_/X
 _2753_/X
 _2754_/Y
 _2755_/X
 _2756_/Y
 _2757_/Y
 _2758_/X
 _2759_/X
 _2760_/X
 _2761_/X
 _2762_/X
 _2763_/X
 _2764_/X
 _2765_/Y
 _2766_/X
 _2767_/Y
 _2768_/X
 _2769_/X
 _2770_/X
 _2771_/X
 _2772_/Y
 _2773_/X
 _2774_/X
 _2775_/X
 _2776_/X
 _2777_/X
 _2778_/X
 _2779_/X
 _2780_/X
 _2781_/X
 _2782_/X
 _2783_/X
 _2784_/Y
 _2785_/Y
 _2786_/Y
 _2787_/X
 _2788_/X
 _2789_/Y
 _2790_/X
 _2791_/X
 _2792_/X
 _2793_/X
 _2794_/X
 _2795_/X
 _2796_/X
 _2797_/X
 _2798_/X
 _2799_/X
 _2800_/Y
 _2801_/X
 _2802_/X
 _2803_/X
 _2804_/X
 _2805_/X
 _2806_/X
 _2807_/X
 _2808_/X
 _2809_/X
 _2810_/Y
 _2811_/Y
 _2812_/Y
 _2813_/X
 _2814_/X
 _2815_/X
 _2816_/X
 _2817_/Y
 _2818_/X
 _2819_/X
 _2820_/X
 _2821_/X
 _2822_/X
 _2823_/Y
 _2824_/X
 _2825_/X
 _2826_/X
 _2827_/X
 _2828_/X
 _2829_/X
 _2830_/Y
 _2831_/Y
 _2832_/X
 _2833_/X
 _2834_/X
 _2835_/X
 _2836_/X
 _2837_/X
 _2838_/X
 _2839_/X
 _2840_/X
 _2841_/X
 _2842_/X
 _2843_/X
 _2844_/X
 _2845_/X
 _2846_/X
 _2847_/X
 _2848_/Y
 _2849_/Y
 _2850_/X
 _2851_/X
 _2852_/X
 _2853_/Y
 _2854_/Y
 _2855_/X
 _2856_/X
 _2857_/X
 _2858_/Y
 _2859_/X
 _2860_/Y
 _2861_/Y
 _2862_/Y
 _2863_/Y
 _2864_/Y
 _2865_/X
 _2866_/Y
 _2867_/X
 _2868_/X
 _2869_/X
 _2870_/X
 _2871_/X
 _2872_/X
 _2873_/Y
 _2874_/Y
 _2875_/Y
 _2876_/X
 _2877_/X
 _2878_/X
 _2879_/X
 _2880_/X
 _2881_/X
 _2882_/X
 _2883_/X
 _2884_/X
 _2885_/X
 _2886_/Y
 _2887_/Y
 _2888_/X
 _2889_/X
 _2890_/X
 _2891_/X
 _2892_/X
 _2893_/X
 _2894_/Y
 _2895_/Y
 _2896_/X
 _2897_/X
 _2898_/X
 _2899_/X
 _2900_/X
 _2901_/Y
 _2902_/Y
 _2903_/X
 _2904_/X
 _2905_/X
 _2906_/X
 _2907_/X
 _2908_/X
 _2909_/Y
 _2910_/Y
 _2911_/Y
 _2912_/X
 _2913_/Y
 _2914_/X
 _2915_/X
 _2916_/X
 _2917_/X
 _2918_/Y
 _2919_/X
 _2920_/X
 _2921_/Y
 _2922_/Y
 _2923_/Y
 _2924_/X
 _2925_/X
 _2926_/Y
 _2927_/Y
 _2928_/Y
 _2929_/X
 _2930_/X
 _2931_/Y
 _2932_/X
 _2933_/X
 _2934_/X
 _2935_/X
 _2936_/X
 _2937_/X
 _2938_/X
 _2939_/X
 _2940_/Y
 _2941_/Y
 _2942_/Y
 _2943_/Y
 _2944_/X
 _2945_/X
 _2946_/X
 _2947_/X
 _2948_/Y
 _2949_/X
 _2950_/Y
 _2951_/Y
 _2952_/X
 _2953_/X
 _2954_/X
 _2955_/X
 _2956_/X
 _2957_/X
 _2958_/X
 _2959_/X
 _2960_/X
 _2961_/Y
 _2962_/Y
 _2963_/X
 _2964_/X
 _2965_/X
 _2966_/Y
 _2967_/X
 _2968_/Y
 _2969_/Y
 _2970_/X
 _2971_/Y
 _2972_/X
 _2973_/Y
 _2974_/Y
 _2975_/Y
 _2976_/Y
 _2977_/X
 _2978_/Y
 _2979_/Y
 _2980_/X
 _2981_/Y
 _2982_/Y
 _2983_/Y
 _2984_/X
 _2985_/Y
 _2986_/X
 _2987_/X
 _2988_/Y
 _2989_/X
 _2990_/Y
 _2991_/Y
 _2992_/Y
 _2993_/Y
 _2994_/X
 _2995_/Y
 _2996_/X
 _2997_/Y
 _2998_/X
 _2999_/X
 _3000_/X
 _3001_/Y
 _3002_/X
 _3003_/X
 _3004_/X
 _3005_/Y
 _3006_/X
 _3007_/Y
 _3008_/Y
 _3009_/X
 _3010_/X
 _3011_/X
 _3012_/Y
 _3013_/Y
 _3014_/Y
 _3015_/X
 _3016_/Y
 _3017_/X
 _3018_/X
 _3019_/Y
 _3020_/X
 _3021_/Y
 _3022_/X
 _3023_/Y
 _3024_/Y
 _3025_/Y
 _3026_/Y
 _3027_/X
 _3028_/X
 _3029_/X
 _3030_/Y
 _3031_/Y
 _3032_/Y
 _3033_/X
 _3034_/X
 _3035_/Y
 _3036_/X
 _3037_/Y
 _3038_/Y
 _3039_/Y
 _3040_/X
 _3041_/Y
 _3042_/X
 _3043_/Y
 _3044_/X
 _3045_/Y
 _3046_/X
 _3047_/X
 _3048_/X
 _3049_/X
 _3050_/X
 _3051_/Y
 _3052_/X
 _3053_/Y
 _3054_/X
 _3055_/Y
 _3056_/Y
 _3057_/Y
 _3058_/Y
 _3059_/X
 _3060_/X
 _3061_/X
 _3062_/Y
 _3063_/X
 _3064_/X
 _3065_/Y
 _3066_/X
 _3067_/Y
 _3068_/Y
 _3069_/Y
 _3070_/X
 _3071_/Y
 _3072_/Y
 _3073_/Y
 _3074_/Y
 _3075_/X
 _3076_/Y
 _3077_/X
 _3078_/X
 _3079_/X
 _3080_/X
 _3081_/X
 _3082_/Y
 _3083_/Y
 _3084_/X
 _3085_/X
 _3086_/X
 _3087_/X
 _3088_/X
 _3089_/X
 _3090_/X
 _3091_/X
 _3092_/Y
 _3093_/X
 _3094_/Y
 _3095_/Y
 _3096_/Y
 _3097_/X
 _3098_/Y
 _3099_/X
 _3100_/X
 _3101_/Y
 _3102_/X
 _3103_/Y
 _3104_/Y
 _3105_/Y
 _3106_/Y
 _3107_/X
 _3108_/Y
 _3109_/Y
 _3110_/Y
 _3111_/Y
 _3112_/Y
 _3113_/X
 _3114_/Y
 _3115_/X
 _3116_/Y
 _3117_/Y
 _3118_/Y
 _3119_/X
 _3120_/Y
 _3121_/Y
 _3122_/Y
 _3123_/Y
 _3124_/X
 _3125_/X
 _3126_/Y
 _3127_/X
 _3128_/Y
 _3129_/Y
 _3130_/X
 _3131_/Y
 _3132_/X
 _3133_/X
 _3134_/X
 _3135_/Y
 _3136_/Y
 _3137_/Y
 _3138_/Y
 _3139_/Y
 _3140_/X
 _3141_/Y
 _3142_/X
 _3143_/X
 _3144_/Y
 _3145_/X
 _3146_/Y
 _3147_/X
 _3148_/X
 _3149_/Y
 _3150_/Y
 _3151_/Y
 _3152_/Y
 _3153_/Y
 _3154_/Y
 _3155_/X
 _3156_/X
 _3157_/Y
 _3158_/X
 _3159_/X
 _3160_/Y
 _3161_/Y
 _3162_/Y
 _3163_/X
 _3164_/Y
 _3165_/X
 _3166_/X
 _3167_/Y
 _3168_/X
 _3169_/X
 _3170_/Y
 _3171_/X
 _3172_/X
 _3173_/X
 _3174_/Y
 _3175_/Y
 _3176_/Y
 _3177_/X
 _3178_/X
 _3179_/Y
 _3180_/X
 _3181_/X
 _3182_/X
 _3183_/X
 _3184_/Y
 _3185_/Y
 _3186_/Y
 _3187_/X
 _3188_/Y
 _3189_/X
 _3190_/Y
 _3191_/Y
 _3192_/X
 _3193_/Y
 _3194_/X
 _3195_/Y
 _3196_/Y
 _3197_/X
 _3198_/Y
 _3199_/Y
 _3200_/X
 _3201_/Y
 _3202_/Y
 _3203_/X
 _3204_/Y
 _3205_/Y
 _3206_/X
 _3207_/Y
 _3208_/X
 _3209_/X
 _3210_/Y
 _3211_/Y
 _3212_/X
 _3213_/Y
 _3214_/X
 _3215_/X
 _3216_/Y
 _3217_/Y
 _3218_/X
 _3219_/Y
 _3220_/X
 _3221_/Y
 _3222_/Y
 _3223_/X
 _3224_/Y
 _3225_/X
 _3226_/Y
 _3227_/X
 _3228_/Y
 _3229_/Y
 _3230_/X
 _3231_/X
 _3232_/X
 _3233_/Y
 _3234_/X
 _3235_/Y
 _3236_/X
 _3237_/Y
 _3238_/Y
 _3239_/X
 _3240_/Y
 _3241_/X
 _3242_/X
 _3243_/Y
 _3244_/Y
 _3245_/X
 _3246_/X
 _3247_/X
 _3248_/X
 _3249_/Y
 _3250_/X
 _3251_/Y
 _3252_/Y
 _3253_/Y
 _3254_/X
 _3255_/Y
 _3256_/Y
 _3257_/Y
 _3258_/X
 _3259_/Y
 _3260_/Y
 _3261_/Y
 _3262_/X
 _3263_/Y
 _3264_/X
 _3265_/Y
 _3266_/Y
 _3267_/Y
 _3268_/Y
 _3269_/Y
 _3270_/X
 _3271_/X
 _3272_/X
 _3273_/X
 _3274_/Y
 _3275_/X
 _3276_/Y
 _3277_/X
 _3278_/Y
 _3279_/X
 _3280_/Y
 _3281_/Y
 _3282_/X
 _3283_/X
 _3284_/X
 _3285_/X
 _3286_/X
 _3287_/Y
 _3288_/X
 _3289_/Y
 _3290_/Y
 _3291_/X
 _3292_/Y
 _3293_/X
 _3294_/Y
 _3295_/X
 _3296_/Y
 _3297_/X
 _3298_/X
 _3299_/Y
 _3300_/Y
 _3301_/Y
 _3302_/X
 _3303_/Y
 _3304_/X
 _3305_/X
 _3306_/Y
 _3307_/Y
 _3308_/X
 _3309_/X
 _3310_/Y
 _3311_/X
 _3312_/Y
 _3313_/X
 _3314_/X
 _3315_/Y
 _3316_/X
 _3317_/X
 _3318_/X
 _3319_/Y
 _3320_/Y
 _3321_/Y
 _3322_/X
 _3323_/X
 _3324_/X
 _3325_/Y
 _3326_/X
 _3327_/Y
 _3328_/Y
 _3329_/X
 _3330_/X
 _3331_/X
 _3332_/Y
 _3333_/X
 _3334_/X
 _3335_/Y
 _3336_/X
 _3337_/Y
 _3338_/X
 _3339_/X
 _3340_/X
 _3341_/Y
 _3342_/Y
 _3343_/X
 _3344_/X
 _3345_/Y
 _3346_/X
 _3347_/Y
 _3348_/Y
 _3349_/Y
 _3350_/X
 _3351_/Y
 _3352_/X
 _3353_/X
 _3354_/X
 _3355_/X
 _3356_/Y
 _3357_/X
 _3358_/Y
 _3359_/Y
 _3360_/X
 _3361_/X
 _3362_/X
 _3363_/X
 _3364_/Y
 _3365_/Y
 _3366_/X
 _3367_/X
 _3368_/X
 _3369_/X
 _3370_/X
 _3371_/Y
 _3372_/X
 _3373_/X
 _3374_/Y
 _3375_/Y
 _3376_/X
 _3377_/X
 _3378_/X
 _3379_/X
 _3380_/Y
 _3381_/Y
 _3382_/X
 _3383_/Y
 _3384_/X
 _3385_/Y
 _3386_/Y
 _3387_/X
 _3388_/X
 _3389_/X
 _3390_/Y
 _3391_/X
 _3392_/X
 _3393_/Y
 _3394_/Y
 _3395_/X
 _3396_/Y
 _3397_/Y
 _3398_/Y
 _3399_/X
 _3400_/X
 _3401_/Y
 _3402_/Y
 _3403_/Y
 _3404_/X
 _3405_/X
 _3406_/X
 _3407_/X
 _3408_/X
 _3409_/X
 _3410_/Y
 _3411_/Y
 _3412_/X
 _3413_/Y
 _3414_/X
 _3415_/X
 _3416_/Y
 _3417_/Y
 _3418_/Y
 _3419_/Y
 _3420_/X
 _3421_/Y
 _3422_/X
 _3423_/X
 _3424_/Y
 _3425_/X
 _3426_/Y
 _3427_/X
 _3428_/X
 _3429_/X
 _3430_/Y
 _3431_/Y
 _3432_/X
 _3433_/X
 _3434_/Y
 _3435_/X
 _3436_/Y
 _3437_/Y
 _3438_/Y
 _3439_/X
 _3440_/X
 _3441_/X
 _3442_/X
 _3443_/Y
 _3444_/Y
 _3445_/X
 _3446_/X
 _3447_/X
 _3448_/Y
 _3449_/Y
 _3450_/X
 _3451_/Y
 _3452_/X
 _3453_/X
 _3454_/X
 _3455_/Y
 _3456_/X
 _3457_/X
 _3458_/Y
 _3459_/X
 _3460_/Y
 _3461_/Y
 _3462_/X
 _3463_/X
 _3464_/Y
 _3465_/X
 _3466_/Y
 _3467_/Y
 _3468_/X
 _3469_/X
 _3470_/Y
 _3471_/X
 _3472_/X
 _3473_/Y
 _3474_/Y
 _3475_/Y
 _3476_/X
 _3477_/X
 _3478_/X
 _3479_/X
 _3480_/X
 _3481_/Y
 _3482_/X
 _3483_/Y
 _3484_/Y
 _3485_/Y
 _3486_/X
 _3487_/X
 _3488_/X
 _3489_/Y
 _3490_/X
 _3491_/X
 _3492_/X
 _3493_/Y
 _3494_/X
 _3495_/X
 _3496_/X
 _3497_/X
 _3498_/Y
 _3499_/Y
 _3500_/Y
 _3501_/Y
 _3502_/X
 _3503_/X
 _3504_/X
 _3505_/Y
 _3506_/X
 _3507_/X
 _3508_/Y
 _3509_/X
 _3510_/Y
 _3511_/X
 _3512_/X
 _3513_/Y
 _3514_/Y
 _3515_/Y
 _3516_/X
 _3517_/Y
 _3518_/Y
 _3519_/Y
 _3520_/X
 _3521_/X
 _3522_/X
 _3523_/X
 _3524_/Y
 _3525_/Y
 _3526_/Y
 _3527_/Y
 _3528_/X
 _3529_/X
 _3530_/X
 _3531_/X
 _3532_/Y
 _3533_/X
 _3534_/Y
 _3535_/X
 _3536_/X
 _3537_/Y
 _3538_/X
 _3539_/X
 _3540_/X
 _3541_/X
 _3542_/X
 _3543_/Y
 _3544_/X
 _3545_/X
 _3546_/Y
 _3547_/Y
 _3548_/X
 _3549_/X
 _3550_/X
 _3551_/Y
 _3552_/X
 _3553_/X
 _3554_/Y
 _3555_/X
 _3556_/Y
 _3557_/Y
 _3558_/Y
 _3559_/Y
 _3560_/Y
 _3561_/X
 _3562_/X
 _3563_/X
 _3564_/Y
 _3565_/Y
 _3566_/Y
 _3567_/Y
 _3568_/Y
 _3569_/Y
 _3570_/Y
 _3571_/Y
 _3572_/Y
 _3573_/X
 _3574_/Y
 _3575_/X
 _3576_/X
 _3577_/Y
 _3578_/Y
 _3579_/X
 _3580_/Y
 _3581_/Y
 _3582_/Y
 _3583_/X
 _3584_/Y
 _3585_/X
 _3586_/X
 _3587_/X
 _3588_/X
 _3589_/Y
 _3590_/X
 _3591_/Y
 _3592_/X
 _3593_/Y
 _3594_/X
 _3595_/Y
 _3596_/Y
 _3597_/X
 _3598_/Y
 _3599_/Y
 _3600_/X
 _3601_/Y
 _3602_/Y
 _3603_/Y
 _3604_/Y
 _3605_/Y
 _3606_/X
 _3607_/X
 _3608_/X
 _3609_/X
 _3610_/X
 _3611_/Y
 _3612_/X
 _3613_/Y
 _3614_/X
 _3615_/Y
 _3616_/X
 _3617_/X
 _3618_/X
 _3619_/X
 _3620_/X
 _3621_/Y
 _3622_/Y
 _3623_/X
 _3624_/Y
 _3625_/Y
 _3626_/X
 _3627_/Y
 _3628_/X
 _3629_/Y
 _3630_/X
 _3631_/Y
 _3632_/X
 _3633_/X
 _3634_/Y
 _3635_/X
 _3636_/Y
 _3637_/Y
 _3638_/X
 _3639_/X
 _3640_/Y
 _3641_/Y
 _3642_/Y
 _3643_/Y
 _3644_/Y
 _3645_/Y
 _3646_/X
 _3647_/X
 _3648_/Y
 _3649_/X
 _3650_/X
 _3651_/Y
 _3652_/Y
 _3653_/Y
 _3654_/X
 _3655_/X
 _3656_/X
 _3657_/X
 _3658_/X
 _3659_/X
 _3660_/X
 _3661_/X
 _3662_/X
 _3663_/Y
 _3664_/Y
 _3665_/X
 _3666_/Y
 _3667_/Y
 _3668_/X
 _3669_/Y
 _3670_/X
 _3671_/X
 _3672_/X
 _3673_/X
 _3674_/X
 _3675_/X
 _3676_/Y
 _3677_/Y
 _3678_/X
 _3679_/Y
 _3680_/X
 _3681_/X
 _3682_/X
 _3683_/Y
 _3684_/X
 _3685_/X
 _3686_/X
 _3687_/Y
 _3688_/X
 _3689_/Y
 _3690_/X
 _3691_/Y
 _3692_/X
 _3693_/Y
 _3694_/Y
 _3695_/X
 _3696_/Y
 _3697_/X
 _3698_/X
 _3699_/X
 _3700_/Y
 _3701_/X
 _3702_/Y
 _3703_/X
 _3704_/Y
 _3705_/Y
 _3706_/Y
 _3707_/X
 _3708_/X
 _3709_/Y
 _3710_/Y
 _3711_/Y
 _3712_/Y
 _3713_/Y
 _3714_/X
 _3715_/X
 _3716_/Y
 _3717_/Y
 _3718_/Y
 _3719_/X
 _3720_/Y
 _3721_/X
 _3722_/Y
 _3723_/X
 _3724_/X
 _3725_/X
 _3726_/X
 _3727_/X
 _3728_/X
 _3729_/X
 _3730_/Y
 _3731_/X
 _3732_/Y
 _3733_/Y
 _3734_/X
 _3735_/X
 _3736_/Y
 _3737_/Y
 _3738_/X
 _3739_/Y
 _3740_/X
 _3741_/X
 _3742_/Y
 _3743_/X
 _3744_/X
 _3745_/X
 _3746_/X
 _3747_/Y
 _3748_/X
 _3749_/Y
 _3750_/Y
 _3751_/X
 _3752_/X
 _3753_/X
 _3754_/Y
 _3755_/X
 _3756_/Y
 _3757_/Y
 _3758_/Y
 _3759_/X
 _3760_/X
 _3761_/Y
 _3762_/X
 _3763_/X
 _3764_/Y
 _3765_/X
 _3766_/X
 _3767_/Y
 _3768_/X
 _3769_/X
 _3770_/Y
 _3771_/Y
 _3772_/X
 _3773_/Y
 _3774_/X
 _3775_/Y
 _3776_/X
 _3777_/X
 _3778_/Y
 _3779_/Y
 _3780_/X
 _3781_/Y
 _3782_/Y
 _3783_/Y
 _3784_/Y
 _3785_/X
 _3786_/Y
 _3787_/Y
 _3788_/Y
 _3789_/Y
 _3790_/X
 _3791_/Y
 _3792_/X
 _3793_/Y
 _3794_/X
 _3795_/Y
 _3796_/X
 _3797_/Y
 _3798_/Y
 _3799_/X
 _3800_/Y
 _3801_/Y
 _3802_/X
 _3803_/Y
 _3804_/Y
 _3805_/X
 _3806_/Y
 _3807_/Y
 _3808_/X
 _3809_/Y
 _3810_/Y
 _3811_/X
 _3812_/Y
 _3813_/X
 _3814_/X
 _3815_/X
 _3816_/Y
 _3817_/X
 _3818_/X
 _3819_/X
 _3820_/X
 _3821_/Y
 _3822_/Y
 _3823_/Y
 _3824_/Y
 _3825_/Y
 _3826_/X
 _3827_/Y
 _3828_/X
 _3829_/Y
 _3830_/Y
 _3831_/X
 _3832_/X
 _3833_/Y
 _3834_/X
 _3835_/Y
 _3836_/Y
 _3837_/Y
 _3838_/Y
 _3839_/X
 _3840_/Y
 _3841_/X
 _3842_/X
 _3843_/Y
 _3844_/Y
 _3845_/Y
 _3846_/X
 _3847_/X
 _3848_/Y
 _3849_/X
 _3850_/Y
 _3851_/X
 _3852_/X
 _3853_/Y
 _3854_/Y
 _3855_/X
 _3856_/X
 _3857_/Y
 _3858_/Y
 _3859_/X
 _3860_/X
 _3861_/X
 _3862_/X
 _3863_/Y
 _3864_/X
 _3865_/Y
 _3866_/X
 _3867_/X
 _3868_/X
 _3869_/Y
 _3870_/X
 _3871_/Y
 _3872_/X
 _3873_/X
 _3874_/X
 _3875_/X
 _3876_/X
 _3877_/Y
 _3878_/X
 _3879_/Y
 _3880_/X
 _3881_/X
 _3882_/X
 _3883_/Y
 _3884_/X
 _3885_/X
 _3886_/Y
 _3887_/Y
 _3888_/X
 _3889_/X
 _3890_/X
 _3891_/X
 _3892_/X
 _3893_/X
 _3894_/X
 _3895_/X
 _3896_/X
 _3897_/X
 _3898_/X
 _3899_/X
 _3900_/X
 _3901_/Y
 _3902_/Y
 _3903_/Y
 _3904_/Y
 _3905_/X
 _3906_/Y
 _3907_/X
 _3908_/X
 _3909_/X
 _3910_/X
 _3911_/Y
 _3912_/Y
 _3913_/Y
 _3914_/X
 _3915_/Y
 _3916_/X
 _3917_/Y
 _3918_/X
 _3919_/X
 _3920_/Y
 _3921_/X
 _3922_/X
 _3923_/X
 _3924_/X
 _3925_/X
 _3926_/X
 _3927_/X
 _3928_/Y
 _3929_/Y
 _3930_/X
 _3931_/Y
 _3932_/Y
 _3933_/X
 _3934_/X
 _3935_/Y
 _3936_/X
 _3937_/X
 _3938_/X
 _3939_/X
 _3940_/X
 _3941_/X
 _3942_/X
 _3943_/Y
 _3944_/X
 _3945_/X
 _3946_/Y
 _3947_/X
 _3948_/X
 _3949_/X
 _3950_/X
 _3951_/X
 _3952_/X
 _3953_/X
 _3954_/Y
 _3955_/X
 _3956_/Y
 _3957_/X
 _3958_/X
 _3959_/X
 _3960_/X
 _3961_/X
 _3962_/X
 _3963_/X
 _3964_/X
 _3965_/Y
 _3966_/Y
 _3967_/X
 _3968_/Y
 _3969_/X
 _3970_/X
 _3971_/X
 _3972_/X
 _3973_/X
 _3974_/Y
 _3975_/X
 _3976_/Y
 _3977_/Y
 _3978_/X
 _3979_/Y
 _3980_/Y
 _3981_/X
 _3982_/X
 _3983_/Y
 _3984_/Y
 _3985_/X
 _3986_/X
 _3987_/Y
 _3988_/X
 _3989_/Y
 _3990_/Y
 _3991_/X
 _3992_/X
 _3993_/X
 _3994_/Y
 _3995_/X
 _3996_/X
 _3997_/Y
 _3998_/X
 _3999_/X
 _4000_/X
 _4001_/X
 _4002_/X
 _4003_/Y
 _4004_/X
 _4005_/X
 _4006_/X
 _4007_/X
 _4008_/X
 _4009_/X
 _4010_/Y
 _4011_/Y
 _4012_/X
 _4013_/Y
 _4014_/X
 _4015_/Y
 _4016_/X
 _4017_/X
 _4018_/X
 _4019_/X
 _4020_/X
 _4021_/Y
 _4022_/X
 _4023_/Y
 _4024_/Y
 _4025_/Y
 _4026_/X
 _4027_/X
 _4028_/X
 _4029_/X
 _4030_/Y
 _4031_/Y
 _4032_/X
 _4033_/X
 _4034_/Y
 _4035_/Y
 _4036_/Y
 _4037_/X
 _4038_/X
 _4039_/X
 _4040_/Y
 _4041_/Y
 _4042_/X
 _4043_/X
 _4044_/X
 _4045_/X
 _4046_/X
 _4047_/Y
 _4048_/X
 _4049_/X
 _4050_/X
 _4051_/X
 _4052_/X
 _4053_/X
 _4054_/X
 _4055_/X
 _4056_/X
 _4057_/X
 _4058_/Y
 _4059_/X
 _4060_/Y
 _4061_/Y
 _4062_/X
 _4063_/X
 _4064_/X
 _4065_/Y
 _4066_/X
 _4067_/X
 _4068_/Y
 _4069_/Y
 _4070_/X
 _4071_/Y
 _4072_/Y
 _4073_/Y
 _4074_/X
 _4075_/X
 _4076_/Y
 _4077_/X
 _4078_/Y
 _4079_/Y
 _4080_/Y
 _4081_/Y
 _4082_/X
 _4083_/X
 _4084_/X
 _4085_/X
 _4086_/Y
 _4087_/Y
 _4088_/Y
 _4089_/X
 _4090_/X
 _4091_/X
 _4092_/X
 _4093_/Y
 _4094_/X
 _4095_/X
 _4096_/X
 _4097_/X
 _4098_/X
 _4099_/X
 _4100_/Y
 _4101_/Y
 _4102_/X
 _4103_/Y
 _4104_/X
 _4105_/X
 _4106_/X
 _4107_/X
 _4108_/Y
 _4109_/Y
 _4110_/X
 _4111_/X
 _4112_/X
 _4113_/X
 _4114_/X
 _4115_/Y
 _4116_/Y
 _4117_/Y
 _4118_/X
 _4119_/X
 _4120_/Y
 _4121_/X
 _4122_/X
 _4123_/X
 _4124_/X
 _4125_/Y
 _4126_/Y
 _4127_/X
 _4128_/X
 _4129_/X
 _4130_/X
 _4131_/X
 _4132_/X
 _4133_/Y
 _4134_/Y
 _4135_/X
 _4136_/X
 _4137_/X
 _4138_/X
 _4139_/Y
 _4140_/X
 _4141_/X
 _4142_/Y
 _4143_/Y
 _4144_/X
 _4145_/X
 _4146_/X
 _4147_/X
 _4148_/X
 _4149_/X
 _4150_/Y
 _4151_/Y
 _4152_/X
 _4153_/X
 _4154_/X
 _4155_/X
 _4156_/X
 _4157_/X
 _4158_/Y
 _4159_/Y
 _4160_/X
 _4161_/X
 _4162_/X
 _4163_/X
 _4164_/X
 _4165_/X
 _4166_/X
 _4167_/X
 _4168_/X
 _4169_/X
 _4170_/Q
 _4171_/Q
 _4172_/Q
 _4173_/Q
 _4174_/Q
 _4175_/Q
 _4176_/Q
 _4177_/Q
 _4178_/Q
 _4179_/Q
 _4180_/Q
 _4181_/Q
 _4182_/Q
 _4183_/Q
 _4184_/Q
 _4185_/Q
 _4186_/Q
 _4187_/Q
 _4188_/Q
 _4189_/Q
 _4190_/Q
 _4191_/Q
 _4192_/Q
 _4193_/Q
 _4194_/Q
 _4195_/Q
 _4196_/Q
 _4197_/Q
 _4198_/Q
 _4199_/Q
 _4200_/Q
 _4201_/Q
 _4202_/Q
 _4203_/Q
 _4204_/Q
 _4205_/Q
 _4206_/Q
 _4207_/Q
 _4208_/Q
 _4209_/Q
 _4210_/Q
 _4211_/Q
 _4212_/Q
 _4213_/Q
 _4214_/Q
 _4215_/Q
 _4216_/Q
 _4217_/Q
 _4218_/Q
 _4219_/Q
 _4220_/Q
 _4221_/Q
 _4222_/Q
 _4223_/Q
 _4224_/Q
 _4225_/Q
 _4226_/Q
 _4227_/Q
 _4228_/Q
 _4229_/Q
 _4230_/Q
 _4231_/Q
 _4232_/Q
 _4233_/Q
 _4234_/Q
 _4235_/Q
 _4236_/Q
 _4237_/Q
 _4238_/Q
 _4239_/Q
 _4240_/Q
 _4241_/Q
 _4242_/Q
 _4243_/Q
 _4244_/Q
 _4245_/Q
 _4246_/Q
 _4247_/Q
 _4248_/Q
 _4249_/Q
 _4250_/Q
 _4251_/Q
 _4252_/Q
 _4253_/Q
 _4254_/Q
 _4255_/Q
 _4256_/Q
 _4257_/Q
 _4258_/Q
 _4259_/Q
 _4260_/Q
 _4261_/Q
 _4262_/Q
 _4263_/Q
 _4264_/Q
 _4265_/Q
 _4266_/Q
 _4267_/Q
 _4268_/Q
 _4269_/Q
 _4270_/Q
 _4271_/Q
 _4272_/Q
 _4273_/Q
 _4274_/Q
 _4275_/Q
 _4276_/Q
 _4277_/Q
 _4278_/Q
 _4279_/Q
 _4280_/Q
 _4281_/Q
 _4282_/Q
 _4283_/Q
 _4284_/Q
 _4285_/Q
 _4286_/Q
Found 0 partially unannotated drivers.

===========================================================================
max slew violation count 0
max fanout violation count 0
max cap violation count 0
============================================================================

===========================================================================
check_setup -verbose -unconstrained_endpoints -multiple_clock -no_clock -no_input_delay -loops -generated_clocks
===========================================================================
Warning: There are 344 input ports missing set_input_delay.
  length[0]
  length[1]
  length[2]
  logA_flat[0]
  logA_flat[100]
  logA_flat[101]
  logA_flat[102]
  logA_flat[103]
  logA_flat[104]
  logA_flat[105]
  logA_flat[106]
  logA_flat[107]
  logA_flat[108]
  logA_flat[109]
  logA_flat[10]
  logA_flat[110]
  logA_flat[111]
  logA_flat[112]
  logA_flat[113]
  logA_flat[114]
  logA_flat[115]
  logA_flat[116]
  logA_flat[117]
  logA_flat[118]
  logA_flat[119]
  logA_flat[11]
  logA_flat[120]
  logA_flat[121]
  logA_flat[122]
  logA_flat[123]
  logA_flat[124]
  logA_flat[125]
  logA_flat[126]
  logA_flat[127]
  logA_flat[128]
  logA_flat[129]
  logA_flat[12]
  logA_flat[130]
  logA_flat[131]
  logA_flat[132]
  logA_flat[133]
  logA_flat[134]
  logA_flat[135]
  logA_flat[136]
  logA_flat[137]
  logA_flat[138]
  logA_flat[139]
  logA_flat[13]
  logA_flat[140]
  logA_flat[141]
  logA_flat[142]
  logA_flat[143]
  logA_flat[14]
  logA_flat[15]
  logA_flat[16]
  logA_flat[17]
  logA_flat[18]
  logA_flat[19]
  logA_flat[1]
  logA_flat[20]
  logA_flat[21]
  logA_flat[22]
  logA_flat[23]
  logA_flat[24]
  logA_flat[25]
  logA_flat[26]
  logA_flat[27]
  logA_flat[28]
  logA_flat[29]
  logA_flat[2]
  logA_flat[30]
  logA_flat[31]
  logA_flat[32]
  logA_flat[33]
  logA_flat[34]
  logA_flat[35]
  logA_flat[36]
  logA_flat[37]
  logA_flat[38]
  logA_flat[39]
  logA_flat[3]
  logA_flat[40]
  logA_flat[41]
  logA_flat[42]
  logA_flat[43]
  logA_flat[44]
  logA_flat[45]
  logA_flat[46]
  logA_flat[47]
  logA_flat[48]
  logA_flat[49]
  logA_flat[4]
  logA_flat[50]
  logA_flat[51]
  logA_flat[52]
  logA_flat[53]
  logA_flat[54]
  logA_flat[55]
  logA_flat[56]
  logA_flat[57]
  logA_flat[58]
  logA_flat[59]
  logA_flat[5]
  logA_flat[60]
  logA_flat[61]
  logA_flat[62]
  logA_flat[63]
  logA_flat[64]
  logA_flat[65]
  logA_flat[66]
  logA_flat[67]
  logA_flat[68]
  logA_flat[69]
  logA_flat[6]
  logA_flat[70]
  logA_flat[71]
  logA_flat[72]
  logA_flat[73]
  logA_flat[74]
  logA_flat[75]
  logA_flat[76]
  logA_flat[77]
  logA_flat[78]
  logA_flat[79]
  logA_flat[7]
  logA_flat[80]
  logA_flat[81]
  logA_flat[82]
  logA_flat[83]
  logA_flat[84]
  logA_flat[85]
  logA_flat[86]
  logA_flat[87]
  logA_flat[88]
  logA_flat[89]
  logA_flat[8]
  logA_flat[90]
  logA_flat[91]
  logA_flat[92]
  logA_flat[93]
  logA_flat[94]
  logA_flat[95]
  logA_flat[96]
  logA_flat[97]
  logA_flat[98]
  logA_flat[99]
  logA_flat[9]
  logB_flat[0]
  logB_flat[100]
  logB_flat[101]
  logB_flat[102]
  logB_flat[103]
  logB_flat[104]
  logB_flat[105]
  logB_flat[106]
  logB_flat[107]
  logB_flat[108]
  logB_flat[109]
  logB_flat[10]
  logB_flat[110]
  logB_flat[111]
  logB_flat[112]
  logB_flat[113]
  logB_flat[114]
  logB_flat[115]
  logB_flat[116]
  logB_flat[117]
  logB_flat[118]
  logB_flat[119]
  logB_flat[11]
  logB_flat[120]
  logB_flat[121]
  logB_flat[122]
  logB_flat[123]
  logB_flat[124]
  logB_flat[125]
  logB_flat[126]
  logB_flat[127]
  logB_flat[128]
  logB_flat[129]
  logB_flat[12]
  logB_flat[130]
  logB_flat[131]
  logB_flat[132]
  logB_flat[133]
  logB_flat[134]
  logB_flat[135]
  logB_flat[136]
  logB_flat[137]
  logB_flat[138]
  logB_flat[139]
  logB_flat[13]
  logB_flat[140]
  logB_flat[141]
  logB_flat[142]
  logB_flat[143]
  logB_flat[14]
  logB_flat[15]
  logB_flat[16]
  logB_flat[17]
  logB_flat[18]
  logB_flat[19]
  logB_flat[1]
  logB_flat[20]
  logB_flat[21]
  logB_flat[22]
  logB_flat[23]
  logB_flat[24]
  logB_flat[25]
  logB_flat[26]
  logB_flat[27]
  logB_flat[28]
  logB_flat[29]
  logB_flat[2]
  logB_flat[30]
  logB_flat[31]
  logB_flat[32]
  logB_flat[33]
  logB_flat[34]
  logB_flat[35]
  logB_flat[36]
  logB_flat[37]
  logB_flat[38]
  logB_flat[39]
  logB_flat[3]
  logB_flat[40]
  logB_flat[41]
  logB_flat[42]
  logB_flat[43]
  logB_flat[44]
  logB_flat[45]
  logB_flat[46]
  logB_flat[47]
  logB_flat[48]
  logB_flat[49]
  logB_flat[4]
  logB_flat[50]
  logB_flat[51]
  logB_flat[52]
  logB_flat[53]
  logB_flat[54]
  logB_flat[55]
  logB_flat[56]
  logB_flat[57]
  logB_flat[58]
  logB_flat[59]
  logB_flat[5]
  logB_flat[60]
  logB_flat[61]
  logB_flat[62]
  logB_flat[63]
  logB_flat[64]
  logB_flat[65]
  logB_flat[66]
  logB_flat[67]
  logB_flat[68]
  logB_flat[69]
  logB_flat[6]
  logB_flat[70]
  logB_flat[71]
  logB_flat[72]
  logB_flat[73]
  logB_flat[74]
  logB_flat[75]
  logB_flat[76]
  logB_flat[77]
  logB_flat[78]
  logB_flat[79]
  logB_flat[7]
  logB_flat[80]
  logB_flat[81]
  logB_flat[82]
  logB_flat[83]
  logB_flat[84]
  logB_flat[85]
  logB_flat[86]
  logB_flat[87]
  logB_flat[88]
  logB_flat[89]
  logB_flat[8]
  logB_flat[90]
  logB_flat[91]
  logB_flat[92]
  logB_flat[93]
  logB_flat[94]
  logB_flat[95]
  logB_flat[96]
  logB_flat[97]
  logB_flat[98]
  logB_flat[99]
  logB_flat[9]
  logC_flat[0]
  logC_flat[10]
  logC_flat[11]
  logC_flat[12]
  logC_flat[13]
  logC_flat[14]
  logC_flat[15]
  logC_flat[16]
  logC_flat[17]
  logC_flat[18]
  logC_flat[19]
  logC_flat[1]
  logC_flat[20]
  logC_flat[21]
  logC_flat[22]
  logC_flat[23]
  logC_flat[24]
  logC_flat[25]
  logC_flat[26]
  logC_flat[27]
  logC_flat[28]
  logC_flat[29]
  logC_flat[2]
  logC_flat[30]
  logC_flat[31]
  logC_flat[32]
  logC_flat[33]
  logC_flat[34]
  logC_flat[35]
  logC_flat[36]
  logC_flat[37]
  logC_flat[38]
  logC_flat[39]
  logC_flat[3]
  logC_flat[40]
  logC_flat[41]
  logC_flat[42]
  logC_flat[43]
  logC_flat[44]
  logC_flat[45]
  logC_flat[46]
  logC_flat[47]
  logC_flat[4]
  logC_flat[5]
  logC_flat[6]
  logC_flat[7]
  logC_flat[8]
  logC_flat[9]
  obs_in[0]
  obs_in[1]
  obs_valid
  rst_n
  start
Warning: There are 17 unconstrained endpoints.
  done
  path_0[0]
  path_0[1]
  path_1[0]
  path_1[1]
  path_2[0]
  path_2[1]
  path_3[0]
  path_3[1]
  path_4[0]
  path_4[1]
  path_5[0]
  path_5[1]
  path_6[0]
  path_6[1]
  path_7[0]
  path_7[1]
