Reading OpenROAD database at '/home/sidsh/Documents/ECE510/hardware_for_AI/proj/openlane/Satya/openlane_v1/runs/RUN_2025-06-12_23-58-10/20-openroad-generatepdn/viterbi_top.odb'…
Reading library file at '/root/.volare/volare/sky130/versions/0fe599b2afb6708d281543108caf8310912f54af/sky130A/libs.ref/sky130_fd_sc_hd/lib/sky130_fd_sc_hd__tt_025C_1v80.lib'…
Reading design constraints file at '/home/sidsh/Documents/ECE510/hardware_for_AI/proj/openlane/Satya/openlane_v1/constraints.sdc'…
[INFO] No information on clock propagation in input SDC file-- propagating all clocks.
+ global_placement -density 0.6 -skip_io -pad_right 0 -pad_left 0 -init_wirelength_coef 0.25
[INFO GPL-0002] DBU: 1000
[INFO GPL-0003] SiteSize: (  0.460  2.720 ) um
[INFO GPL-0004] CoreBBox: (  5.520 10.880 ) ( 224.480 228.480 ) um
[INFO GPL-0006] NumInstances:              2973
[INFO GPL-0007] NumPlaceInstances:         2157
[INFO GPL-0008] NumFixedInstances:          816
[INFO GPL-0009] NumDummyInstances:            0
[INFO GPL-0010] NumNets:                   2502
[INFO GPL-0011] NumPins:                   7976
[INFO GPL-0012] DieBBox:  (  0.000  0.000 ) ( 230.130 240.850 ) um
[INFO GPL-0013] CoreBBox: (  5.520 10.880 ) ( 224.480 228.480 ) um
[INFO GPL-0016] CoreArea:             47645.696 um^2
[INFO GPL-0017] NonPlaceInstsArea:     1421.363 um^2
[INFO GPL-0018] PlaceInstsArea:       21600.717 um^2
[INFO GPL-0019] Util:                    46.730 %
[INFO GPL-0020] StdInstsArea:         21600.717 um^2
[INFO GPL-0021] MacroInstsArea:           0.000 um^2
[INFO GPL-0031] FillerInit:NumGCells:      2805
[INFO GPL-0032] FillerInit:NumGNets:       2502
[INFO GPL-0033] FillerInit:NumGPins:       7976
[INFO GPL-0023] TargetDensity:            0.600
[INFO GPL-0024] AvrgPlaceInstArea:       10.014 um^2
[INFO GPL-0025] IdealBinArea:            16.690 um^2
[INFO GPL-0026] IdealBinCnt:               2854
[INFO GPL-0027] TotalBinArea:         47645.696 um^2
[INFO GPL-0028] BinCnt:        32     32
[INFO GPL-0029] BinSize: (  6.843  6.800 )
[INFO GPL-0030] NumBins: 1024
[NesterovSolve] Iter:    1 overflow: 0.995 HPWL: 5763480
[NesterovSolve] Iter:   10 overflow: 0.991 HPWL: 3547544
[NesterovSolve] Iter:   20 overflow: 0.990 HPWL: 3467756
[NesterovSolve] Iter:   30 overflow: 0.990 HPWL: 3458431
[NesterovSolve] Iter:   40 overflow: 0.990 HPWL: 3456238
[NesterovSolve] Iter:   50 overflow: 0.990 HPWL: 3455629
[NesterovSolve] Iter:   60 overflow: 0.990 HPWL: 3454989
[NesterovSolve] Iter:   70 overflow: 0.990 HPWL: 3455960
[NesterovSolve] Iter:   80 overflow: 0.990 HPWL: 3458914
[NesterovSolve] Iter:   90 overflow: 0.990 HPWL: 3464515
[NesterovSolve] Iter:  100 overflow: 0.990 HPWL: 3477101
[NesterovSolve] Iter:  110 overflow: 0.990 HPWL: 3520235
[NesterovSolve] Iter:  120 overflow: 0.986 HPWL: 3671553
[NesterovSolve] Iter:  130 overflow: 0.980 HPWL: 4117454
[NesterovSolve] Iter:  140 overflow: 0.973 HPWL: 5036543
[NesterovSolve] Iter:  150 overflow: 0.958 HPWL: 6819368
[NesterovSolve] Iter:  160 overflow: 0.941 HPWL: 8886840
[NesterovSolve] Iter:  170 overflow: 0.923 HPWL: 10255379
[NesterovSolve] Iter:  180 overflow: 0.904 HPWL: 11857666
[NesterovSolve] Iter:  190 overflow: 0.873 HPWL: 14221500
[NesterovSolve] Iter:  200 overflow: 0.840 HPWL: 16421770
[NesterovSolve] Iter:  210 overflow: 0.804 HPWL: 18277340
[NesterovSolve] Iter:  220 overflow: 0.764 HPWL: 20061779
[NesterovSolve] Iter:  230 overflow: 0.718 HPWL: 21964967
[NesterovSolve] Iter:  240 overflow: 0.676 HPWL: 23837834
[NesterovSolve] Iter:  250 overflow: 0.624 HPWL: 25859616
[NesterovSolve] Iter:  260 overflow: 0.574 HPWL: 27600396
[NesterovSolve] Iter:  270 overflow: 0.520 HPWL: 29093833
[NesterovSolve] Iter:  280 overflow: 0.464 HPWL: 30407818
[NesterovSolve] Iter:  290 overflow: 0.398 HPWL: 30702576
[NesterovSolve] Iter:  300 overflow: 0.359 HPWL: 31166156
[NesterovSolve] Iter:  310 overflow: 0.320 HPWL: 31548159
[NesterovSolve] Iter:  320 overflow: 0.293 HPWL: 31723474
[NesterovSolve] Iter:  330 overflow: 0.269 HPWL: 32121091
[NesterovSolve] Iter:  340 overflow: 0.239 HPWL: 32312300
[NesterovSolve] Iter:  350 overflow: 0.216 HPWL: 32492174
[NesterovSolve] Iter:  360 overflow: 0.192 HPWL: 32645910
[NesterovSolve] Iter:  370 overflow: 0.169 HPWL: 32814718
[NesterovSolve] Iter:  380 overflow: 0.147 HPWL: 32921120
[NesterovSolve] Iter:  390 overflow: 0.124 HPWL: 33013042
[NesterovSolve] Iter:  400 overflow: 0.107 HPWL: 33190609
[NesterovSolve] Finished with Overflow: 0.099789
[INFO] Setting RC values…
Setting global connections for newly added cells…
[INFO] Setting global connections...
Updating metrics…
Cell type report:                       Count       Area
  Fill cell                               160     600.58
  Tap cell                                656     820.79
  Buffer                                    6      22.52
  Inverter                                125     469.20
  Sequential cell                         117    3074.20
  Multi-Input combinational cell         1909   18034.80
  Total                                  2973   23022.08
Writing OpenROAD database to '/home/sidsh/Documents/ECE510/hardware_for_AI/proj/openlane/Satya/openlane_v1/runs/RUN_2025-06-12_23-58-10/23-openroad-globalplacementskipio/viterbi_top.odb'…
Writing netlist to '/home/sidsh/Documents/ECE510/hardware_for_AI/proj/openlane/Satya/openlane_v1/runs/RUN_2025-06-12_23-58-10/23-openroad-globalplacementskipio/viterbi_top.nl.v'…
Writing powered netlist to '/home/sidsh/Documents/ECE510/hardware_for_AI/proj/openlane/Satya/openlane_v1/runs/RUN_2025-06-12_23-58-10/23-openroad-globalplacementskipio/viterbi_top.pnl.v'…
Writing layout to '/home/sidsh/Documents/ECE510/hardware_for_AI/proj/openlane/Satya/openlane_v1/runs/RUN_2025-06-12_23-58-10/23-openroad-globalplacementskipio/viterbi_top.def'…
Writing timing constraints to '/home/sidsh/Documents/ECE510/hardware_for_AI/proj/openlane/Satya/openlane_v1/runs/RUN_2025-06-12_23-58-10/23-openroad-globalplacementskipio/viterbi_top.sdc'…
