logB_flat[22] not found in config but found in design.
logA_flat[7] not found in config but found in design.
logB_flat[67] not found in config but found in design.
logA_flat[90] not found in config but found in design.
logA_flat[102] not found in config but found in design.
logA_flat[121] not found in config but found in design.
logA_flat[129] not found in config but found in design.
logB_flat[5] not found in config but found in design.
logB_flat[136] not found in config but found in design.
logB_flat[53] not found in config but found in design.
logB_flat[118] not found in config but found in design.
logB_flat[60] not found in config but found in design.
logA_flat[13] not found in config but found in design.
logB_flat[25] not found in config but found in design.
logA_flat[52] not found in config but found in design.
logB_flat[51] not found in config but found in design.
logB_flat[47] not found in config but found in design.
logC_flat[31] not found in config but found in design.
logC_flat[14] not found in config but found in design.
logA_flat[130] not found in config but found in design.
logB_flat[80] not found in config but found in design.
logC_flat[41] not found in config but found in design.
logB_flat[62] not found in config but found in design.
logB_flat[92] not found in config but found in design.
logB_flat[40] not found in config but found in design.
logA_flat[59] not found in config but found in design.
logA_flat[140] not found in config but found in design.
logB_flat[55] not found in config but found in design.
logA_flat[95] not found in config but found in design.
logA_flat[119] not found in config but found in design.
logC_flat[15] not found in config but found in design.
logA_flat[92] not found in config but found in design.
logB_flat[94] not found in config but found in design.
logC_flat[8] not found in config but found in design.
logB_flat[12] not found in config but found in design.
logB_flat[20] not found in config but found in design.
logB_flat[15] not found in config but found in design.
path_6[1] not found in config but found in design.
logA_flat[46] not found in config but found in design.
logB_flat[105] not found in config but found in design.
logC_flat[32] not found in config but found in design.
logA_flat[104] not found in config but found in design.
logA_flat[82] not found in config but found in design.
logA_flat[5] not found in config but found in design.
logB_flat[45] not found in config but found in design.
logA_flat[11] not found in config but found in design.
path_5[1] not found in config but found in design.
logA_flat[31] not found in config but found in design.
logC_flat[0] not found in config but found in design.
logB_flat[19] not found in config but found in design.
logA_flat[61] not found in config but found in design.
logB_flat[7] not found in config but found in design.
logB_flat[59] not found in config but found in design.
logB_flat[43] not found in config but found in design.
logC_flat[7] not found in config but found in design.
logB_flat[123] not found in config but found in design.
logA_flat[8] not found in config but found in design.
logA_flat[94] not found in config but found in design.
logB_flat[42] not found in config but found in design.
logB_flat[66] not found in config but found in design.
logA_flat[103] not found in config but found in design.
logB_flat[72] not found in config but found in design.
logA_flat[6] not found in config but found in design.
logC_flat[12] not found in config but found in design.
logA_flat[63] not found in config but found in design.
logB_flat[34] not found in config but found in design.
logC_flat[47] not found in config but found in design.
logC_flat[29] not found in config but found in design.
logB_flat[54] not found in config but found in design.
logA_flat[43] not found in config but found in design.
path_2[0] not found in config but found in design.
logB_flat[32] not found in config but found in design.
logA_flat[112] not found in config but found in design.
logA_flat[24] not found in config but found in design.
logB_flat[96] not found in config but found in design.
logB_flat[127] not found in config but found in design.
logA_flat[65] not found in config but found in design.
logC_flat[43] not found in config but found in design.
logA_flat[56] not found in config but found in design.
logA_flat[28] not found in config but found in design.
logB_flat[111] not found in config but found in design.
logB_flat[68] not found in config but found in design.
logB_flat[132] not found in config but found in design.
logB_flat[129] not found in config but found in design.
logA_flat[105] not found in config but found in design.
logA_flat[141] not found in config but found in design.
logB_flat[41] not found in config but found in design.
logB_flat[31] not found in config but found in design.
obs_in[0] not found in config but found in design.
logA_flat[116] not found in config but found in design.
logB_flat[14] not found in config but found in design.
logB_flat[11] not found in config but found in design.
path_0[1] not found in config but found in design.
logB_flat[99] not found in config but found in design.
logA_flat[110] not found in config but found in design.
logC_flat[40] not found in config but found in design.
logC_flat[2] not found in config but found in design.
logB_flat[73] not found in config but found in design.
logB_flat[125] not found in config but found in design.
logC_flat[24] not found in config but found in design.
logA_flat[120] not found in config but found in design.
logB_flat[70] not found in config but found in design.
logB_flat[88] not found in config but found in design.
logB_flat[38] not found in config but found in design.
logA_flat[48] not found in config but found in design.
logC_flat[10] not found in config but found in design.
logB_flat[58] not found in config but found in design.
logA_flat[47] not found in config but found in design.
logA_flat[108] not found in config but found in design.
logA_flat[40] not found in config but found in design.
logB_flat[26] not found in config but found in design.
logB_flat[74] not found in config but found in design.
logA_flat[36] not found in config but found in design.
logB_flat[135] not found in config but found in design.
logB_flat[117] not found in config but found in design.
logB_flat[24] not found in config but found in design.
logB_flat[102] not found in config but found in design.
logA_flat[118] not found in config but found in design.
logB_flat[108] not found in config but found in design.
logA_flat[29] not found in config but found in design.
logA_flat[44] not found in config but found in design.
logA_flat[70] not found in config but found in design.
logA_flat[111] not found in config but found in design.
logB_flat[91] not found in config but found in design.
logA_flat[128] not found in config but found in design.
logB_flat[33] not found in config but found in design.
logA_flat[97] not found in config but found in design.
logB_flat[27] not found in config but found in design.
logC_flat[13] not found in config but found in design.
logC_flat[45] not found in config but found in design.
length[0] not found in config but found in design.
logB_flat[57] not found in config but found in design.
logA_flat[66] not found in config but found in design.
logC_flat[4] not found in config but found in design.
logA_flat[98] not found in config but found in design.
logA_flat[84] not found in config but found in design.
logB_flat[131] not found in config but found in design.
logC_flat[35] not found in config but found in design.
logB_flat[37] not found in config but found in design.
logA_flat[60] not found in config but found in design.
logB_flat[121] not found in config but found in design.
logC_flat[30] not found in config but found in design.
logA_flat[73] not found in config but found in design.
logB_flat[140] not found in config but found in design.
logA_flat[89] not found in config but found in design.
logA_flat[39] not found in config but found in design.
logB_flat[93] not found in config but found in design.
logC_flat[44] not found in config but found in design.
logB_flat[71] not found in config but found in design.
logA_flat[137] not found in config but found in design.
logA_flat[42] not found in config but found in design.
logB_flat[56] not found in config but found in design.
logA_flat[132] not found in config but found in design.
logB_flat[106] not found in config but found in design.
logC_flat[42] not found in config but found in design.
logC_flat[21] not found in config but found in design.
logB_flat[95] not found in config but found in design.
logA_flat[93] not found in config but found in design.
logC_flat[11] not found in config but found in design.
logA_flat[2] not found in config but found in design.
logB_flat[97] not found in config but found in design.
logA_flat[83] not found in config but found in design.
obs_in[1] not found in config but found in design.
logC_flat[1] not found in config but found in design.
logB_flat[9] not found in config but found in design.
logA_flat[3] not found in config but found in design.
logB_flat[17] not found in config but found in design.
logB_flat[30] not found in config but found in design.
logC_flat[20] not found in config but found in design.
logA_flat[51] not found in config but found in design.
logB_flat[0] not found in config but found in design.
logB_flat[2] not found in config but found in design.
logA_flat[131] not found in config but found in design.
logA_flat[15] not found in config but found in design.
logB_flat[52] not found in config but found in design.
logB_flat[113] not found in config but found in design.
logB_flat[49] not found in config but found in design.
logA_flat[68] not found in config but found in design.
logA_flat[96] not found in config but found in design.
logB_flat[84] not found in config but found in design.
path_3[1] not found in config but found in design.
logB_flat[107] not found in config but found in design.
logB_flat[76] not found in config but found in design.
path_5[0] not found in config but found in design.
logA_flat[117] not found in config but found in design.
logB_flat[82] not found in config but found in design.
logC_flat[28] not found in config but found in design.
logB_flat[50] not found in config but found in design.
logB_flat[142] not found in config but found in design.
logA_flat[138] not found in config but found in design.
logB_flat[48] not found in config but found in design.
logC_flat[26] not found in config but found in design.
logB_flat[101] not found in config but found in design.
logB_flat[8] not found in config but found in design.
logB_flat[104] not found in config but found in design.
length[1] not found in config but found in design.
logA_flat[14] not found in config but found in design.
logA_flat[38] not found in config but found in design.
logB_flat[126] not found in config but found in design.
logA_flat[35] not found in config but found in design.
logA_flat[9] not found in config but found in design.
logA_flat[20] not found in config but found in design.
logA_flat[10] not found in config but found in design.
path_2[1] not found in config but found in design.
logC_flat[27] not found in config but found in design.
logB_flat[115] not found in config but found in design.
logC_flat[6] not found in config but found in design.
logB_flat[77] not found in config but found in design.
logB_flat[63] not found in config but found in design.
logA_flat[62] not found in config but found in design.
logA_flat[1] not found in config but found in design.
logB_flat[69] not found in config but found in design.
logB_flat[78] not found in config but found in design.
logA_flat[114] not found in config but found in design.
logA_flat[139] not found in config but found in design.
path_1[0] not found in config but found in design.
length[2] not found in config but found in design.
logB_flat[35] not found in config but found in design.
logA_flat[86] not found in config but found in design.
logA_flat[34] not found in config but found in design.
logB_flat[124] not found in config but found in design.
logB_flat[137] not found in config but found in design.
logB_flat[81] not found in config but found in design.
logB_flat[75] not found in config but found in design.
logA_flat[27] not found in config but found in design.
logA_flat[80] not found in config but found in design.
logB_flat[141] not found in config but found in design.
logC_flat[39] not found in config but found in design.
logC_flat[33] not found in config but found in design.
logB_flat[120] not found in config but found in design.
logB_flat[36] not found in config but found in design.
logA_flat[75] not found in config but found in design.
logA_flat[107] not found in config but found in design.
logA_flat[123] not found in config but found in design.
logB_flat[85] not found in config but found in design.
logA_flat[77] not found in config but found in design.
logB_flat[139] not found in config but found in design.
logA_flat[87] not found in config but found in design.
logB_flat[10] not found in config but found in design.
path_4[0] not found in config but found in design.
logB_flat[3] not found in config but found in design.
logB_flat[138] not found in config but found in design.
logA_flat[134] not found in config but found in design.
logA_flat[18] not found in config but found in design.
logB_flat[46] not found in config but found in design.
logB_flat[23] not found in config but found in design.
logB_flat[122] not found in config but found in design.
logA_flat[113] not found in config but found in design.
logB_flat[100] not found in config but found in design.
logA_flat[106] not found in config but found in design.
logC_flat[23] not found in config but found in design.
logA_flat[133] not found in config but found in design.
logB_flat[143] not found in config but found in design.
logB_flat[110] not found in config but found in design.
logB_flat[86] not found in config but found in design.
path_7[0] not found in config but found in design.
logC_flat[9] not found in config but found in design.
logB_flat[65] not found in config but found in design.
logA_flat[79] not found in config but found in design.
logA_flat[91] not found in config but found in design.
logB_flat[112] not found in config but found in design.
logB_flat[6] not found in config but found in design.
logB_flat[18] not found in config but found in design.
logA_flat[142] not found in config but found in design.
logA_flat[12] not found in config but found in design.
logA_flat[21] not found in config but found in design.
logC_flat[36] not found in config but found in design.
logB_flat[28] not found in config but found in design.
logB_flat[87] not found in config but found in design.
logC_flat[38] not found in config but found in design.
logA_flat[23] not found in config but found in design.
logB_flat[21] not found in config but found in design.
logC_flat[17] not found in config but found in design.
logA_flat[101] not found in config but found in design.
logA_flat[69] not found in config but found in design.
logA_flat[124] not found in config but found in design.
logB_flat[39] not found in config but found in design.
logA_flat[30] not found in config but found in design.
logA_flat[17] not found in config but found in design.
logA_flat[143] not found in config but found in design.
logB_flat[119] not found in config but found in design.
logA_flat[135] not found in config but found in design.
logA_flat[109] not found in config but found in design.
logA_flat[67] not found in config but found in design.
logB_flat[64] not found in config but found in design.
logB_flat[98] not found in config but found in design.
logB_flat[134] not found in config but found in design.
logB_flat[4] not found in config but found in design.
logB_flat[29] not found in config but found in design.
logA_flat[32] not found in config but found in design.
logA_flat[64] not found in config but found in design.
logB_flat[109] not found in config but found in design.
logB_flat[133] not found in config but found in design.
logA_flat[22] not found in config but found in design.
logA_flat[57] not found in config but found in design.
logA_flat[72] not found in config but found in design.
logC_flat[3] not found in config but found in design.
logA_flat[85] not found in config but found in design.
logA_flat[100] not found in config but found in design.
logA_flat[37] not found in config but found in design.
logA_flat[0] not found in config but found in design.
logB_flat[16] not found in config but found in design.
path_7[1] not found in config but found in design.
logA_flat[88] not found in config but found in design.
logB_flat[90] not found in config but found in design.
logC_flat[25] not found in config but found in design.
logC_flat[34] not found in config but found in design.
logA_flat[45] not found in config but found in design.
logA_flat[81] not found in config but found in design.
logB_flat[13] not found in config but found in design.
logB_flat[61] not found in config but found in design.
logB_flat[89] not found in config but found in design.
logA_flat[71] not found in config but found in design.
obs_valid not found in config but found in design.
logA_flat[54] not found in config but found in design.
logA_flat[122] not found in config but found in design.
logA_flat[49] not found in config but found in design.
path_0[0] not found in config but found in design.
logA_flat[41] not found in config but found in design.
logB_flat[114] not found in config but found in design.
logA_flat[16] not found in config but found in design.
logA_flat[53] not found in config but found in design.
logC_flat[37] not found in config but found in design.
path_6[0] not found in config but found in design.
logA_flat[74] not found in config but found in design.
logB_flat[79] not found in config but found in design.
logA_flat[26] not found in config but found in design.
logC_flat[22] not found in config but found in design.
logC_flat[46] not found in config but found in design.
logA_flat[76] not found in config but found in design.
path_4[1] not found in config but found in design.
logA_flat[126] not found in config but found in design.
logB_flat[103] not found in config but found in design.
logA_flat[115] not found in config but found in design.
logA_flat[99] not found in config but found in design.
logB_flat[128] not found in config but found in design.
logB_flat[83] not found in config but found in design.
logA_flat[19] not found in config but found in design.
path_3[0] not found in config but found in design.
logA_flat[127] not found in config but found in design.
logA_flat[136] not found in config but found in design.
logA_flat[125] not found in config but found in design.
logB_flat[44] not found in config but found in design.
logB_flat[1] not found in config but found in design.
logC_flat[18] not found in config but found in design.
logC_flat[5] not found in config but found in design.
path_1[1] not found in config but found in design.
logA_flat[78] not found in config but found in design.
logC_flat[19] not found in config but found in design.
logA_flat[4] not found in config but found in design.
logB_flat[116] not found in config but found in design.
logA_flat[33] not found in config but found in design.
logA_flat[55] not found in config but found in design.
logA_flat[25] not found in config but found in design.
logA_flat[50] not found in config but found in design.
logC_flat[16] not found in config but found in design.
logB_flat[130] not found in config but found in design.
logA_flat[58] not found in config but found in design.
Subprocess had a non-zero exit.
Last 10 line(s):
[ERROR] logB_flat[116] not found in config but found in design.
[ERROR] logA_flat[33] not found in config but found in design.
[ERROR] logA_flat[55] not found in config but found in design.
[ERROR] logA_flat[25] not found in config but found in design.
[ERROR] logA_flat[50] not found in config but found in design.
[ERROR] logC_flat[16] not found in config but found in design.
[ERROR] logB_flat[130] not found in config but found in design.
[ERROR] logA_flat[58] not found in config but found in design.
Top-level design name: viterbi_top
Critical mismatches found.

Full log file: 'runs/RUN_2025-06-12_23-06-40/25-odb-customioplacement/odb-customioplacement.log'
