Reading timing models for corner nom_tt_025C_1v80…
Reading timing library for the 'nom_tt_025C_1v80' corner at '/root/.volare/volare/sky130/versions/0fe599b2afb6708d281543108caf8310912f54af/sky130A/libs.ref/sky130_fd_sc_hd/lib/sky130_fd_sc_hd__tt_025C_1v80.lib'…
Reading timing models for corner nom_ff_n40C_1v95…
Reading timing library for the 'nom_ff_n40C_1v95' corner at '/root/.volare/volare/sky130/versions/0fe599b2afb6708d281543108caf8310912f54af/sky130A/libs.ref/sky130_fd_sc_hd/lib/sky130_fd_sc_hd__ff_n40C_1v95.lib'…
Reading timing models for corner nom_ss_100C_1v60…
Reading timing library for the 'nom_ss_100C_1v60' corner at '/root/.volare/volare/sky130/versions/0fe599b2afb6708d281543108caf8310912f54af/sky130A/libs.ref/sky130_fd_sc_hd/lib/sky130_fd_sc_hd__ss_100C_1v60.lib'…
Reading OpenROAD database at '/home/sidsh/Documents/ECE510/hardware_for_AI/proj/openlane/Satya/openlane_v1/runs/RUN_2025-06-12_23-39-31/27-openroad-globalplacement/viterbi_top.odb'…
Reading design constraints file at '/home/sidsh/Documents/ECE510/hardware_for_AI/proj/openlane/Satya/openlane_v1/constraints.sdc'…
[INFO] No information on clock propagation in input SDC file-- propagating all clocks.
[INFO] Setting RC values…
[INFO RSZ-0027] Inserted 344 input buffers.
[INFO RSZ-0028] Inserted 17 output buffers.
[INFO RSZ-0058] Using max wire length 6335um.
Iteration | Resized | Buffers | Nets repaired | Remaining
---------------------------------------------------------
        0 |       0 |       0 |             0 |      2863
      100 |      70 |       0 |             0 |      2763
      200 |     154 |       0 |             0 |      2663
      300 |     245 |       0 |             0 |      2563
      400 |     309 |       0 |             0 |      2463
      500 |     375 |       0 |             0 |      2363
      600 |     458 |       0 |             0 |      2263
      700 |     520 |       0 |             0 |      2163
      800 |     596 |       0 |             0 |      2063
      900 |     673 |       0 |             0 |      1963
     1000 |     755 |       0 |             0 |      1863
     1100 |     844 |       0 |             0 |      1763
     1200 |     920 |       0 |             0 |      1663
     1300 |     994 |       0 |             0 |      1563
     1400 |    1080 |       0 |             0 |      1463
     1500 |    1171 |       0 |             0 |      1363
     1600 |    1266 |       0 |             0 |      1263
     1700 |    1358 |       0 |             0 |      1163
     1800 |    1452 |       0 |             0 |      1063
     1900 |    1552 |       0 |             0 |       963
     2000 |    1636 |       0 |             0 |       863
     2100 |    1694 |       0 |             0 |       763
     2200 |    1755 |       1 |             1 |       663
     2300 |    1811 |       1 |             1 |       563
     2400 |    1899 |       1 |             1 |       463
     2500 |    1968 |       1 |             1 |       363
     2600 |    1973 |       1 |             1 |       263
     2700 |    1973 |       1 |             1 |       163
     2800 |    1973 |       1 |             1 |        63
    final |    1973 |       1 |             1 |         0
---------------------------------------------------------
[INFO RSZ-0034] Found 1 slew violations.
[INFO RSZ-0036] Found 1 capacitance violations.
[INFO RSZ-0038] Inserted 1 buffers in 1 nets.
[INFO RSZ-0039] Resized 1973 instances.
Placement Analysis
---------------------------------
total displacement      11251.2 u
average displacement        3.4 u
max displacement           32.0 u
original HPWL           69040.6 u
legalized HPWL          80406.4 u
delta HPWL                   16 %

[INFO DPL-0020] Mirrored 1006 instances
[INFO DPL-0021] HPWL before           80406.4 u
[INFO DPL-0022] HPWL after            78630.1 u
[INFO DPL-0023] HPWL delta               -2.2 %
[INFO] Setting RC values…
Setting global connections for newly added cells…
[INFO] Setting global connections...
Updating metrics…
Cell type report:                       Count       Area
  Fill cell                               160     600.58
  Tap cell                                656     820.79
  Buffer                                    6      22.52
  Timing Repair Buffer                    362    1662.84
  Inverter                                125     474.20
  Sequential cell                         117    3155.53
  Multi-Input combinational cell         1909   14640.29
  Total                                  3335   21376.75
Writing OpenROAD database to '/home/sidsh/Documents/ECE510/hardware_for_AI/proj/openlane/Satya/openlane_v1/runs/RUN_2025-06-12_23-39-31/31-openroad-repairdesignpostgpl/viterbi_top.odb'…
Writing netlist to '/home/sidsh/Documents/ECE510/hardware_for_AI/proj/openlane/Satya/openlane_v1/runs/RUN_2025-06-12_23-39-31/31-openroad-repairdesignpostgpl/viterbi_top.nl.v'…
Writing powered netlist to '/home/sidsh/Documents/ECE510/hardware_for_AI/proj/openlane/Satya/openlane_v1/runs/RUN_2025-06-12_23-39-31/31-openroad-repairdesignpostgpl/viterbi_top.pnl.v'…
Writing layout to '/home/sidsh/Documents/ECE510/hardware_for_AI/proj/openlane/Satya/openlane_v1/runs/RUN_2025-06-12_23-39-31/31-openroad-repairdesignpostgpl/viterbi_top.def'…
Writing timing constraints to '/home/sidsh/Documents/ECE510/hardware_for_AI/proj/openlane/Satya/openlane_v1/runs/RUN_2025-06-12_23-39-31/31-openroad-repairdesignpostgpl/viterbi_top.sdc'…
