Clock: core_clock
Sources: clk 
Generated: no
Virtual: yes
Propagated: no
Period: 50.000000

===========================================================================
report_clock_properties
============================================================================
Clock                   Period          Waveform
----------------------------------------------------
core_clock           50.000000    0.000000 25.000000

===========================================================================
report_clock_latency
============================================================================
Clock core_clock
rise -> rise
    min     max
0.000000 0.000000 source latency
0.002251         network latency _4188_/CLK
        0.011260 network latency _4136_/CLK
---------------
0.002251 0.011260 latency
        0.009009 skew

fall -> fall
    min     max
0.000000 0.000000 source latency
0.002130         network latency _4188_/CLK
        0.010697 network latency _4136_/CLK
---------------
0.002130 0.010697 latency
        0.008567 skew



===========================================================================
report_clock_min_period
============================================================================
core_clock period_min = 10.23 fmax = 97.73
