Clock: core_clock
Sources: clk 
Generated: no
Virtual: yes
Propagated: no
Period: 50.000000

===========================================================================
report_clock_properties
============================================================================
Clock                   Period          Waveform
----------------------------------------------------
core_clock           50.000000    0.000000 25.000000

===========================================================================
report_clock_latency
============================================================================
Clock core_clock
rise -> rise
    min     max
0.000000 0.000000 source latency
0.361149         network latency _4115_/CLK
        0.375362 network latency _4126_/CLK
---------------
0.361149 0.375362 latency
        0.014213 skew

fall -> fall
    min     max
0.000000 0.000000 source latency
0.352165         network latency _4115_/CLK
        0.362341 network latency _4126_/CLK
---------------
0.352165 0.362341 latency
        0.010177 skew



===========================================================================
report_clock_min_period
============================================================================
core_clock period_min = 9.04 fmax = 110.65
