Reading OpenROAD database at '/home/sidsh/Documents/ECE510/hardware_for_AI/proj/openlane/Satya/openlane_v1/runs/RUN_2025-06-12_23-06-40/20-openroad-generatepdn/viterbi_top.odb'…
Reading library file at '/root/.volare/volare/sky130/versions/0fe599b2afb6708d281543108caf8310912f54af/sky130A/libs.ref/sky130_fd_sc_hd/lib/sky130_fd_sc_hd__tt_025C_1v80.lib'…
Reading design constraints file at '/home/sidsh/Documents/ECE510/hardware_for_AI/proj/openlane/Satya/openlane_v1/constraints.sdc'…
[INFO] No information on clock propagation in input SDC file-- propagating all clocks.
+ global_placement -density 0.567667 -skip_io -pad_right 0 -pad_left 0 -init_wirelength_coef 0.25
[INFO GPL-0002] DBU: 1000
[INFO GPL-0003] SiteSize: (  0.460  2.720 ) um
[INFO GPL-0004] CoreBBox: (  5.520 10.880 ) ( 225.860 231.200 ) um
[INFO GPL-0006] NumInstances:              3028
[INFO GPL-0007] NumPlaceInstances:         2202
[INFO GPL-0008] NumFixedInstances:          826
[INFO GPL-0009] NumDummyInstances:            0
[INFO GPL-0010] NumNets:                   2547
[INFO GPL-0011] NumPins:                   8130
[INFO GPL-0012] DieBBox:  (  0.000  0.000 ) ( 231.505 242.225 ) um
[INFO GPL-0013] CoreBBox: (  5.520 10.880 ) ( 225.860 231.200 ) um
[INFO GPL-0016] CoreArea:             48545.309 um^2
[INFO GPL-0017] NonPlaceInstsArea:     1438.880 um^2
[INFO GPL-0018] PlaceInstsArea:       21872.227 um^2
[INFO GPL-0019] Util:                    46.432 %
[INFO GPL-0020] StdInstsArea:         21872.227 um^2
[INFO GPL-0021] MacroInstsArea:           0.000 um^2
[INFO GPL-0031] FillerInit:NumGCells:      2722
[INFO GPL-0032] FillerInit:NumGNets:       2547
[INFO GPL-0033] FillerInit:NumGPins:       8130
[INFO GPL-0023] TargetDensity:            0.568
[INFO GPL-0024] AvrgPlaceInstArea:        9.933 um^2
[INFO GPL-0025] IdealBinArea:            17.498 um^2
[INFO GPL-0026] IdealBinCnt:               2774
[INFO GPL-0027] TotalBinArea:         48545.309 um^2
[INFO GPL-0028] BinCnt:        32     32
[INFO GPL-0029] BinSize: (  6.886  6.885 )
[INFO GPL-0030] NumBins: 1024
[NesterovSolve] Iter:    1 overflow: 0.995 HPWL: 5903598
[NesterovSolve] Iter:   10 overflow: 0.991 HPWL: 3576383
[NesterovSolve] Iter:   20 overflow: 0.990 HPWL: 3467312
[NesterovSolve] Iter:   30 overflow: 0.990 HPWL: 3450410
[NesterovSolve] Iter:   40 overflow: 0.990 HPWL: 3446339
[NesterovSolve] Iter:   50 overflow: 0.990 HPWL: 3445624
[NesterovSolve] Iter:   60 overflow: 0.990 HPWL: 3445358
[NesterovSolve] Iter:   70 overflow: 0.990 HPWL: 3448070
[NesterovSolve] Iter:   80 overflow: 0.990 HPWL: 3454160
[NesterovSolve] Iter:   90 overflow: 0.990 HPWL: 3466140
[NesterovSolve] Iter:  100 overflow: 0.990 HPWL: 3490417
[NesterovSolve] Iter:  110 overflow: 0.990 HPWL: 3554826
[NesterovSolve] Iter:  120 overflow: 0.986 HPWL: 3748823
[NesterovSolve] Iter:  130 overflow: 0.981 HPWL: 4322941
[NesterovSolve] Iter:  140 overflow: 0.972 HPWL: 5359876
[NesterovSolve] Iter:  150 overflow: 0.962 HPWL: 7045505
[NesterovSolve] Iter:  160 overflow: 0.944 HPWL: 9343596
[NesterovSolve] Iter:  170 overflow: 0.924 HPWL: 11029606
[NesterovSolve] Iter:  180 overflow: 0.905 HPWL: 12497603
[NesterovSolve] Iter:  190 overflow: 0.876 HPWL: 14749927
[NesterovSolve] Iter:  200 overflow: 0.839 HPWL: 16979749
[NesterovSolve] Iter:  210 overflow: 0.810 HPWL: 18790287
[NesterovSolve] Iter:  220 overflow: 0.767 HPWL: 20968349
[NesterovSolve] Iter:  230 overflow: 0.724 HPWL: 23289126
[NesterovSolve] Iter:  240 overflow: 0.675 HPWL: 25452372
[NesterovSolve] Iter:  250 overflow: 0.627 HPWL: 27143460
[NesterovSolve] Iter:  260 overflow: 0.576 HPWL: 29178904
[NesterovSolve] Iter:  270 overflow: 0.520 HPWL: 30676097
[NesterovSolve] Iter:  280 overflow: 0.456 HPWL: 31573598
[NesterovSolve] Iter:  290 overflow: 0.405 HPWL: 31929661
[NesterovSolve] Iter:  300 overflow: 0.366 HPWL: 32382500
[NesterovSolve] Iter:  310 overflow: 0.330 HPWL: 32531140
[NesterovSolve] Iter:  320 overflow: 0.298 HPWL: 33027658
[NesterovSolve] Iter:  330 overflow: 0.270 HPWL: 33317378
[NesterovSolve] Iter:  340 overflow: 0.241 HPWL: 33362121
[NesterovSolve] Iter:  350 overflow: 0.211 HPWL: 33298751
[NesterovSolve] Iter:  360 overflow: 0.191 HPWL: 33341978
[NesterovSolve] Iter:  370 overflow: 0.167 HPWL: 33484445
[NesterovSolve] Iter:  380 overflow: 0.141 HPWL: 33646246
[NesterovSolve] Iter:  390 overflow: 0.124 HPWL: 33676441
[NesterovSolve] Iter:  400 overflow: 0.105 HPWL: 33789700
[NesterovSolve] Finished with Overflow: 0.099470
[INFO] Setting RC values…
Setting global connections for newly added cells…
[INFO] Setting global connections...
Updating metrics…
Cell type report:                       Count       Area
  Fill cell                               162     608.08
  Tap cell                                664     830.80
  Buffer                                    6      22.52
  Inverter                                120     450.43
  Sequential cell                         117    3074.20
  Multi-Input combinational cell         1959   18325.08
  Total                                  3028   23311.11
Writing OpenROAD database to '/home/sidsh/Documents/ECE510/hardware_for_AI/proj/openlane/Satya/openlane_v1/runs/RUN_2025-06-12_23-06-40/23-openroad-globalplacementskipio/viterbi_top.odb'…
Writing netlist to '/home/sidsh/Documents/ECE510/hardware_for_AI/proj/openlane/Satya/openlane_v1/runs/RUN_2025-06-12_23-06-40/23-openroad-globalplacementskipio/viterbi_top.nl.v'…
Writing powered netlist to '/home/sidsh/Documents/ECE510/hardware_for_AI/proj/openlane/Satya/openlane_v1/runs/RUN_2025-06-12_23-06-40/23-openroad-globalplacementskipio/viterbi_top.pnl.v'…
Writing layout to '/home/sidsh/Documents/ECE510/hardware_for_AI/proj/openlane/Satya/openlane_v1/runs/RUN_2025-06-12_23-06-40/23-openroad-globalplacementskipio/viterbi_top.def'…
Writing timing constraints to '/home/sidsh/Documents/ECE510/hardware_for_AI/proj/openlane/Satya/openlane_v1/runs/RUN_2025-06-12_23-06-40/23-openroad-globalplacementskipio/viterbi_top.sdc'…
