Reading OpenROAD database at '/home/sidsh/Documents/ECE510/hardware_for_AI/Project/OpenLane/Siddesh/openlane_v1/runs/RUN_2025-06-16_04-16-01/18-openroad-tapendcapinsertion/viterbi_top.odb'…
Reading library file at '/root/.volare/volare/sky130/versions/0fe599b2afb6708d281543108caf8310912f54af/sky130A/libs.ref/sky130_fd_sc_hd/lib/sky130_fd_sc_hd__tt_025C_1v80.lib'…
Reading design constraints file at '/home/sidsh/Documents/ECE510/hardware_for_AI/Project/OpenLane/Siddesh/openlane_v1/constraints.sdc'…
[INFO] No information on clock propagation in input SDC file-- propagating all clocks.
[INFO] Setting global connections...
adding -skip_trim to pdngen
[INFO PDN-0001] Inserting grid: stdcell_grid
Setting global connections for newly added cells…
[INFO] Setting global connections...
Updating metrics…
Cell type report:                       Count       Area
  Fill cell                               160     600.58
  Tap cell                                656     820.79
  Buffer                                    6      22.52
  Inverter                                125     469.20
  Sequential cell                         117    3074.20
  Multi-Input combinational cell         1909   18034.80
  Total                                  2973   23022.08
Writing OpenROAD database to '/home/sidsh/Documents/ECE510/hardware_for_AI/Project/OpenLane/Siddesh/openlane_v1/runs/RUN_2025-06-16_04-16-01/20-openroad-generatepdn/viterbi_top.odb'…
Writing netlist to '/home/sidsh/Documents/ECE510/hardware_for_AI/Project/OpenLane/Siddesh/openlane_v1/runs/RUN_2025-06-16_04-16-01/20-openroad-generatepdn/viterbi_top.nl.v'…
Writing powered netlist to '/home/sidsh/Documents/ECE510/hardware_for_AI/Project/OpenLane/Siddesh/openlane_v1/runs/RUN_2025-06-16_04-16-01/20-openroad-generatepdn/viterbi_top.pnl.v'…
Writing layout to '/home/sidsh/Documents/ECE510/hardware_for_AI/Project/OpenLane/Siddesh/openlane_v1/runs/RUN_2025-06-16_04-16-01/20-openroad-generatepdn/viterbi_top.def'…
Writing timing constraints to '/home/sidsh/Documents/ECE510/hardware_for_AI/Project/OpenLane/Siddesh/openlane_v1/runs/RUN_2025-06-16_04-16-01/20-openroad-generatepdn/viterbi_top.sdc'…
[INFO PSM-0040] All shapes on net VPWR are connected.
[INFO PSM-0040] All shapes on net VGND are connected.
