
===========================================================================
report_checks -unconstrained
===========================================================================
======================= nom_tt_025C_1v80 Corner ===================================

Startpoint: _4110_ (rising edge-triggered flip-flop clocked by core_clock)
Endpoint: _4124_ (rising edge-triggered flip-flop clocked by core_clock)
Path Group: core_clock
Path Type: max

Fanout         Cap        Slew       Delay        Time   Description
---------------------------------------------------------------------------------------------
                                  0.000000    0.000000   clock core_clock (rise edge)
                                  0.000000    0.000000   clock source latency
   117    0.327074    0.000000    0.000000    0.000000 ^ clk (in)
                                                         clk (net)
                      0.010922    0.005461    0.005461 ^ _4110_/CLK (sky130_fd_sc_hd__dfrtp_2)
     9    0.044018    0.128630    0.476632    0.482093 v _4110_/Q (sky130_fd_sc_hd__dfrtp_2)
                                                         delta_0[1] (net)
                      0.128636    0.001040    0.483133 v _2395_/A (sky130_fd_sc_hd__xor2_2)
     2    0.011400    0.186846    0.237033    0.720166 ^ _2395_/X (sky130_fd_sc_hd__xor2_2)
                                                         _1973_ (net)
                      0.186846    0.000012    0.720178 ^ _2396_/A3 (sky130_fd_sc_hd__a31o_2)
     3    0.018136    0.115293    0.240887    0.961065 ^ _2396_/X (sky130_fd_sc_hd__a31o_2)
                                                         _1974_ (net)
                      0.115293    0.000368    0.961433 ^ _2400_/B1 (sky130_fd_sc_hd__a221o_2)
     3    0.009887    0.069328    0.182376    1.143809 ^ _2400_/X (sky130_fd_sc_hd__a221o_2)
                                                         _1978_ (net)
                      0.069328    0.000058    1.143866 ^ _2404_/C_N (sky130_fd_sc_hd__or4bb_2)
     3    0.010798    0.124660    0.655691    1.799558 v _2404_/X (sky130_fd_sc_hd__or4bb_2)
                                                         _1982_ (net)
                      0.124660    0.000095    1.799653 v _2419_/A1 (sky130_fd_sc_hd__a211o_2)
     4    0.015206    0.078726    0.364139    2.163792 v _2419_/X (sky130_fd_sc_hd__a211o_2)
                                                         _1997_ (net)
                      0.078726    0.000087    2.163879 v _2425_/A2 (sky130_fd_sc_hd__o211a_2)
     3    0.007516    0.051978    0.263470    2.427349 v _2425_/X (sky130_fd_sc_hd__o211a_2)
                                                         _2003_ (net)
                      0.051978    0.000048    2.427397 v _2434_/A1 (sky130_fd_sc_hd__o311a_2)
     2    0.007764    0.067455    0.409089    2.836486 v _2434_/X (sky130_fd_sc_hd__o311a_2)
                                                         _2012_ (net)
                      0.067455    0.000046    2.836531 v _2437_/A3 (sky130_fd_sc_hd__o31a_2)
     1    0.008881    0.068244    0.310419    3.146951 v _2437_/X (sky130_fd_sc_hd__o31a_2)
                                                         _2015_ (net)
                      0.068244    0.000024    3.146975 v _2439_/A (sky130_fd_sc_hd__xnor2_2)
     3    0.005907    0.054511    0.145268    3.292243 v _2439_/Y (sky130_fd_sc_hd__xnor2_2)
                                                         _2017_ (net)
                      0.054511    0.000019    3.292262 v _2507_/A_N (sky130_fd_sc_hd__nand3b_2)
     6    0.019463    0.138712    0.271332    3.563594 v _2507_/Y (sky130_fd_sc_hd__nand3b_2)
                                                         _0162_ (net)
                      0.138712    0.000037    3.563631 v _2514_/B (sky130_fd_sc_hd__and4b_2)
     3    0.007180    0.054339    0.258569    3.822201 v _2514_/X (sky130_fd_sc_hd__and4b_2)
                                                         _0169_ (net)
                      0.054339    0.000012    3.822212 v _2612_/A1 (sky130_fd_sc_hd__a211o_2)
     4    0.010174    0.069365    0.319978    4.142190 v _2612_/X (sky130_fd_sc_hd__a211o_2)
                                                         _0267_ (net)
                      0.069365    0.000021    4.142211 v _2614_/B (sky130_fd_sc_hd__nand2_2)
    17    0.073331    0.374705    0.308964    4.451175 ^ _2614_/Y (sky130_fd_sc_hd__nand2_2)
                                                         _0269_ (net)
                      0.374705    0.000490    4.451665 ^ _2650_/S (sky130_fd_sc_hd__mux2_1)
     3    0.011982    0.097128    0.417269    4.868934 v _2650_/X (sky130_fd_sc_hd__mux2_1)
                                                         _0305_ (net)
                      0.097128    0.000102    4.869036 v _2654_/A2 (sky130_fd_sc_hd__a22oi_2)
     2    0.006400    0.159864    0.216104    5.085140 ^ _2654_/Y (sky130_fd_sc_hd__a22oi_2)
                                                         _0309_ (net)
                      0.159864    0.000004    5.085143 ^ _2656_/B1 (sky130_fd_sc_hd__o2111ai_2)
     2    0.005291    0.103296    0.145154    5.230297 v _2656_/Y (sky130_fd_sc_hd__o2111ai_2)
                                                         _0311_ (net)
                      0.103296    0.000030    5.230327 v _2673_/A (sky130_fd_sc_hd__or4_2)
     1    0.002987    0.100028    0.670090    5.900417 v _2673_/X (sky130_fd_sc_hd__or4_2)
                                                         _0328_ (net)
                      0.100028    0.000012    5.900429 v _2678_/A2 (sky130_fd_sc_hd__o21a_2)
     4    0.016683    0.065052    0.250942    6.151371 v _2678_/X (sky130_fd_sc_hd__o21a_2)
                                                         _0333_ (net)
                      0.065052    0.000025    6.151396 v _2680_/A2 (sky130_fd_sc_hd__o21ai_2)
    30    0.112833    1.203777    0.921388    7.072784 ^ _2680_/Y (sky130_fd_sc_hd__o21ai_2)
                                                         _0335_ (net)
                      1.203780    0.001457    7.074241 ^ _2763_/S (sky130_fd_sc_hd__mux2_1)
     1    0.001944    0.052252    0.378876    7.453117 v _2763_/X (sky130_fd_sc_hd__mux2_1)
                                                         _0411_ (net)
                      0.052252    0.000002    7.453119 v _2764_/A1 (sky130_fd_sc_hd__mux2_1)
     3    0.021653    0.144795    0.392252    7.845372 v _2764_/X (sky130_fd_sc_hd__mux2_1)
                                                         _0412_ (net)
                      0.144795    0.000508    7.845880 v _2765_/B (sky130_fd_sc_hd__xnor2_2)
     3    0.014653    0.093387    0.200282    8.046162 v _2765_/Y (sky130_fd_sc_hd__xnor2_2)
                                                         _0413_ (net)
                      0.093387    0.000025    8.046186 v _2777_/B (sky130_fd_sc_hd__or2_2)
     1    0.002748    0.054572    0.284008    8.330194 v _2777_/X (sky130_fd_sc_hd__or2_2)
                                                         _0424_ (net)
                      0.054572    0.000007    8.330202 v _2779_/C1 (sky130_fd_sc_hd__a2111o_2)
     3    0.011172    0.087312    0.436430    8.766632 v _2779_/X (sky130_fd_sc_hd__a2111o_2)
                                                         _0426_ (net)
                      0.087312    0.000094    8.766726 v _2833_/A1 (sky130_fd_sc_hd__a211o_2)
     2    0.005278    0.054412    0.313366    9.080092 v _2833_/X (sky130_fd_sc_hd__a211o_2)
                                                         _0476_ (net)
                      0.054412    0.000036    9.080129 v _2859_/A1 (sky130_fd_sc_hd__a211o_2)
     2    0.004806    0.053561    0.298768    9.378897 v _2859_/X (sky130_fd_sc_hd__a211o_2)
                                                         _0500_ (net)
                      0.053561    0.000020    9.378917 v _2862_/A2 (sky130_fd_sc_hd__a31o_2)
     2    0.006892    0.046497    0.242848    9.621765 v _2862_/X (sky130_fd_sc_hd__a31o_2)
                                                         _0503_ (net)
                      0.046497    0.000016    9.621781 v _2871_/B (sky130_fd_sc_hd__and3_2)
     1    0.003071    0.037979    0.189101    9.810883 v _2871_/X (sky130_fd_sc_hd__and3_2)
                                                         _0511_ (net)
                      0.037979    0.000012    9.810895 v _2873_/A2 (sky130_fd_sc_hd__o31a_2)
     1    0.002266    0.049113    0.307929   10.118823 v _2873_/X (sky130_fd_sc_hd__o31a_2)
                                                         _0044_ (net)
                      0.049113    0.000004   10.118827 v _4124_/D (sky130_fd_sc_hd__dfrtp_2)
                                             10.118827   data arrival time

                                 50.000000   50.000000   clock core_clock (rise edge)
                                  0.000000   50.000000   clock source latency
   117    0.327074    0.000000    0.000000   50.000000 ^ clk (in)
                                                         clk (net)
                      0.019190    0.009596   50.009594 ^ _4124_/CLK (sky130_fd_sc_hd__dfrtp_2)
                                  0.000000   50.009594   clock reconvergence pessimism
                                 -0.123272   49.886322   library setup time
                                             49.886322   data required time
---------------------------------------------------------------------------------------------
                                             49.886322   data required time
                                            -10.118827   data arrival time
---------------------------------------------------------------------------------------------
                                             39.767494   slack (MET)




===========================================================================
report_checks --slack_max -0.01
============================================================================
======================= nom_tt_025C_1v80 Corner ===================================

No paths found.


===========================================================================
 report_check_types -max_slew -max_cap -max_fanout -violators
============================================================================
======================= nom_tt_025C_1v80 Corner ===================================

max slew

Pin                                        Limit        Slew       Slack
------------------------------------------------------------------------
_2682_/S                                1.500000    1.688149   -0.188149 (VIOLATED)
_2689_/A                                1.500000    1.688148   -0.188149 (VIOLATED)
_3285_/A                                1.500000    1.688148   -0.188148 (VIOLATED)
_3465_/A                                1.500000    1.688148   -0.188149 (VIOLATED)
_3842_/A                                1.500000    1.688148   -0.188148 (VIOLATED)
_3856_/A1                               1.500000    1.688147   -0.188147 (VIOLATED)
_3857_/A1                               1.500000    1.688147   -0.188147 (VIOLATED)
_3295_/A                                1.500000    1.688146   -0.188146 (VIOLATED)
_3854_/A                                1.500000    1.688146   -0.188146 (VIOLATED)
_3307_/A                                1.500000    1.688143   -0.188143 (VIOLATED)
_3863_/A                                1.500000    1.688142   -0.188142 (VIOLATED)
_3329_/A                                1.500000    1.688136   -0.188137 (VIOLATED)
_3874_/A                                1.500000    1.688136   -0.188136 (VIOLATED)
_3876_/A1                               1.500000    1.688135   -0.188135 (VIOLATED)
_3877_/A1                               1.500000    1.688135   -0.188135 (VIOLATED)
_3886_/A                                1.500000    1.688131   -0.188131 (VIOLATED)
_3899_/A                                1.500000    1.688124   -0.188124 (VIOLATED)
_3901_/A1                               1.500000    1.688122   -0.188122 (VIOLATED)
_3902_/A1                               1.500000    1.688120   -0.188120 (VIOLATED)
_3914_/A1_N                             1.500000    1.688112   -0.188112 (VIOLATED)
_3913_/B1                               1.500000    1.688109   -0.188109 (VIOLATED)
_3843_/B1                               1.500000    1.688105   -0.188105 (VIOLATED)
_3887_/B1                               1.500000    1.688105   -0.188105 (VIOLATED)
_3987_/S                                1.500000    1.688093   -0.188093 (VIOLATED)
_2713_/A                                1.500000    1.688086   -0.188086 (VIOLATED)
_3923_/A                                1.500000    1.688086   -0.188086 (VIOLATED)
_2699_/A                                1.500000    1.688086   -0.188086 (VIOLATED)
_2787_/A                                1.500000    1.688084   -0.188084 (VIOLATED)
_2738_/A                                1.500000    1.688084   -0.188084 (VIOLATED)
_2813_/A                                1.500000    1.688083   -0.188083 (VIOLATED)
_3415_/A                                1.500000    1.688083   -0.188083 (VIOLATED)
_2853_/A                                1.500000    1.688081   -0.188081 (VIOLATED)
_2691_/C1                               1.500000    1.688076   -0.188076 (VIOLATED)
_2702_/A1                               1.500000    1.688074   -0.188074 (VIOLATED)
_2716_/A1                               1.500000    1.688074   -0.188074 (VIOLATED)
_2728_/B1                               1.500000    1.688073   -0.188073 (VIOLATED)
_2729_/A1                               1.500000    1.688073   -0.188073 (VIOLATED)
_2741_/A1                               1.500000    1.688072   -0.188072 (VIOLATED)
_3939_/B1                               1.500000    1.688071   -0.188071 (VIOLATED)
_2749_/B1                               1.500000    1.688070   -0.188070 (VIOLATED)
_2750_/A1                               1.500000    1.688070   -0.188070 (VIOLATED)
_3940_/A1_N                             1.500000    1.688068   -0.188068 (VIOLATED)
_4012_/A1                               1.500000    1.688067   -0.188067 (VIOLATED)
_3962_/S                                1.500000    1.688064   -0.188064 (VIOLATED)
_3999_/A1                               1.500000    1.688061   -0.188061 (VIOLATED)
_3950_/S                                1.500000    1.688057   -0.188057 (VIOLATED)
_3970_/S                                1.500000    1.688057   -0.188057 (VIOLATED)
_2764_/S                                1.500000    1.688046   -0.188046 (VIOLATED)
_2773_/A1                               1.500000    1.688038   -0.188038 (VIOLATED)
_2798_/S                                1.500000    1.688038   -0.188038 (VIOLATED)
_2790_/A1                               1.500000    1.688030   -0.188030 (VIOLATED)
_2816_/A1                               1.500000    1.688017   -0.188017 (VIOLATED)
_2843_/A1                               1.500000    1.687985   -0.187985 (VIOLATED)
_2828_/A1                               1.500000    1.687978   -0.187978 (VIOLATED)
_3277_/B1                               1.500000    1.687976   -0.187976 (VIOLATED)
_3278_/A1                               1.500000    1.687976   -0.187976 (VIOLATED)
_3287_/C1                               1.500000    1.687975   -0.187975 (VIOLATED)
_3298_/A                                1.500000    1.687974   -0.187974 (VIOLATED)
_3299_/A1                               1.500000    1.687974   -0.187974 (VIOLATED)
_3309_/C1                               1.500000    1.687974   -0.187974 (VIOLATED)
_3321_/A1                               1.500000    1.687972   -0.187972 (VIOLATED)
_3343_/S                                1.500000    1.687968   -0.187968 (VIOLATED)
_2855_/A1                               1.500000    1.687965   -0.187965 (VIOLATED)
_2869_/S                                1.500000    1.687952   -0.187952 (VIOLATED)
_3357_/A1                               1.500000    1.687939   -0.187939 (VIOLATED)
_3369_/S                                1.500000    1.687939   -0.187939 (VIOLATED)
_3381_/S                                1.500000    1.687939   -0.187939 (VIOLATED)
_3393_/S                                1.500000    1.687939   -0.187939 (VIOLATED)
_3405_/B1                               1.500000    1.687939   -0.187939 (VIOLATED)
_3406_/A1_N                             1.500000    1.687939   -0.187939 (VIOLATED)
_3443_/C1                               1.500000    1.687938   -0.187938 (VIOLATED)
_3417_/C1                               1.500000    1.687937   -0.187937 (VIOLATED)
_3432_/A1                               1.500000    1.687937   -0.187937 (VIOLATED)
_3441_/A                                1.500000    1.687934   -0.187934 (VIOLATED)
_2040_/A                                1.500000    1.687931   -0.187931 (VIOLATED)
_2094_/A                                1.500000    1.687931   -0.187931 (VIOLATED)
_2174_/A1                               1.500000    1.687931   -0.187931 (VIOLATED)
_2176_/B1                               1.500000    1.687931   -0.187931 (VIOLATED)
_2192_/B1                               1.500000    1.687931   -0.187931 (VIOLATED)
_2207_/B1                               1.500000    1.687931   -0.187931 (VIOLATED)
_2223_/B1                               1.500000    1.687931   -0.187931 (VIOLATED)
_2237_/B1                               1.500000    1.687931   -0.187931 (VIOLATED)
_2269_/B1                               1.500000    1.687931   -0.187931 (VIOLATED)
_2283_/A1                               1.500000    1.687931   -0.187931 (VIOLATED)
_2284_/S                                1.500000    1.687931   -0.187931 (VIOLATED)
_2289_/A                                1.500000    1.687931   -0.187931 (VIOLATED)
_2292_/A1                               1.500000    1.687931   -0.187931 (VIOLATED)
_2293_/A                                1.500000    1.687931   -0.187931 (VIOLATED)
_2304_/A1                               1.500000    1.687931   -0.187931 (VIOLATED)
_4082_/Q                                1.504316    1.687931   -0.183615 (VIOLATED)

max capacitance

Pin                                        Limit         Cap       Slack
------------------------------------------------------------------------
_4082_/Q                                0.322276    0.364268   -0.041992 (VIOLATED)



===========================================================================
report_parasitic_annotation -report_unannotated
============================================================================
Found 0 unannotated drivers.
Found 0 partially unannotated drivers.

===========================================================================
max slew violation count 90
Writing metric design__max_slew_violation__count__corner:nom_tt_025C_1v80: 90
max fanout violation count 0
Writing metric design__max_fanout_violation__count__corner:nom_tt_025C_1v80: 0
max cap violation count 1
Writing metric design__max_cap_violation__count__corner:nom_tt_025C_1v80: 1
============================================================================

===========================================================================
check_setup -verbose -unconstrained_endpoints -multiple_clock -no_clock -no_input_delay -loops -generated_clocks
===========================================================================
Warning: There are 344 input ports missing set_input_delay.
  length[0]
  length[1]
  length[2]
  logA_0[0]
  logA_0[10]
  logA_0[11]
  logA_0[12]
  logA_0[13]
  logA_0[14]
  logA_0[15]
  logA_0[1]
  logA_0[2]
  logA_0[3]
  logA_0[4]
  logA_0[5]
  logA_0[6]
  logA_0[7]
  logA_0[8]
  logA_0[9]
  logA_1[0]
  logA_1[10]
  logA_1[11]
  logA_1[12]
  logA_1[13]
  logA_1[14]
  logA_1[15]
  logA_1[1]
  logA_1[2]
  logA_1[3]
  logA_1[4]
  logA_1[5]
  logA_1[6]
  logA_1[7]
  logA_1[8]
  logA_1[9]
  logA_2[0]
  logA_2[10]
  logA_2[11]
  logA_2[12]
  logA_2[13]
  logA_2[14]
  logA_2[15]
  logA_2[1]
  logA_2[2]
  logA_2[3]
  logA_2[4]
  logA_2[5]
  logA_2[6]
  logA_2[7]
  logA_2[8]
  logA_2[9]
  logA_3[0]
  logA_3[10]
  logA_3[11]
  logA_3[12]
  logA_3[13]
  logA_3[14]
  logA_3[15]
  logA_3[1]
  logA_3[2]
  logA_3[3]
  logA_3[4]
  logA_3[5]
  logA_3[6]
  logA_3[7]
  logA_3[8]
  logA_3[9]
  logA_4[0]
  logA_4[10]
  logA_4[11]
  logA_4[12]
  logA_4[13]
  logA_4[14]
  logA_4[15]
  logA_4[1]
  logA_4[2]
  logA_4[3]
  logA_4[4]
  logA_4[5]
  logA_4[6]
  logA_4[7]
  logA_4[8]
  logA_4[9]
  logA_5[0]
  logA_5[10]
  logA_5[11]
  logA_5[12]
  logA_5[13]
  logA_5[14]
  logA_5[15]
  logA_5[1]
  logA_5[2]
  logA_5[3]
  logA_5[4]
  logA_5[5]
  logA_5[6]
  logA_5[7]
  logA_5[8]
  logA_5[9]
  logA_6[0]
  logA_6[10]
  logA_6[11]
  logA_6[12]
  logA_6[13]
  logA_6[14]
  logA_6[15]
  logA_6[1]
  logA_6[2]
  logA_6[3]
  logA_6[4]
  logA_6[5]
  logA_6[6]
  logA_6[7]
  logA_6[8]
  logA_6[9]
  logA_7[0]
  logA_7[10]
  logA_7[11]
  logA_7[12]
  logA_7[13]
  logA_7[14]
  logA_7[15]
  logA_7[1]
  logA_7[2]
  logA_7[3]
  logA_7[4]
  logA_7[5]
  logA_7[6]
  logA_7[7]
  logA_7[8]
  logA_7[9]
  logA_8[0]
  logA_8[10]
  logA_8[11]
  logA_8[12]
  logA_8[13]
  logA_8[14]
  logA_8[15]
  logA_8[1]
  logA_8[2]
  logA_8[3]
  logA_8[4]
  logA_8[5]
  logA_8[6]
  logA_8[7]
  logA_8[8]
  logA_8[9]
  logB_0[0]
  logB_0[10]
  logB_0[11]
  logB_0[12]
  logB_0[13]
  logB_0[14]
  logB_0[15]
  logB_0[1]
  logB_0[2]
  logB_0[3]
  logB_0[4]
  logB_0[5]
  logB_0[6]
  logB_0[7]
  logB_0[8]
  logB_0[9]
  logB_1[0]
  logB_1[10]
  logB_1[11]
  logB_1[12]
  logB_1[13]
  logB_1[14]
  logB_1[15]
  logB_1[1]
  logB_1[2]
  logB_1[3]
  logB_1[4]
  logB_1[5]
  logB_1[6]
  logB_1[7]
  logB_1[8]
  logB_1[9]
  logB_2[0]
  logB_2[10]
  logB_2[11]
  logB_2[12]
  logB_2[13]
  logB_2[14]
  logB_2[15]
  logB_2[1]
  logB_2[2]
  logB_2[3]
  logB_2[4]
  logB_2[5]
  logB_2[6]
  logB_2[7]
  logB_2[8]
  logB_2[9]
  logB_3[0]
  logB_3[10]
  logB_3[11]
  logB_3[12]
  logB_3[13]
  logB_3[14]
  logB_3[15]
  logB_3[1]
  logB_3[2]
  logB_3[3]
  logB_3[4]
  logB_3[5]
  logB_3[6]
  logB_3[7]
  logB_3[8]
  logB_3[9]
  logB_4[0]
  logB_4[10]
  logB_4[11]
  logB_4[12]
  logB_4[13]
  logB_4[14]
  logB_4[15]
  logB_4[1]
  logB_4[2]
  logB_4[3]
  logB_4[4]
  logB_4[5]
  logB_4[6]
  logB_4[7]
  logB_4[8]
  logB_4[9]
  logB_5[0]
  logB_5[10]
  logB_5[11]
  logB_5[12]
  logB_5[13]
  logB_5[14]
  logB_5[15]
  logB_5[1]
  logB_5[2]
  logB_5[3]
  logB_5[4]
  logB_5[5]
  logB_5[6]
  logB_5[7]
  logB_5[8]
  logB_5[9]
  logB_6[0]
  logB_6[10]
  logB_6[11]
  logB_6[12]
  logB_6[13]
  logB_6[14]
  logB_6[15]
  logB_6[1]
  logB_6[2]
  logB_6[3]
  logB_6[4]
  logB_6[5]
  logB_6[6]
  logB_6[7]
  logB_6[8]
  logB_6[9]
  logB_7[0]
  logB_7[10]
  logB_7[11]
  logB_7[12]
  logB_7[13]
  logB_7[14]
  logB_7[15]
  logB_7[1]
  logB_7[2]
  logB_7[3]
  logB_7[4]
  logB_7[5]
  logB_7[6]
  logB_7[7]
  logB_7[8]
  logB_7[9]
  logB_8[0]
  logB_8[10]
  logB_8[11]
  logB_8[12]
  logB_8[13]
  logB_8[14]
  logB_8[15]
  logB_8[1]
  logB_8[2]
  logB_8[3]
  logB_8[4]
  logB_8[5]
  logB_8[6]
  logB_8[7]
  logB_8[8]
  logB_8[9]
  logC_0[0]
  logC_0[10]
  logC_0[11]
  logC_0[12]
  logC_0[13]
  logC_0[14]
  logC_0[15]
  logC_0[1]
  logC_0[2]
  logC_0[3]
  logC_0[4]
  logC_0[5]
  logC_0[6]
  logC_0[7]
  logC_0[8]
  logC_0[9]
  logC_1[0]
  logC_1[10]
  logC_1[11]
  logC_1[12]
  logC_1[13]
  logC_1[14]
  logC_1[15]
  logC_1[1]
  logC_1[2]
  logC_1[3]
  logC_1[4]
  logC_1[5]
  logC_1[6]
  logC_1[7]
  logC_1[8]
  logC_1[9]
  logC_2[0]
  logC_2[10]
  logC_2[11]
  logC_2[12]
  logC_2[13]
  logC_2[14]
  logC_2[15]
  logC_2[1]
  logC_2[2]
  logC_2[3]
  logC_2[4]
  logC_2[5]
  logC_2[6]
  logC_2[7]
  logC_2[8]
  logC_2[9]
  obs_in[0]
  obs_in[1]
  obs_valid
  rst_n
  start
Warning: There are 17 unconstrained endpoints.
  done
  path_0[0]
  path_0[1]
  path_1[0]
  path_1[1]
  path_2[0]
  path_2[1]
  path_3[0]
  path_3[1]
  path_4[0]
  path_4[1]
  path_5[0]
  path_5[1]
  path_6[0]
  path_6[1]
  path_7[0]
  path_7[1]
