140. Printing statistics.

=== viterbi_top ===

   Number of wires:               2745
   Number of wire bits:           3248
   Number of public wires:          63
   Number of public wire bits:     462
   Number of ports:                 36
   Number of port bits:            362
   Number of memories:               0
   Number of memory bits:            0
   Number of processes:              0
   Number of cells:               2855
     $_ANDNOT_                    1054
     $_AND_                         35
     $_DFFE_PN0P_                  113
     $_DFF_PN0_                      3
     $_DFF_PN1_                      1
     $_MUX_                        212
     $_NAND_                       166
     $_NOR_                        181
     $_NOT_                        209
     $_ORNOT_                      182
     $_OR_                         171
     $_XNOR_                       228
     $_XOR_                        300

   Area for cell type $_NOT_ is unknown!
   Area for cell type $_AND_ is unknown!
   Area for cell type $_NAND_ is unknown!
   Area for cell type $_OR_ is unknown!
   Area for cell type $_NOR_ is unknown!
   Area for cell type $_XOR_ is unknown!
   Area for cell type $_XNOR_ is unknown!
   Area for cell type $_ANDNOT_ is unknown!
   Area for cell type $_ORNOT_ is unknown!
   Area for cell type $_MUX_ is unknown!
   Area for cell type $_DFF_PN0_ is unknown!
   Area for cell type $_DFF_PN1_ is unknown!
   Area for cell type $_DFFE_PN0P_ is unknown!

